Clock: clk
Sources: clk 
Generated: no
Virtual: yes
Propagated: no
Period: 50.000000

===========================================================================
report_clock_properties
============================================================================
Clock                   Period          Waveform
----------------------------------------------------
clk                  50.000000    0.000000 25.000000

===========================================================================
report_clock_latency
============================================================================
Clock clk
rise -> rise
    min     max
0.000000 0.000000 source latency
0.302705         network latency _2776_/CLK
        0.305288 network latency _2763_/CLK
---------------
0.302705 0.305288 latency
        0.002583 skew

fall -> fall
    min     max
0.000000 0.000000 source latency
0.300291         network latency _2776_/CLK
        0.302393 network latency _2763_/CLK
---------------
0.300291 0.302393 latency
        0.002101 skew



===========================================================================
report_clock_min_period
============================================================================
clk period_min = 3.18 fmax = 314.09
