[WARNING ORD-0039] .openroad ignored with -python
Unannotated report:
['report_parasitic_annotation -report_unannotated\n',
 '============================================================================\n',
 'Found 22 unannotated drivers.\n',
 ' ui_in[4]\n',
 ' ui_in[5]\n',
 ' ui_in[6]\n',
 ' ui_in[7]\n',
 ' uio_in[0]\n',
 ' clkload0/X\n',
 ' tt_um_connerdaehler_boop_49/HI\n',
 ' tt_um_connerdaehler_boop_50/HI\n',
 ' tt_um_connerdaehler_boop_51/HI\n',
 ' tt_um_connerdaehler_boop_52/HI\n',
 ' tt_um_connerdaehler_boop_53/HI\n',
 ' tt_um_connerdaehler_boop_54/HI\n',
 ' tt_um_connerdaehler_boop_55/HI\n',
 ' tt_um_connerdaehler_boop_56/HI\n',
 ' tt_um_connerdaehler_boop_57/HI\n',
 ' tt_um_connerdaehler_boop_58/HI\n',
 ' tt_um_connerdaehler_boop_59/HI\n',
 ' tt_um_connerdaehler_boop_60/HI\n',
 ' tt_um_connerdaehler_boop_61/HI\n',
 ' tt_um_connerdaehler_boop_62/HI\n',
 ' tt_um_connerdaehler_boop_63/HI\n',
 ' tt_um_connerdaehler_boop_64/HI\n',
 'Found 0 partially unannotated drivers.\n',
 '\n']
Reported nets:
['ui_in[4]',
 'ui_in[5]',
 'ui_in[6]',
 'ui_in[7]',
 'uio_in[0]',
 'clkload0/X',
 'tt_um_connerdaehler_boop_49/HI',
 'tt_um_connerdaehler_boop_50/HI',
 'tt_um_connerdaehler_boop_51/HI',
 'tt_um_connerdaehler_boop_52/HI',
 'tt_um_connerdaehler_boop_53/HI',
 'tt_um_connerdaehler_boop_54/HI',
 'tt_um_connerdaehler_boop_55/HI',
 'tt_um_connerdaehler_boop_56/HI',
 'tt_um_connerdaehler_boop_57/HI',
 'tt_um_connerdaehler_boop_58/HI',
 'tt_um_connerdaehler_boop_59/HI',
 'tt_um_connerdaehler_boop_60/HI',
 'tt_um_connerdaehler_boop_61/HI',
 'tt_um_connerdaehler_boop_62/HI',
 'tt_um_connerdaehler_boop_63/HI',
 'tt_um_connerdaehler_boop_64/HI']
Filtered nets:
[]
done
