[WARNING ORD-0039] .openroad ignored with -python
                                Cells by Master                                 
┏━━━━━━━━━━━━━━━━━━━━━━━━━━━━━━━━━━━━━━━━━━━━━━━━━━━━━━━━━━━━━━━━┳━━━━━━━━━━━━━┓
┃ Cell                                                           ┃ Count       ┃
┡━━━━━━━━━━━━━━━━━━━━━━━━━━━━━━━━━━━━━━━━━━━━━━━━━━━━━━━━━━━━━━━━╇━━━━━━━━━━━━━┩
│ sky130_fd_sc_hd__a2111o_1                                      │ 1           │
│ sky130_fd_sc_hd__a211o_1                                       │ 8           │
│ sky130_fd_sc_hd__a211oi_1                                      │ 9           │
│ sky130_fd_sc_hd__a211oi_2                                      │ 5           │
│ sky130_fd_sc_hd__a21bo_1                                       │ 18          │
│ sky130_fd_sc_hd__a21bo_2                                       │ 3           │
│ sky130_fd_sc_hd__a21boi_1                                      │ 5           │
│ sky130_fd_sc_hd__a21boi_2                                      │ 1           │
│ sky130_fd_sc_hd__a21o_1                                        │ 54          │
│ sky130_fd_sc_hd__a21o_2                                        │ 2           │
│ sky130_fd_sc_hd__a21oi_1                                       │ 55          │
│ sky130_fd_sc_hd__a21oi_2                                       │ 7           │
│ sky130_fd_sc_hd__a21oi_4                                       │ 2           │
│ sky130_fd_sc_hd__a221o_1                                       │ 1           │
│ sky130_fd_sc_hd__a22o_1                                        │ 6           │
│ sky130_fd_sc_hd__a22oi_4                                       │ 1           │
│ sky130_fd_sc_hd__a2bb2o_1                                      │ 4           │
│ sky130_fd_sc_hd__a311oi_1                                      │ 1           │
│ sky130_fd_sc_hd__a31o_1                                        │ 14          │
│ sky130_fd_sc_hd__a31o_2                                        │ 1           │
│ sky130_fd_sc_hd__a31oi_1                                       │ 1           │
│ sky130_fd_sc_hd__a31oi_2                                       │ 2           │
│ sky130_fd_sc_hd__a32o_1                                        │ 2           │
│ sky130_fd_sc_hd__and2_1                                        │ 67          │
│ sky130_fd_sc_hd__and2_2                                        │ 3           │
│ sky130_fd_sc_hd__and2b_1                                       │ 50          │
│ sky130_fd_sc_hd__and2b_4                                       │ 2           │
│ sky130_fd_sc_hd__and3_1                                        │ 39          │
│ sky130_fd_sc_hd__and3_2                                        │ 3           │
│ sky130_fd_sc_hd__and3_4                                        │ 1           │
│ sky130_fd_sc_hd__and3b_1                                       │ 2           │
│ sky130_fd_sc_hd__and3b_2                                       │ 3           │
│ sky130_fd_sc_hd__and4_1                                        │ 1           │
│ sky130_fd_sc_hd__and4b_2                                       │ 1           │
│ sky130_fd_sc_hd__and4b_4                                       │ 1           │
│ sky130_fd_sc_hd__and4bb_2                                      │ 1           │
│ sky130_fd_sc_hd__buf_1                                         │ 7           │
│ sky130_fd_sc_hd__buf_12                                        │ 1           │
│ sky130_fd_sc_hd__buf_2                                         │ 19          │
│ sky130_fd_sc_hd__buf_4                                         │ 2           │
│ sky130_fd_sc_hd__clkbuf_1                                      │ 7           │
│ sky130_fd_sc_hd__clkbuf_16                                     │ 3           │
│ sky130_fd_sc_hd__clkbuf_2                                      │ 5           │
│ sky130_fd_sc_hd__clkbuf_4                                      │ 4           │
│ sky130_fd_sc_hd__clkbuf_8                                      │ 1           │
│ sky130_fd_sc_hd__conb_1                                        │ 16          │
│ sky130_fd_sc_hd__decap_3                                       │ 3896        │
│ sky130_fd_sc_hd__dfrtp_1                                       │ 5           │
│ sky130_fd_sc_hd__dfrtp_2                                       │ 3           │
│ sky130_fd_sc_hd__dfrtp_4                                       │ 8           │
│ sky130_fd_sc_hd__dlygate4sd3_1                                 │ 1           │
│ sky130_fd_sc_hd__dlymetal6s2s_1                                │ 3           │
│ sky130_fd_sc_hd__fill_1                                        │ 455         │
│ sky130_fd_sc_hd__fill_2                                        │ 349         │
│ sky130_fd_sc_hd__inv_2                                         │ 32          │
│ sky130_fd_sc_hd__mux2_1                                        │ 12          │
│ sky130_fd_sc_hd__nand2_1                                       │ 105         │
│ sky130_fd_sc_hd__nand2_2                                       │ 6           │
│ sky130_fd_sc_hd__nand2_4                                       │ 2           │
│ sky130_fd_sc_hd__nand2b_1                                      │ 44          │
│ sky130_fd_sc_hd__nand2b_2                                      │ 1           │
│ sky130_fd_sc_hd__nand3_1                                       │ 12          │
│ sky130_fd_sc_hd__nand3_2                                       │ 1           │
│ sky130_fd_sc_hd__nand3b_1                                      │ 1           │
│ sky130_fd_sc_hd__nand4_1                                       │ 1           │
│ sky130_fd_sc_hd__nor2_1                                        │ 146         │
│ sky130_fd_sc_hd__nor2_2                                        │ 5           │
│ sky130_fd_sc_hd__nor3_1                                        │ 28          │
│ sky130_fd_sc_hd__nor3_2                                        │ 1           │
│ sky130_fd_sc_hd__o2111a_1                                      │ 2           │
│ sky130_fd_sc_hd__o211a_1                                       │ 22          │
│ sky130_fd_sc_hd__o211ai_1                                      │ 2           │
│ sky130_fd_sc_hd__o211ai_2                                      │ 1           │
│ sky130_fd_sc_hd__o21a_1                                        │ 40          │
│ sky130_fd_sc_hd__o21a_2                                        │ 2           │
│ sky130_fd_sc_hd__o21ai_1                                       │ 35          │
│ sky130_fd_sc_hd__o21ai_2                                       │ 8           │
│ sky130_fd_sc_hd__o21ai_4                                       │ 2           │
│ sky130_fd_sc_hd__o21ba_1                                       │ 11          │
│ sky130_fd_sc_hd__o21bai_1                                      │ 5           │
│ sky130_fd_sc_hd__o21bai_2                                      │ 4           │
│ sky130_fd_sc_hd__o221a_1                                       │ 1           │
│ sky130_fd_sc_hd__o22a_1                                        │ 7           │
│ sky130_fd_sc_hd__o2bb2a_1                                      │ 4           │
│ sky130_fd_sc_hd__o2bb2a_2                                      │ 1           │
│ sky130_fd_sc_hd__o2bb2ai_1                                     │ 1           │
│ sky130_fd_sc_hd__o311a_1                                       │ 3           │
│ sky130_fd_sc_hd__o311a_2                                       │ 1           │
│ sky130_fd_sc_hd__o311ai_4                                      │ 1           │
│ sky130_fd_sc_hd__o31a_1                                        │ 5           │
│ sky130_fd_sc_hd__o31a_2                                        │ 5           │
│ sky130_fd_sc_hd__o31ai_2                                       │ 3           │
│ sky130_fd_sc_hd__o32a_1                                        │ 3           │
│ sky130_fd_sc_hd__o32ai_2                                       │ 1           │
│ sky130_fd_sc_hd__or2_1                                         │ 85          │
│ sky130_fd_sc_hd__or2_2                                         │ 7           │
│ sky130_fd_sc_hd__or3_1                                         │ 32          │
│ sky130_fd_sc_hd__or3_2                                         │ 3           │
│ sky130_fd_sc_hd__or3_4                                         │ 1           │
│ sky130_fd_sc_hd__or3b_1                                        │ 9           │
│ sky130_fd_sc_hd__or4_1                                         │ 2           │
│ sky130_fd_sc_hd__or4_2                                         │ 2           │
│ sky130_fd_sc_hd__or4b_4                                        │ 1           │
│ sky130_fd_sc_hd__or4bb_1                                       │ 1           │
│ sky130_fd_sc_hd__tapvpwrvgnd_1                                 │ 378         │
│ sky130_fd_sc_hd__xnor2_1                                       │ 167         │
│ sky130_fd_sc_hd__xnor2_2                                       │ 28          │
│ sky130_fd_sc_hd__xnor2_4                                       │ 18          │
│ sky130_fd_sc_hd__xor2_1                                        │ 65          │
│ sky130_fd_sc_hd__xor2_2                                        │ 12          │
│ sky130_fd_sc_hd__xor2_4                                        │ 8           │
└────────────────────────────────────────────────────────────────┴─────────────┘
                               Cells by Function                                
┏━━━━━━━━━━━━━━━━━━━━━━━━━━━━━━━━━━━━━━━━━━━━━━━━━━━━━━━━━━━━━━━┳━━━━━━━━━━━━━━┓
┃ Cell Function                                                 ┃ Count        ┃
┡━━━━━━━━━━━━━━━━━━━━━━━━━━━━━━━━━━━━━━━━━━━━━━━━━━━━━━━━━━━━━━━╇━━━━━━━━━━━━━━┩
│ sky130_fd_sc_hd__a2111o                                       │ 1            │
│ sky130_fd_sc_hd__a211o                                        │ 8            │
│ sky130_fd_sc_hd__a211oi                                       │ 14           │
│ sky130_fd_sc_hd__a21bo                                        │ 21           │
│ sky130_fd_sc_hd__a21boi                                       │ 6            │
│ sky130_fd_sc_hd__a21o                                         │ 56           │
│ sky130_fd_sc_hd__a21oi                                        │ 64           │
│ sky130_fd_sc_hd__a221o                                        │ 1            │
│ sky130_fd_sc_hd__a22o                                         │ 6            │
│ sky130_fd_sc_hd__a22oi                                        │ 1            │
│ sky130_fd_sc_hd__a2bb2o                                       │ 4            │
│ sky130_fd_sc_hd__a311oi                                       │ 1            │
│ sky130_fd_sc_hd__a31o                                         │ 15           │
│ sky130_fd_sc_hd__a31oi                                        │ 3            │
│ sky130_fd_sc_hd__a32o                                         │ 2            │
│ sky130_fd_sc_hd__and2                                         │ 70           │
│ sky130_fd_sc_hd__and2b                                        │ 52           │
│ sky130_fd_sc_hd__and3                                         │ 43           │
│ sky130_fd_sc_hd__and3b                                        │ 5            │
│ sky130_fd_sc_hd__and4                                         │ 1            │
│ sky130_fd_sc_hd__and4b                                        │ 2            │
│ sky130_fd_sc_hd__and4bb                                       │ 1            │
│ sky130_fd_sc_hd__buf                                          │ 29           │
│ sky130_fd_sc_hd__clkbuf                                       │ 20           │
│ sky130_fd_sc_hd__conb                                         │ 16           │
│ sky130_fd_sc_hd__decap                                        │ 3896         │
│ sky130_fd_sc_hd__dfrtp                                        │ 16           │
│ sky130_fd_sc_hd__dlygate4sd3                                  │ 1            │
│ sky130_fd_sc_hd__dlymetal6s2s                                 │ 3            │
│ sky130_fd_sc_hd__fill                                         │ 804          │
│ sky130_fd_sc_hd__inv                                          │ 32           │
│ sky130_fd_sc_hd__mux2                                         │ 12           │
│ sky130_fd_sc_hd__nand2                                        │ 113          │
│ sky130_fd_sc_hd__nand2b                                       │ 45           │
│ sky130_fd_sc_hd__nand3                                        │ 13           │
│ sky130_fd_sc_hd__nand3b                                       │ 1            │
│ sky130_fd_sc_hd__nand4                                        │ 1            │
│ sky130_fd_sc_hd__nor2                                         │ 151          │
│ sky130_fd_sc_hd__nor3                                         │ 29           │
│ sky130_fd_sc_hd__o2111a                                       │ 2            │
│ sky130_fd_sc_hd__o211a                                        │ 22           │
│ sky130_fd_sc_hd__o211ai                                       │ 3            │
│ sky130_fd_sc_hd__o21a                                         │ 42           │
│ sky130_fd_sc_hd__o21ai                                        │ 45           │
│ sky130_fd_sc_hd__o21ba                                        │ 11           │
│ sky130_fd_sc_hd__o21bai                                       │ 9            │
│ sky130_fd_sc_hd__o221a                                        │ 1            │
│ sky130_fd_sc_hd__o22a                                         │ 7            │
│ sky130_fd_sc_hd__o2bb2a                                       │ 5            │
│ sky130_fd_sc_hd__o2bb2ai                                      │ 1            │
│ sky130_fd_sc_hd__o311a                                        │ 4            │
│ sky130_fd_sc_hd__o311ai                                       │ 1            │
│ sky130_fd_sc_hd__o31a                                         │ 10           │
│ sky130_fd_sc_hd__o31ai                                        │ 3            │
│ sky130_fd_sc_hd__o32a                                         │ 3            │
│ sky130_fd_sc_hd__o32ai                                        │ 1            │
│ sky130_fd_sc_hd__or2                                          │ 92           │
│ sky130_fd_sc_hd__or3                                          │ 36           │
│ sky130_fd_sc_hd__or3b                                         │ 9            │
│ sky130_fd_sc_hd__or4                                          │ 4            │
│ sky130_fd_sc_hd__or4b                                         │ 1            │
│ sky130_fd_sc_hd__or4bb                                        │ 1            │
│ sky130_fd_sc_hd__tapvpwrvgnd                                  │ 378          │
│ sky130_fd_sc_hd__xnor2                                        │ 213          │
│ sky130_fd_sc_hd__xor2                                         │ 85           │
└───────────────────────────────────────────────────────────────┴──────────────┘
                                  Cells by SCL                                  
┏━━━━━━━━━━━━━━━━━━━━━━━━━━━━━━━━━━━━━━━━━━━━━━━━━━━━━━━┳━━━━━━━━━━━━━━━━━━━━━━┓
┃ SCL                                                   ┃ Count                ┃
┡━━━━━━━━━━━━━━━━━━━━━━━━━━━━━━━━━━━━━━━━━━━━━━━━━━━━━━━╇━━━━━━━━━━━━━━━━━━━━━━┩
│ sky130_fd_sc_hd                                       │ 6548                 │
└───────────────────────────────────────────────────────┴──────────────────────┘
                             Buffers by Cell Master                             
┏━━━━━━━━━━━━━━━━━━━━━━━━━━━━━━━━━━━━━━━━━━━━━━━━━━━━━━━━━━━━━━━━┳━━━━━━━━━━━━━┓
┃ Buffer                                                         ┃ Count       ┃
┡━━━━━━━━━━━━━━━━━━━━━━━━━━━━━━━━━━━━━━━━━━━━━━━━━━━━━━━━━━━━━━━━╇━━━━━━━━━━━━━┩
│ sky130_fd_sc_hd__buf_1                                         │ 7           │
│ sky130_fd_sc_hd__buf_12                                        │ 1           │
│ sky130_fd_sc_hd__buf_2                                         │ 19          │
│ sky130_fd_sc_hd__buf_4                                         │ 2           │
│ sky130_fd_sc_hd__clkbuf_1                                      │ 7           │
│ sky130_fd_sc_hd__clkbuf_16                                     │ 3           │
│ sky130_fd_sc_hd__clkbuf_2                                      │ 5           │
│ sky130_fd_sc_hd__clkbuf_4                                      │ 4           │
│ sky130_fd_sc_hd__clkbuf_8                                      │ 1           │
│ sky130_fd_sc_hd__dlygate4sd3_1                                 │ 1           │
│ sky130_fd_sc_hd__dlymetal6s2s_1                                │ 3           │
└────────────────────────────────────────────────────────────────┴─────────────┘
