
===========================================================================
report_checks -unconstrained
===========================================================================
======================= max_tt_025C_1v80 Corner ===================================

Startpoint: rst_n (input port clocked by clk)
Endpoint: _2770_ (recovery check against rising-edge clock clk)
Path Group: asynchronous
Path Type: max

Fanout         Cap        Slew       Delay        Time   Description
---------------------------------------------------------------------------------------------
                                  0.000000    0.000000   clock clk (rise edge)
                                  0.000000    0.000000   clock network delay (propagated)
                                 10.000000   10.000000 ^ input external delay
     1    0.002776    0.019628    0.010278   10.010278 ^ rst_n (in)
                                                         rst_n (net)
                      0.019629    0.000000   10.010278 ^ input2/A (sky130_fd_sc_hd__buf_1)
     2    0.016244    0.195743    0.177010   10.187287 ^ input2/X (sky130_fd_sc_hd__buf_1)
                                                         net2 (net)
                      0.195750    0.000981   10.188270 ^ fanout47/A (sky130_fd_sc_hd__clkbuf_4)
    10    0.060493    0.185858    0.289447   10.477715 ^ fanout47/X (sky130_fd_sc_hd__clkbuf_4)
                                                         net47 (net)
                      0.186285    0.007240   10.484956 ^ _2770_/RESET_B (sky130_fd_sc_hd__dfrtp_4)
                                             10.484956   data arrival time

                                 50.000000   50.000000   clock clk (rise edge)
                                  0.000000   50.000000   clock source latency
     1    0.017531    0.084487    0.058751   50.058750 ^ clk (in)
                                                         clk (net)
                      0.084545    0.000000   50.058750 ^ clkbuf_0_clk/A (sky130_fd_sc_hd__clkbuf_16)
     2    0.018475    0.040630    0.138080   50.196831 ^ clkbuf_0_clk/X (sky130_fd_sc_hd__clkbuf_16)
                                                         clknet_0_clk (net)
                      0.040647    0.001204   50.198032 ^ clkbuf_1_1__f_clk/A (sky130_fd_sc_hd__clkbuf_16)
     9    0.026611    0.048004    0.129447   50.327480 ^ clkbuf_1_1__f_clk/X (sky130_fd_sc_hd__clkbuf_16)
                                                         clknet_1_1__leaf_clk (net)
                      0.048130    0.002085   50.329567 ^ _2770_/CLK (sky130_fd_sc_hd__dfrtp_4)
                                 -0.250000   50.079563   clock uncertainty
                                  0.000000   50.079563   clock reconvergence pessimism
                                  0.172457   50.252022   library recovery time
                                             50.252022   data required time
---------------------------------------------------------------------------------------------
                                             50.252022   data required time
                                            -10.484956   data arrival time
---------------------------------------------------------------------------------------------
                                             39.767067   slack (MET)


Startpoint: ui_in[0] (input port clocked by clk)
Endpoint: uo_out[1] (output port clocked by clk)
Path Group: clk
Path Type: max

Fanout         Cap        Slew       Delay        Time   Description
---------------------------------------------------------------------------------------------
                                  0.000000    0.000000   clock clk (rise edge)
                                  0.000000    0.000000   clock network delay (propagated)
                                 10.000000   10.000000 ^ input external delay
     1    0.002676    0.019199    0.009925   10.009926 ^ ui_in[0] (in)
                                                         ui_in[0] (net)
                      0.019199    0.000000   10.009926 ^ input3/A (sky130_fd_sc_hd__buf_1)
     3    0.017317    0.207912    0.185488   10.195414 ^ input3/X (sky130_fd_sc_hd__buf_1)
                                                         net3 (net)
                      0.207920    0.001082   10.196495 ^ fanout46/A (sky130_fd_sc_hd__buf_2)
    10    0.042669    0.210060    0.276143   10.472638 ^ fanout46/X (sky130_fd_sc_hd__buf_2)
                                                         net46 (net)
                      0.210156    0.002102   10.474740 ^ _1387_/B (sky130_fd_sc_hd__nand2b_1)
     1    0.003861    0.059593    0.089421   10.564161 v _1387_/Y (sky130_fd_sc_hd__nand2b_1)
                                                         _0970_ (net)
                      0.059594    0.000242   10.564404 v fanout44/A (sky130_fd_sc_hd__buf_2)
     6    0.046491    0.113360    0.204862   10.769266 v fanout44/X (sky130_fd_sc_hd__buf_2)
                                                         net44 (net)
                      0.113434    0.001212   10.770478 v fanout41/A (sky130_fd_sc_hd__buf_4)
    10    0.069478    0.095669    0.229717   11.000195 v fanout41/X (sky130_fd_sc_hd__buf_4)
                                                         net41 (net)
                      0.095734    0.002114   11.002309 v _1401_/A2 (sky130_fd_sc_hd__o31a_2)
     2    0.018079    0.086504    0.388911   11.391220 v _1401_/X (sky130_fd_sc_hd__o31a_2)
                                                         _1124_ (net)
                      0.086524    0.001246   11.392466 v _1411_/A (sky130_fd_sc_hd__xor2_2)
     5    0.026385    0.341707    0.339011   11.731478 ^ _1411_/X (sky130_fd_sc_hd__xor2_2)
                                                         _1234_ (net)
                      0.341718    0.001576   11.733053 ^ fanout24/A (sky130_fd_sc_hd__buf_2)
    10    0.045407    0.223347    0.314984   12.048037 ^ fanout24/X (sky130_fd_sc_hd__buf_2)
                                                         net24 (net)
                      0.223359    0.001842   12.049879 ^ _1795_/B (sky130_fd_sc_hd__nor2_1)
     2    0.004558    0.084004    0.077650   12.127528 v _1795_/Y (sky130_fd_sc_hd__nor2_1)
                                                         _0801_ (net)
                      0.084004    0.000203   12.127731 v _1878_/C (sky130_fd_sc_hd__or4_1)
     3    0.006904    0.109554    0.511720   12.639452 v _1878_/X (sky130_fd_sc_hd__or4_1)
                                                         _0887_ (net)
                      0.109554    0.000220   12.639672 v _1881_/A (sky130_fd_sc_hd__and3_1)
     1    0.001764    0.032115    0.160341   12.800013 v _1881_/X (sky130_fd_sc_hd__and3_1)
                                                         _0890_ (net)
                      0.032115    0.000120   12.800133 v _1955_/A (sky130_fd_sc_hd__or2_1)
     2    0.006960    0.067115    0.240765   13.040897 v _1955_/X (sky130_fd_sc_hd__or2_1)
                                                         _0972_ (net)
                      0.067117    0.000473   13.041370 v _1957_/B (sky130_fd_sc_hd__xor2_1)
     2    0.004718    0.055429    0.153065   13.194435 v _1957_/X (sky130_fd_sc_hd__xor2_1)
                                                         _0974_ (net)
                      0.055429    0.000173   13.194609 v _2029_/A (sky130_fd_sc_hd__or2_1)
     3    0.010576    0.082699    0.267513   13.462122 v _2029_/X (sky130_fd_sc_hd__or2_1)
                                                         _1053_ (net)
                      0.082701    0.000547   13.462668 v _2030_/B1 (sky130_fd_sc_hd__o211a_1)
     2    0.004814    0.047615    0.146898   13.609567 v _2030_/X (sky130_fd_sc_hd__o211a_1)
                                                         _1054_ (net)
                      0.047616    0.000259   13.609826 v _2041_/A (sky130_fd_sc_hd__or3_2)
     4    0.016545    0.118316    0.536624   14.146450 v _2041_/X (sky130_fd_sc_hd__or3_2)
                                                         _1066_ (net)
                      0.118378    0.000791   14.147241 v _2112_/A1 (sky130_fd_sc_hd__a211oi_2)
     2    0.015202    0.324498    0.335858   14.483099 ^ _2112_/Y (sky130_fd_sc_hd__a211oi_2)
                                                         _1144_ (net)
                      0.324500    0.000981   14.484079 ^ _2131_/B (sky130_fd_sc_hd__nor3_1)
     3    0.008156    0.097571    0.129652   14.613731 v _2131_/Y (sky130_fd_sc_hd__nor3_1)
                                                         _1165_ (net)
                      0.097571    0.000241   14.613972 v max_cap18/A (sky130_fd_sc_hd__clkbuf_1)
     2    0.008510    0.056507    0.136955   14.750927 v max_cap18/X (sky130_fd_sc_hd__clkbuf_1)
                                                         net18 (net)
                      0.056512    0.000571   14.751498 v _2186_/A1 (sky130_fd_sc_hd__o211a_1)
     2    0.005726    0.051695    0.236820   14.988318 v _2186_/X (sky130_fd_sc_hd__o211a_1)
                                                         _1226_ (net)
                      0.051697    0.000368   14.988687 v _2240_/A2 (sky130_fd_sc_hd__o211a_1)
     2    0.006084    0.053394    0.219341   15.208027 v _2240_/X (sky130_fd_sc_hd__o211a_1)
                                                         _1285_ (net)
                      0.053396    0.000401   15.208428 v _2241_/B1 (sky130_fd_sc_hd__a211oi_1)
     2    0.007126    0.298105    0.299401   15.507830 ^ _2241_/Y (sky130_fd_sc_hd__a211oi_1)
                                                         _1286_ (net)
                      0.298105    0.000449   15.508280 ^ _2242_/A (sky130_fd_sc_hd__inv_2)
     3    0.010581    0.074500    0.086018   15.594297 v _2242_/Y (sky130_fd_sc_hd__inv_2)
                                                         _1287_ (net)
                      0.074502    0.000462   15.594760 v _2280_/B1 (sky130_fd_sc_hd__o211a_1)
     2    0.004498    0.046179    0.141657   15.736417 v _2280_/X (sky130_fd_sc_hd__o211a_1)
                                                         _1329_ (net)
                      0.046179    0.000243   15.736660 v _2366_/B1 (sky130_fd_sc_hd__a211o_1)
     3    0.009069    0.076642    0.299453   16.036114 v _2366_/X (sky130_fd_sc_hd__a211o_1)
                                                         _0063_ (net)
                      0.076647    0.000698   16.036812 v _2367_/C (sky130_fd_sc_hd__and3_1)
     2    0.004725    0.045006    0.197835   16.234646 v _2367_/X (sky130_fd_sc_hd__and3_1)
                                                         _0064_ (net)
                      0.045007    0.000277   16.234922 v _2369_/A3 (sky130_fd_sc_hd__o311a_1)
     4    0.018265    0.119897    0.362745   16.597668 v _2369_/X (sky130_fd_sc_hd__o311a_1)
                                                         _0066_ (net)
                      0.119902    0.000894   16.598560 v _2383_/A (sky130_fd_sc_hd__or2_2)
     6    0.025841    0.112523    0.394889   16.993450 v _2383_/X (sky130_fd_sc_hd__or2_2)
                                                         _0081_ (net)
                      0.112525    0.000700   16.994150 v _2474_/A (sky130_fd_sc_hd__nor2_1)
     2    0.003460    0.089115    0.129479   17.123629 ^ _2474_/Y (sky130_fd_sc_hd__nor2_1)
                                                         _0182_ (net)
                      0.089118    0.000117   17.123747 ^ _2476_/A_N (sky130_fd_sc_hd__nand2b_1)
     2    0.015321    0.166710    0.194351   17.318098 ^ _2476_/Y (sky130_fd_sc_hd__nand2b_1)
                                                         _0184_ (net)
                      0.166712    0.000526   17.318623 ^ _2493_/A1 (sky130_fd_sc_hd__o21bai_2)
     3    0.021801    0.113603    0.151474   17.470097 v _2493_/Y (sky130_fd_sc_hd__o21bai_2)
                                                         _0202_ (net)
                      0.113648    0.002089   17.472185 v _2536_/A (sky130_fd_sc_hd__xnor2_2)
     5    0.025510    0.351416    0.350125   17.822311 ^ _2536_/Y (sky130_fd_sc_hd__xnor2_2)
                                                         _0250_ (net)
                      0.351432    0.001972   17.824284 ^ _2552_/A (sky130_fd_sc_hd__xnor2_1)
     2    0.007471    0.103459    0.160387   17.984671 v _2552_/Y (sky130_fd_sc_hd__xnor2_1)
                                                         _0267_ (net)
                      0.103459    0.000313   17.984983 v _2580_/B (sky130_fd_sc_hd__xor2_1)
     2    0.007444    0.094050    0.179318   18.164301 v _2580_/X (sky130_fd_sc_hd__xor2_1)
                                                         _0298_ (net)
                      0.094050    0.000250   18.164551 v _2581_/A2 (sky130_fd_sc_hd__a21o_1)
     2    0.008095    0.056279    0.215715   18.380266 v _2581_/X (sky130_fd_sc_hd__a21o_1)
                                                         _0299_ (net)
                      0.056283    0.000538   18.380804 v _2582_/A2 (sky130_fd_sc_hd__a21o_1)
     2    0.015347    0.084394    0.228283   18.609089 v _2582_/X (sky130_fd_sc_hd__a21o_1)
                                                         _0300_ (net)
                      0.084415    0.001284   18.610373 v _2585_/A1 (sky130_fd_sc_hd__a21o_1)
     2    0.007938    0.055519    0.189923   18.800295 v _2585_/X (sky130_fd_sc_hd__a21o_1)
                                                         _0304_ (net)
                      0.055523    0.000515   18.800810 v _2588_/A1 (sky130_fd_sc_hd__a21o_1)
     2    0.007496    0.053448    0.176062   18.976871 v _2588_/X (sky130_fd_sc_hd__a21o_1)
                                                         _0307_ (net)
                      0.053450    0.000400   18.977272 v _2589_/B (sky130_fd_sc_hd__and2b_1)
     2    0.008742    0.058725    0.182133   19.159405 v _2589_/X (sky130_fd_sc_hd__and2b_1)
                                                         _0308_ (net)
                      0.058732    0.000664   19.160070 v _2590_/A2 (sky130_fd_sc_hd__o21a_1)
     5    0.017694    0.101466    0.232937   19.393007 v _2590_/X (sky130_fd_sc_hd__o21a_1)
                                                         _0309_ (net)
                      0.101478    0.001110   19.394117 v _2594_/A2 (sky130_fd_sc_hd__o311ai_4)
     4    0.011643    0.269005    0.318233   19.712349 ^ _2594_/Y (sky130_fd_sc_hd__o311ai_4)
                                                         _0314_ (net)
                      0.269005    0.000384   19.712734 ^ _2596_/A2 (sky130_fd_sc_hd__a31o_1)
     2    0.005532    0.069422    0.204995   19.917728 ^ _2596_/X (sky130_fd_sc_hd__a31o_1)
                                                         _0316_ (net)
                      0.069422    0.000322   19.918051 ^ _2598_/A2 (sky130_fd_sc_hd__a21o_1)
     2    0.013103    0.120460    0.172729   20.090780 ^ _2598_/X (sky130_fd_sc_hd__a21o_1)
                                                         _0318_ (net)
                      0.120472    0.001275   20.092054 ^ fanout14/A (sky130_fd_sc_hd__clkbuf_2)
    10    0.031234    0.172916    0.222043   20.314098 ^ fanout14/X (sky130_fd_sc_hd__clkbuf_2)
                                                         net14 (net)
                      0.173005    0.003245   20.317343 ^ _2615_/B1_N (sky130_fd_sc_hd__o21ba_1)
     3    0.007563    0.057231    0.192788   20.510132 v _2615_/X (sky130_fd_sc_hd__o21ba_1)
                                                         _0337_ (net)
                      0.057234    0.000432   20.510563 v _2619_/A2 (sky130_fd_sc_hd__a31o_1)
     3    0.008818    0.062842    0.235062   20.745625 v _2619_/X (sky130_fd_sc_hd__a31o_1)
                                                         _0341_ (net)
                      0.062844    0.000458   20.746082 v _2621_/A1 (sky130_fd_sc_hd__a21oi_1)
     3    0.008106    0.202273    0.199496   20.945578 ^ _2621_/Y (sky130_fd_sc_hd__a21oi_1)
                                                         _0343_ (net)
                      0.202275    0.000433   20.946012 ^ _2633_/B_N (sky130_fd_sc_hd__and4bb_2)
     6    0.027598    0.098885    0.333730   21.279741 v _2633_/X (sky130_fd_sc_hd__and4bb_2)
                                                         _0356_ (net)
                      0.098991    0.002897   21.282639 v _2640_/C (sky130_fd_sc_hd__and4_1)
     2    0.004733    0.046429    0.217163   21.499802 v _2640_/X (sky130_fd_sc_hd__and4_1)
                                                         _0364_ (net)
                      0.046457    0.000322   21.500124 v _2648_/A2 (sky130_fd_sc_hd__o31a_1)
     1    0.003642    0.051374    0.275156   21.775280 v _2648_/X (sky130_fd_sc_hd__o31a_1)
                                                         _0373_ (net)
                      0.051374    0.000153   21.775433 v _2659_/C1 (sky130_fd_sc_hd__a2111o_1)
     1    0.002618    0.056974    0.334545   22.109976 v _2659_/X (sky130_fd_sc_hd__a2111o_1)
                                                         _0385_ (net)
                      0.056974    0.000187   22.110163 v _2672_/A (sky130_fd_sc_hd__or4b_4)
     8    0.041585    0.147876    0.627931   22.738094 v _2672_/X (sky130_fd_sc_hd__or4b_4)
                                                         _0399_ (net)
                      0.148159    0.005672   22.743767 v _2683_/A1 (sky130_fd_sc_hd__o31a_2)
     1    0.017012    0.084179    0.424508   23.168276 v _2683_/X (sky130_fd_sc_hd__o31a_2)
                                                         _0410_ (net)
                      0.084204    0.001370   23.169645 v _2684_/B (sky130_fd_sc_hd__xor2_4)
     1    0.034171    0.278598    0.277444   23.447088 ^ _2684_/X (sky130_fd_sc_hd__xor2_4)
                                                         uo_out[1] (net)
                      0.278603    0.000870   23.447958 ^ uo_out[1] (out)
                                             23.447958   data arrival time

                                 50.000000   50.000000   clock clk (rise edge)
                                  0.000000   50.000000   clock network delay (propagated)
                                 -0.250000   49.749996   clock uncertainty
                                  0.000000   49.749996   clock reconvergence pessimism
                                -10.000000   39.749996   output external delay
                                             39.749996   data required time
---------------------------------------------------------------------------------------------
                                             39.749996   data required time
                                            -23.447958   data arrival time
---------------------------------------------------------------------------------------------
                                             16.302038   slack (MET)




===========================================================================
report_checks --slack_max -0.01
============================================================================
======================= max_tt_025C_1v80 Corner ===================================

No paths found.


===========================================================================
 report_check_types -max_slew -max_cap -max_fanout -violators
============================================================================
======================= max_tt_025C_1v80 Corner ===================================



===========================================================================
report_parasitic_annotation -report_unannotated
============================================================================
Found 22 unannotated drivers.
 ui_in[4]
 ui_in[5]
 ui_in[6]
 ui_in[7]
 uio_in[0]
 clkload0/X
 tt_um_connerdaehler_boop_49/HI
 tt_um_connerdaehler_boop_50/HI
 tt_um_connerdaehler_boop_51/HI
 tt_um_connerdaehler_boop_52/HI
 tt_um_connerdaehler_boop_53/HI
 tt_um_connerdaehler_boop_54/HI
 tt_um_connerdaehler_boop_55/HI
 tt_um_connerdaehler_boop_56/HI
 tt_um_connerdaehler_boop_57/HI
 tt_um_connerdaehler_boop_58/HI
 tt_um_connerdaehler_boop_59/HI
 tt_um_connerdaehler_boop_60/HI
 tt_um_connerdaehler_boop_61/HI
 tt_um_connerdaehler_boop_62/HI
 tt_um_connerdaehler_boop_63/HI
 tt_um_connerdaehler_boop_64/HI
Found 0 partially unannotated drivers.

===========================================================================
max slew violation count 0
max fanout violation count 0
max cap violation count 0
============================================================================

===========================================================================
check_setup -verbose -unconstrained_endpoints -multiple_clock -no_clock -no_input_delay -loops -generated_clocks
===========================================================================
Warning: There are 16 unconstrained endpoints.
  uio_oe[0]
  uio_oe[1]
  uio_oe[2]
  uio_oe[3]
  uio_oe[4]
  uio_oe[5]
  uio_oe[6]
  uio_oe[7]
  uio_out[0]
  uio_out[1]
  uio_out[2]
  uio_out[3]
  uio_out[4]
  uio_out[5]
  uio_out[6]
  uio_out[7]
