Clock: clk
Sources: clk 
Generated: no
Virtual: yes
Propagated: no
Period: 50.000000

===========================================================================
report_clock_properties
============================================================================
Clock                   Period          Waveform
----------------------------------------------------
clk                  50.000000    0.000000 25.000000

===========================================================================
report_clock_latency
============================================================================
Clock clk
rise -> rise
    min     max
0.000000 0.000000 source latency
0.328631         network latency _2776_/CLK
        0.331114 network latency _2763_/CLK
---------------
0.328631 0.331114 latency
        0.002483 skew

fall -> fall
    min     max
0.000000 0.000000 source latency
0.315922         network latency _2776_/CLK
        0.317899 network latency _2763_/CLK
---------------
0.315922 0.317899 latency
        0.001977 skew



===========================================================================
report_clock_min_period
============================================================================
clk period_min = 3.32 fmax = 301.66
