Clock: clk
Sources: clk 
Generated: no
Virtual: no
Propagated: no
Period: 50.000000

===========================================================================
report_clock_properties
============================================================================
Clock                   Period          Waveform
----------------------------------------------------
clk                  50.000000    0.000000 25.000000

===========================================================================
report_clock_latency
============================================================================
Clock clk
rise -> rise
    min     max
0.000000 0.000000 source latency
0.096434         network latency _2762_/CLK
        0.096434 network latency _2762_/CLK
---------------
0.096434 0.096434 latency
        0.000000 skew

fall -> fall
    min     max
0.000000 0.000000 source latency
0.044052         network latency _2762_/CLK
        0.044052 network latency _2762_/CLK
---------------
0.044052 0.044052 latency
        0.000000 skew



===========================================================================
report_clock_min_period
============================================================================
clk period_min = 2.93 fmax = 341.88
