131. Printing statistics.

=== tt_um_connerdaehler_boop ===

        +----------Local Count, excluding submodules.
        |        +-Local Area, excluding submodules.
        |        | 
     2078        - wires
     2171        - wire bits
       12        - public wires
       91        - public wire bits
        8        - ports
       43        - port bits
     2096  420.403 cells
      738        -   $_ANDNOT_
       25        -   $_AND_
       36        -   $_MUX_
       41        -   $_NAND_
      131        -   $_NOR_
       93        -   $_NOT_
      116        -   $_ORNOT_
      238        -   $_OR_
      197        -   $_XNOR_
      465        -   $_XOR_
       16  420.403   sky130_fd_sc_hd__dfrtp_2

   Area for cell type $_ANDNOT_ is unknown!
   Area for cell type $_AND_ is unknown!
   Area for cell type $_MUX_ is unknown!
   Area for cell type $_NAND_ is unknown!
   Area for cell type $_NOR_ is unknown!
   Area for cell type $_NOT_ is unknown!
   Area for cell type $_ORNOT_ is unknown!
   Area for cell type $_OR_ is unknown!
   Area for cell type $_XNOR_ is unknown!
   Area for cell type $_XOR_ is unknown!

   Chip area for module '\tt_um_connerdaehler_boop': 420.403200
     of which used for sequential elements: 420.403200 (100.00%)

