139. Printing statistics.

=== tt_um_connerdaehler_boop ===

        +----------Local Count, excluding submodules.
        |        +-Local Area, excluding submodules.
        |        | 
     1401        - wires
     1436        - wire bits
       24        - public wires
       59        - public wire bits
        8        - ports
       43        - port bits
     1417  1.4E+04 cells
        1   12.512   sky130_fd_sc_hd__a2111o_2
        8   80.077   sky130_fd_sc_hd__a211o_2
       14  175.168   sky130_fd_sc_hd__a211oi_2
       21  210.202   sky130_fd_sc_hd__a21bo_2
        6   67.565   sky130_fd_sc_hd__a21boi_2
       56   490.47   sky130_fd_sc_hd__a21o_2
       64  560.538   sky130_fd_sc_hd__a21oi_2
        1   11.261   sky130_fd_sc_hd__a221o_2
        6   60.058   sky130_fd_sc_hd__a22o_2
        1   12.512   sky130_fd_sc_hd__a22oi_2
        4   45.043   sky130_fd_sc_hd__a2bb2o_2
        1   15.014   sky130_fd_sc_hd__a311oi_2
       15  131.376   sky130_fd_sc_hd__a31o_2
        3   37.536   sky130_fd_sc_hd__a31oi_2
        2   22.522   sky130_fd_sc_hd__a32o_2
       70  525.504   sky130_fd_sc_hd__and2_2
       52  455.437   sky130_fd_sc_hd__and2b_2
       43   322.81   sky130_fd_sc_hd__and3_2
        5   50.048   sky130_fd_sc_hd__and3b_2
        1    10.01   sky130_fd_sc_hd__and4_2
        2   22.522   sky130_fd_sc_hd__and4b_2
        1   12.512   sky130_fd_sc_hd__and4bb_2
       16   60.058   sky130_fd_sc_hd__conb_1
       16  420.403   sky130_fd_sc_hd__dfrtp_2
       32  120.115   sky130_fd_sc_hd__inv_2
       12   135.13   sky130_fd_sc_hd__mux2_1
      113  706.928   sky130_fd_sc_hd__nand2_2
       45  394.128   sky130_fd_sc_hd__nand2b_2
       13  130.125   sky130_fd_sc_hd__nand3_2
        1   11.261   sky130_fd_sc_hd__nand3b_2
        1   12.512   sky130_fd_sc_hd__nand4_2
      151  944.656   sky130_fd_sc_hd__nor2_2
       29  290.278   sky130_fd_sc_hd__nor3_2
        2   25.024   sky130_fd_sc_hd__o2111a_2
       22  220.211   sky130_fd_sc_hd__o211a_2
        3   37.536   sky130_fd_sc_hd__o211ai_2
       42  367.853   sky130_fd_sc_hd__o21a_2
       45  394.128   sky130_fd_sc_hd__o21ai_2
       11  110.106   sky130_fd_sc_hd__o21ba_2
        9  101.347   sky130_fd_sc_hd__o21bai_2
        1   11.261   sky130_fd_sc_hd__o221a_2
        7   70.067   sky130_fd_sc_hd__o22a_2
        5   56.304   sky130_fd_sc_hd__o2bb2a_2
        1   15.014   sky130_fd_sc_hd__o2bb2ai_2
        4   45.043   sky130_fd_sc_hd__o311a_2
        1   16.266   sky130_fd_sc_hd__o311ai_2
       10  100.096   sky130_fd_sc_hd__o31a_2
        3   37.536   sky130_fd_sc_hd__o31ai_2
        3   33.782   sky130_fd_sc_hd__o32a_2
        1   16.266   sky130_fd_sc_hd__o32ai_2
       92  575.552   sky130_fd_sc_hd__or2_2
       36  270.259   sky130_fd_sc_hd__or3_2
        9   78.826   sky130_fd_sc_hd__or3b_2
        4   35.034   sky130_fd_sc_hd__or4_2
        1    10.01   sky130_fd_sc_hd__or4b_2
        1   12.512   sky130_fd_sc_hd__or4bb_2
      213 3.46E+03   sky130_fd_sc_hd__xnor2_2
       85 1.38E+03   sky130_fd_sc_hd__xor2_2

   Chip area for module '\tt_um_connerdaehler_boop': 14043.468800
     of which used for sequential elements: 420.403200 (2.99%)

