Clock: clk
Sources: clk 
Generated: no
Virtual: yes
Propagated: no
Period: 50.000000

===========================================================================
report_clock_properties
============================================================================
Clock                   Period          Waveform
----------------------------------------------------
clk                  50.000000    0.000000 25.000000

===========================================================================
report_clock_latency
============================================================================
Clock clk
rise -> rise
    min     max
0.000000 0.000000 source latency
0.296336         network latency _2777_/CLK
        0.298440 network latency _2763_/CLK
---------------
0.296336 0.298440 latency
        0.002105 skew

fall -> fall
    min     max
0.000000 0.000000 source latency
0.295742         network latency _2777_/CLK
        0.297399 network latency _2763_/CLK
---------------
0.295742 0.297399 latency
        0.001657 skew



===========================================================================
report_clock_min_period
============================================================================
clk period_min = 3.00 fmax = 333.85
