Reading timing models for corner nom_tt_025C_1v80…
Reading timing library for the 'nom_tt_025C_1v80' corner at '/foss/pdks/sky130A/libs.ref/sky130_fd_sc_hd/lib/sky130_fd_sc_hd__tt_025C_1v80.lib'…
Reading timing models for corner nom_ff_n40C_1v95…
Reading timing library for the 'nom_ff_n40C_1v95' corner at '/foss/pdks/sky130A/libs.ref/sky130_fd_sc_hd/lib/sky130_fd_sc_hd__ff_n40C_1v95.lib'…
Reading timing models for corner nom_ss_100C_1v60…
Reading timing library for the 'nom_ss_100C_1v60' corner at '/foss/pdks/sky130A/libs.ref/sky130_fd_sc_hd/lib/sky130_fd_sc_hd__ss_100C_1v60.lib'…
Reading OpenROAD database at '/foss/designs/ece429-finalproject/src/runs/RUN_2026-05-12_03-27-23/34-openroad-cts/tt_um_connerdaehler_boop.odb'…
Reading design constraints file at '/usr/local/lib/python3.12/dist-packages/librelane/scripts/base.sdc'…
[INFO] Using clock clk…
[INFO] Setting output delay to: 10
[INFO] Setting input delay to: 10
[INFO] Setting load to: 0.033442
[INFO] Setting clock uncertainty to: 0.25
[INFO] Setting clock transition to: 0.1499999999999999944488848768742172978818416595458984375
[INFO] Setting timing derate to: 5%
[INFO] Setting RC values…
[INFO RSZ-0098] No setup violations found
[INFO RSZ-0046] Found 1 endpoints with hold violations.
Iteration | Resized | Buffers | Cloned Gates |   WNS   |   TNS   | Endpoint
---------------------------------------------------------------------------
        0 |       0 |       0 |            0 |   0.047 |   0.000 | _2769_/D
    final |       0 |       1 |            0 |   0.108 |   0.000 | _2770_/D
---------------------------------------------------------------------------
[INFO RSZ-0032] Inserted 1 hold buffers.
Placement Analysis
---------------------------------
total displacement          4.3 u
average displacement        0.0 u
max displacement            3.4 u
original HPWL           25619.5 u
legalized HPWL          26488.5 u
delta HPWL                    3 %

[INFO DPL-0020] Mirrored 546 instances
[INFO DPL-0021] HPWL before           26488.5 u
[INFO DPL-0022] HPWL after            25622.1 u
[INFO DPL-0023] HPWL delta               -3.3 %
[INFO] Setting RC values…
Setting global connections for newly added cells…
[INFO] Setting global connections...
Updating metrics…
Cell type report:                       Count       Area
  Fill cell                               122     457.94
  Tap cell                                378     472.95
  Clock buffer                              4      88.84
  Timing Repair Buffer                     49     285.27
  Inverter                                 32     120.12
  Sequential cell                          16     434.17
  Multi-Input combinational cell         1369   10313.64
  Total                                  1970   12172.92
Writing OpenROAD database to '/foss/designs/ece429-finalproject/src/runs/RUN_2026-05-12_03-27-23/36-openroad-resizertimingpostcts/tt_um_connerdaehler_boop.odb'…
Writing netlist to '/foss/designs/ece429-finalproject/src/runs/RUN_2026-05-12_03-27-23/36-openroad-resizertimingpostcts/tt_um_connerdaehler_boop.nl.v'…
Writing powered netlist to '/foss/designs/ece429-finalproject/src/runs/RUN_2026-05-12_03-27-23/36-openroad-resizertimingpostcts/tt_um_connerdaehler_boop.pnl.v'…
Writing layout to '/foss/designs/ece429-finalproject/src/runs/RUN_2026-05-12_03-27-23/36-openroad-resizertimingpostcts/tt_um_connerdaehler_boop.def'…
Writing timing constraints to '/foss/designs/ece429-finalproject/src/runs/RUN_2026-05-12_03-27-23/36-openroad-resizertimingpostcts/tt_um_connerdaehler_boop.sdc'…
