Clock: clk
Sources: clk 
Generated: no
Virtual: yes
Propagated: no
Period: 50.000000

===========================================================================
report_clock_properties
============================================================================
Clock                   Period          Waveform
----------------------------------------------------
clk                  50.000000    0.000000 25.000000

===========================================================================
report_clock_latency
============================================================================
Clock clk
rise -> rise
    min     max
0.000000 0.000000 source latency
0.316691         network latency _2777_/CLK
        0.318675 network latency _2763_/CLK
---------------
0.316691 0.318675 latency
        0.001984 skew

fall -> fall
    min     max
0.000000 0.000000 source latency
0.308010         network latency _2777_/CLK
        0.309591 network latency _2763_/CLK
---------------
0.308010 0.309591 latency
        0.001581 skew



===========================================================================
report_clock_min_period
============================================================================
clk period_min = 3.21 fmax = 311.90
