Clock: clk
Sources: clk 
Generated: no
Virtual: yes
Propagated: no
Period: 50.000000

===========================================================================
report_clock_properties
============================================================================
Clock                   Period          Waveform
----------------------------------------------------
clk                  50.000000    0.000000 25.000000

===========================================================================
report_clock_latency
============================================================================
Clock clk
rise -> rise
    min     max
0.000000 0.000000 source latency
0.218807         network latency _2777_/CLK
        0.220276 network latency _2763_/CLK
---------------
0.218807 0.220276 latency
        0.001469 skew

fall -> fall
    min     max
0.000000 0.000000 source latency
0.208470         network latency _2777_/CLK
        0.209660 network latency _2763_/CLK
---------------
0.208470 0.209660 latency
        0.001190 skew



===========================================================================
report_clock_min_period
============================================================================
clk period_min = 2.15 fmax = 465.79
