Clock: clk
Sources: clk 
Generated: no
Virtual: yes
Propagated: no
Period: 50.000000

===========================================================================
report_clock_properties
============================================================================
Clock                   Period          Waveform
----------------------------------------------------
clk                  50.000000    0.000000 25.000000

===========================================================================
report_clock_latency
============================================================================
Clock clk
rise -> rise
    min     max
0.000000 0.000000 source latency
0.222741         network latency _2777_/CLK
        0.224370 network latency _2763_/CLK
---------------
0.222741 0.224370 latency
        0.001629 skew

fall -> fall
    min     max
0.000000 0.000000 source latency
0.211147         network latency _2777_/CLK
        0.212484 network latency _2763_/CLK
---------------
0.211147 0.212484 latency
        0.001338 skew



===========================================================================
report_clock_min_period
============================================================================
clk period_min = 2.18 fmax = 458.08
