Clock: clk
Sources: clk 
Generated: no
Virtual: no
Propagated: no
Period: 50.000000

===========================================================================
report_clock_properties
============================================================================
Clock                   Period          Waveform
----------------------------------------------------
clk                  50.000000    0.000000 25.000000

===========================================================================
report_clock_latency
============================================================================
Clock clk
rise -> rise
    min     max
0.000000 0.000000 source latency
0.143323         network latency _2762_/CLK
        0.143323 network latency _2762_/CLK
---------------
0.143323 0.143323 latency
        0.000000 skew

fall -> fall
    min     max
0.000000 0.000000 source latency
0.079607         network latency _2762_/CLK
        0.079607 network latency _2762_/CLK
---------------
0.079607 0.079607 latency
        0.000000 skew



===========================================================================
report_clock_min_period
============================================================================
clk period_min = 5.88 fmax = 170.09
