
===========================================================================
report_checks -unconstrained
===========================================================================
======================= nom_ff_n40C_1v95 Corner ===================================

Startpoint: rst_n (input port clocked by clk)
Endpoint: _2762_ (recovery check against rising-edge clock clk)
Path Group: asynchronous
Path Type: max

Fanout         Cap        Slew       Delay        Time   Description
---------------------------------------------------------------------------------------------
                      0.150000    0.000000    0.000000   clock clk (rise edge)
                                  0.000000    0.000000   clock network delay (ideal)
                                 10.000000   10.000000 ^ input external delay
    16    0.057872    0.199420    0.136444   10.136444 ^ rst_n (in)
                                                         rst_n (net)
                      0.199420    0.000000   10.136444 ^ _2762_/RESET_B (sky130_fd_sc_hd__dfrtp_2)
                                             10.136444   data arrival time

                      0.150000   50.000000   50.000000   clock clk (rise edge)
                                  0.000000   50.000000   clock network delay (ideal)
                                 -0.250000   49.749996   clock uncertainty
                                  0.000000   49.749996   clock reconvergence pessimism
                                             49.749996 ^ _2762_/CLK (sky130_fd_sc_hd__dfrtp_2)
                                  0.109549   49.859547   library recovery time
                                             49.859547   data required time
---------------------------------------------------------------------------------------------
                                             49.859547   data required time
                                            -10.136444   data arrival time
---------------------------------------------------------------------------------------------
                                             39.723103   slack (MET)


Startpoint: ui_in[1] (input port clocked by clk)
Endpoint: uo_out[1] (output port clocked by clk)
Path Group: clk
Path Type: max

Fanout         Cap        Slew       Delay        Time   Description
---------------------------------------------------------------------------------------------
                      0.150000    0.000000    0.000000   clock clk (rise edge)
                                  0.000000    0.000000   clock network delay (ideal)
                                 10.000000   10.000000 v input external delay
    12    0.023769    0.037704    0.025158   10.025158 v ui_in[1] (in)
                                                         ui_in[1] (net)
                      0.037704    0.000000   10.025158 v _1387_/A_N (sky130_fd_sc_hd__nand2b_2)
    29    0.099115    0.245940    0.285136   10.310294 v _1387_/Y (sky130_fd_sc_hd__nand2b_2)
                                                         _0970_ (net)
                      0.245940    0.000000   10.310294 v _1399_/B (sky130_fd_sc_hd__or3_2)
     5    0.014739    0.079680    0.359481   10.669776 v _1399_/X (sky130_fd_sc_hd__or3_2)
                                                         _1102_ (net)
                      0.079680    0.000000   10.669776 v _2081_/A1 (sky130_fd_sc_hd__a21bo_2)
     5    0.016031    0.048786    0.162044   10.831820 v _2081_/X (sky130_fd_sc_hd__a21bo_2)
                                                         _1110_ (net)
                      0.048786    0.000000   10.831820 v _2149_/B (sky130_fd_sc_hd__or4bb_2)
     2    0.006483    0.072376    0.356751   11.188570 v _2149_/X (sky130_fd_sc_hd__or4bb_2)
                                                         _1185_ (net)
                      0.072376    0.000000   11.188570 v _2151_/A2 (sky130_fd_sc_hd__a21bo_2)
     2    0.006489    0.033115    0.154694   11.343265 v _2151_/X (sky130_fd_sc_hd__a21bo_2)
                                                         _1187_ (net)
                      0.033115    0.000000   11.343265 v _2202_/A2 (sky130_fd_sc_hd__a21o_2)
     2    0.006489    0.032593    0.139057   11.482321 v _2202_/X (sky130_fd_sc_hd__a21o_2)
                                                         _1243_ (net)
                      0.032593    0.000000   11.482321 v _2204_/A2 (sky130_fd_sc_hd__a21o_2)
     2    0.006549    0.032699    0.139003   11.621325 v _2204_/X (sky130_fd_sc_hd__a21o_2)
                                                         _1246_ (net)
                      0.032699    0.000000   11.621325 v _2258_/A2 (sky130_fd_sc_hd__a21o_2)
     2    0.006161    0.032019    0.138149   11.759474 v _2258_/X (sky130_fd_sc_hd__a21o_2)
                                                         _1305_ (net)
                      0.032019    0.000000   11.759474 v _2259_/C (sky130_fd_sc_hd__and3_2)
     3    0.010595    0.042385    0.145920   11.905394 v _2259_/X (sky130_fd_sc_hd__and3_2)
                                                         _1306_ (net)
                      0.042385    0.000000   11.905394 v _2299_/A1 (sky130_fd_sc_hd__o21a_2)
     2    0.006302    0.031936    0.139035   12.044428 v _2299_/X (sky130_fd_sc_hd__o21a_2)
                                                         _1350_ (net)
                      0.031936    0.000000   12.044428 v _2301_/A2 (sky130_fd_sc_hd__o211a_2)
     2    0.006240    0.037822    0.151910   12.196339 v _2301_/X (sky130_fd_sc_hd__o211a_2)
                                                         _1352_ (net)
                      0.037822    0.000000   12.196339 v _2302_/C1 (sky130_fd_sc_hd__a211o_2)
     3    0.010960    0.051708    0.141000   12.337338 v _2302_/X (sky130_fd_sc_hd__a211o_2)
                                                         _1353_ (net)
                      0.051708    0.000000   12.337338 v _2324_/C1 (sky130_fd_sc_hd__o211a_2)
     3    0.007607    0.040242    0.088137   12.425475 v _2324_/X (sky130_fd_sc_hd__o211a_2)
                                                         _0017_ (net)
                      0.040242    0.000000   12.425475 v _2326_/B (sky130_fd_sc_hd__or3_2)
     2    0.005863    0.058912    0.264491   12.689966 v _2326_/X (sky130_fd_sc_hd__or3_2)
                                                         _0019_ (net)
                      0.058912    0.000000   12.689966 v _2332_/A (sky130_fd_sc_hd__and2_2)
     2    0.009910    0.039473    0.127730   12.817696 v _2332_/X (sky130_fd_sc_hd__and2_2)
                                                         _0025_ (net)
                      0.039473    0.000000   12.817696 v _2360_/A (sky130_fd_sc_hd__xnor2_2)
     2    0.010209    0.048990    0.103761   12.921456 v _2360_/Y (sky130_fd_sc_hd__xnor2_2)
                                                         _0056_ (net)
                      0.048990    0.000000   12.921456 v _2361_/A2 (sky130_fd_sc_hd__a21o_2)
     2    0.009923    0.038640    0.152807   13.074263 v _2361_/X (sky130_fd_sc_hd__a21o_2)
                                                         _0057_ (net)
                      0.038640    0.000000   13.074263 v _2362_/A2 (sky130_fd_sc_hd__a21o_2)
     3    0.012813    0.043698    0.155644   13.229907 v _2362_/X (sky130_fd_sc_hd__a21o_2)
                                                         _0058_ (net)
                      0.043698    0.000000   13.229907 v _2366_/A1 (sky130_fd_sc_hd__a211o_2)
     3    0.008421    0.046444    0.194498   13.424405 v _2366_/X (sky130_fd_sc_hd__a211o_2)
                                                         _0063_ (net)
                      0.046444    0.000000   13.424405 v _2367_/C (sky130_fd_sc_hd__and3_2)
     2    0.003664    0.030125    0.134058   13.558463 v _2367_/X (sky130_fd_sc_hd__and3_2)
                                                         _0064_ (net)
                      0.030125    0.000000   13.558463 v _2369_/A3 (sky130_fd_sc_hd__o311a_2)
     4    0.007327    0.050815    0.207320   13.765783 v _2369_/X (sky130_fd_sc_hd__o311a_2)
                                                         _0066_ (net)
                      0.050815    0.000000   13.765783 v _2379_/B (sky130_fd_sc_hd__or2_2)
     1    0.008002    0.048458    0.177040   13.942823 v _2379_/X (sky130_fd_sc_hd__or2_2)
                                                         _0077_ (net)
                      0.048458    0.000000   13.942823 v _2380_/B (sky130_fd_sc_hd__xnor2_2)
     7    0.030850    0.317763    0.252454   14.195277 ^ _2380_/Y (sky130_fd_sc_hd__xnor2_2)
                                                         _0078_ (net)
                      0.317763    0.000000   14.195277 ^ _2473_/A (sky130_fd_sc_hd__nand2_2)
     3    0.008188    0.075026    0.038817   14.234095 v _2473_/Y (sky130_fd_sc_hd__nand2_2)
                                                         _0180_ (net)
                      0.075026    0.000000   14.234095 v _2535_/B (sky130_fd_sc_hd__and2b_2)
     1    0.008002    0.036320    0.144921   14.379015 v _2535_/X (sky130_fd_sc_hd__and2b_2)
                                                         _0249_ (net)
                      0.036320    0.000000   14.379015 v _2536_/B (sky130_fd_sc_hd__xnor2_2)
     5    0.022994    0.250227    0.200981   14.579995 ^ _2536_/Y (sky130_fd_sc_hd__xnor2_2)
                                                         _0250_ (net)
                      0.250227    0.000000   14.579995 ^ _2552_/A (sky130_fd_sc_hd__xnor2_2)
     2    0.011861    0.075545    0.074455   14.654450 v _2552_/Y (sky130_fd_sc_hd__xnor2_2)
                                                         _0267_ (net)
                      0.075545    0.000000   14.654450 v _2580_/B (sky130_fd_sc_hd__xor2_2)
     2    0.010209    0.066273    0.117020   14.771471 v _2580_/X (sky130_fd_sc_hd__xor2_2)
                                                         _0298_ (net)
                      0.066273    0.000000   14.771471 v _2581_/A2 (sky130_fd_sc_hd__a21o_2)
     2    0.010209    0.039147    0.159534   14.931005 v _2581_/X (sky130_fd_sc_hd__a21o_2)
                                                         _0299_ (net)
                      0.039147    0.000000   14.931005 v _2582_/A2 (sky130_fd_sc_hd__a21o_2)
     2    0.010555    0.039733    0.150635   15.081639 v _2582_/X (sky130_fd_sc_hd__a21o_2)
                                                         _0300_ (net)
                      0.039733    0.000000   15.081639 v _2585_/A1 (sky130_fd_sc_hd__a21o_2)
     2    0.010846    0.040247    0.135060   15.216700 v _2585_/X (sky130_fd_sc_hd__a21o_2)
                                                         _0304_ (net)
                      0.040247    0.000000   15.216700 v _2588_/A1 (sky130_fd_sc_hd__a21o_2)
     2    0.009910    0.038589    0.133230   15.349930 v _2588_/X (sky130_fd_sc_hd__a21o_2)
                                                         _0307_ (net)
                      0.038589    0.000000   15.349930 v _2589_/B (sky130_fd_sc_hd__and2b_2)
     2    0.006265    0.033522    0.125992   15.475922 v _2589_/X (sky130_fd_sc_hd__and2b_2)
                                                         _0308_ (net)
                      0.033522    0.000000   15.475922 v _2590_/A2 (sky130_fd_sc_hd__o21a_2)
     5    0.013471    0.043770    0.141380   15.617302 v _2590_/X (sky130_fd_sc_hd__o21a_2)
                                                         _0309_ (net)
                      0.043770    0.000000   15.617302 v _2594_/A2 (sky130_fd_sc_hd__o311ai_2)
     4    0.013831    0.277828    0.262673   15.879975 ^ _2594_/Y (sky130_fd_sc_hd__o311ai_2)
                                                         _0314_ (net)
                      0.277828    0.000000   15.879975 ^ _2596_/A2 (sky130_fd_sc_hd__a31o_2)
     2    0.004087    0.034576    0.117446   15.997420 ^ _2596_/X (sky130_fd_sc_hd__a31o_2)
                                                         _0316_ (net)
                      0.034576    0.000000   15.997420 ^ _2598_/A2 (sky130_fd_sc_hd__a21o_2)
    16    0.053745    0.206117    0.201799   16.199221 ^ _2598_/X (sky130_fd_sc_hd__a21o_2)
                                                         _0318_ (net)
                      0.206117    0.000000   16.199221 ^ _2615_/B1_N (sky130_fd_sc_hd__o21ba_2)
     3    0.007880    0.035520    0.121178   16.320398 v _2615_/X (sky130_fd_sc_hd__o21ba_2)
                                                         _0337_ (net)
                      0.035520    0.000000   16.320398 v _2619_/A2 (sky130_fd_sc_hd__a31o_2)
     3    0.010793    0.043313    0.163260   16.483658 v _2619_/X (sky130_fd_sc_hd__a31o_2)
                                                         _0341_ (net)
                      0.043313    0.000000   16.483658 v _2621_/A1 (sky130_fd_sc_hd__a21oi_2)
     3    0.007849    0.097815    0.106480   16.590137 ^ _2621_/Y (sky130_fd_sc_hd__a21oi_2)
                                                         _0343_ (net)
                      0.097815    0.000000   16.590137 ^ _2633_/B_N (sky130_fd_sc_hd__and4bb_2)
     6    0.023614    0.065415    0.193651   16.783789 v _2633_/X (sky130_fd_sc_hd__and4bb_2)
                                                         _0356_ (net)
                      0.065415    0.000000   16.783789 v _2640_/C (sky130_fd_sc_hd__and4_2)
     2    0.003747    0.032207    0.149248   16.933037 v _2640_/X (sky130_fd_sc_hd__and4_2)
                                                         _0364_ (net)
                      0.032207    0.000000   16.933037 v _2648_/A2 (sky130_fd_sc_hd__o31a_2)
     1    0.002310    0.035051    0.186581   17.119617 v _2648_/X (sky130_fd_sc_hd__o31a_2)
                                                         _0373_ (net)
                      0.035051    0.000000   17.119617 v _2659_/C1 (sky130_fd_sc_hd__a2111o_2)
     1    0.001437    0.039047    0.177909   17.297527 v _2659_/X (sky130_fd_sc_hd__a2111o_2)
                                                         _0385_ (net)
                      0.039047    0.000000   17.297527 v _2672_/A (sky130_fd_sc_hd__or4b_2)
     8    0.026479    0.122273    0.452591   17.750118 v _2672_/X (sky130_fd_sc_hd__or4b_2)
                                                         _0399_ (net)
                      0.122273    0.000000   17.750118 v _2683_/A1 (sky130_fd_sc_hd__o31a_2)
     1    0.007716    0.047147    0.247514   17.997633 v _2683_/X (sky130_fd_sc_hd__o31a_2)
                                                         _0410_ (net)
                      0.047147    0.000000   17.997633 v _2684_/B (sky130_fd_sc_hd__xor2_2)
     1    0.033442    0.320959    0.259931   18.257563 ^ _2684_/X (sky130_fd_sc_hd__xor2_2)
                                                         uo_out[1] (net)
                      0.320959    0.000000   18.257563 ^ uo_out[1] (out)
                                             18.257563   data arrival time

                      0.150000   50.000000   50.000000   clock clk (rise edge)
                                  0.000000   50.000000   clock network delay (ideal)
                                 -0.250000   49.749996   clock uncertainty
                                  0.000000   49.749996   clock reconvergence pessimism
                                -10.000000   39.749996   output external delay
                                             39.749996   data required time
---------------------------------------------------------------------------------------------
                                             39.749996   data required time
                                            -18.257563   data arrival time
---------------------------------------------------------------------------------------------
                                             21.492434   slack (MET)




===========================================================================
report_checks --slack_max -0.01
============================================================================
======================= nom_ff_n40C_1v95 Corner ===================================

No paths found.


===========================================================================
 report_check_types -max_slew -max_cap -max_fanout -violators
============================================================================
======================= nom_ff_n40C_1v95 Corner ===================================

max fanout

Pin                                   Limit Fanout  Slack
---------------------------------------------------------
_1387_/Y                                 10     29    -19 (VIOLATED)
_2763_/Q                                 10     22    -12 (VIOLATED)
_1403_/X                                 10     19     -9 (VIOLATED)
_1445_/X                                 10     19     -9 (VIOLATED)
rst_n                                    10     16     -6 (VIOLATED)
_2466_/Y                                 10     16     -6 (VIOLATED)
_2598_/X                                 10     16     -6 (VIOLATED)
_1411_/X                                 10     14     -4 (VIOLATED)
_2762_/Q                                 10     14     -4 (VIOLATED)
_1490_/Y                                 10     13     -3 (VIOLATED)
_1491_/X                                 10     13     -3 (VIOLATED)
ui_in[0]                                 10     12     -2 (VIOLATED)
ui_in[1]                                 10     12     -2 (VIOLATED)
_1452_/Y                                 10     12     -2 (VIOLATED)
_1456_/Y                                 10     12     -2 (VIOLATED)
_1733_/Y                                 10     12     -2 (VIOLATED)
_2468_/X                                 10     12     -2 (VIOLATED)
_1420_/X                                 10     11        (VIOLATED)
_1495_/Y                                 10     11        (VIOLATED)
_2766_/Q                                 10     11        (VIOLATED)
_2771_/Q                                 10     11        (VIOLATED)
_2773_/Q                                 10     11        (VIOLATED)



===========================================================================
report_parasitic_annotation -report_unannotated
============================================================================
Found 1452 unannotated drivers.
 clk
 ena
 rst_n
 ui_in[0]
 ui_in[1]
 ui_in[2]
 ui_in[3]
 ui_in[4]
 ui_in[5]
 ui_in[6]
 ui_in[7]
 uio_in[0]
 uio_in[1]
 uio_in[2]
 uio_in[3]
 uio_in[4]
 uio_in[5]
 uio_in[6]
 uio_in[7]
 _1377_/Y
 _1378_/Y
 _1379_/Y
 _1380_/Y
 _1381_/Y
 _1382_/Y
 _1383_/Y
 _1384_/Y
 _1385_/Y
 _1386_/X
 _1387_/Y
 _1388_/X
 _1389_/X
 _1390_/X
 _1391_/Y
 _1392_/Y
 _1393_/Y
 _1394_/Y
 _1395_/Y
 _1396_/X
 _1397_/X
 _1398_/Y
 _1399_/X
 _1400_/X
 _1401_/X
 _1402_/Y
 _1403_/X
 _1404_/Y
 _1405_/X
 _1406_/Y
 _1407_/X
 _1408_/X
 _1409_/X
 _1410_/Y
 _1411_/X
 _1412_/Y
 _1413_/Y
 _1414_/X
 _1415_/Y
 _1416_/X
 _1417_/X
 _1418_/Y
 _1419_/Y
 _1420_/X
 _1421_/Y
 _1422_/Y
 _1423_/Y
 _1424_/Y
 _1425_/Y
 _1426_/Y
 _1427_/Y
 _1428_/X
 _1429_/Y
 _1430_/Y
 _1431_/X
 _1432_/Y
 _1433_/Y
 _1434_/Y
 _1435_/Y
 _1436_/X
 _1437_/X
 _1438_/X
 _1439_/Y
 _1440_/X
 _1441_/Y
 _1442_/X
 _1443_/X
 _1444_/Y
 _1445_/X
 _1446_/Y
 _1447_/Y
 _1448_/Y
 _1449_/Y
 _1450_/X
 _1451_/X
 _1452_/Y
 _1453_/X
 _1454_/Y
 _1455_/Y
 _1456_/Y
 _1457_/Y
 _1458_/X
 _1459_/Y
 _1460_/X
 _1461_/X
 _1462_/Y
 _1463_/X
 _1464_/Y
 _1465_/Y
 _1466_/Y
 _1467_/Y
 _1468_/Y
 _1469_/X
 _1470_/Y
 _1471_/X
 _1472_/X
 _1473_/X
 _1474_/Y
 _1475_/Y
 _1476_/X
 _1477_/X
 _1478_/Y
 _1479_/X
 _1480_/Y
 _1481_/X
 _1482_/X
 _1483_/X
 _1484_/X
 _1485_/Y
 _1486_/Y
 _1487_/Y
 _1488_/X
 _1489_/Y
 _1490_/Y
 _1491_/X
 _1492_/Y
 _1493_/X
 _1494_/Y
 _1495_/Y
 _1496_/Y
 _1497_/Y
 _1498_/Y
 _1499_/X
 _1500_/Y
 _1501_/X
 _1502_/Y
 _1503_/X
 _1504_/X
 _1505_/Y
 _1506_/X
 _1507_/X
 _1508_/Y
 _1509_/Y
 _1510_/X
 _1511_/X
 _1512_/Y
 _1513_/X
 _1514_/X
 _1515_/Y
 _1516_/X
 _1517_/Y
 _1518_/Y
 _1519_/X
 _1520_/Y
 _1521_/Y
 _1522_/Y
 _1523_/X
 _1524_/Y
 _1525_/X
 _1526_/X
 _1527_/X
 _1528_/X
 _1529_/Y
 _1530_/Y
 _1531_/X
 _1532_/X
 _1533_/Y
 _1534_/Y
 _1535_/X
 _1536_/Y
 _1537_/X
 _1538_/Y
 _1539_/Y
 _1540_/X
 _1541_/Y
 _1542_/Y
 _1543_/Y
 _1544_/Y
 _1545_/Y
 _1546_/X
 _1547_/Y
 _1548_/Y
 _1549_/Y
 _1550_/X
 _1551_/X
 _1552_/X
 _1553_/X
 _1554_/X
 _1555_/Y
 _1556_/Y
 _1557_/X
 _1558_/X
 _1559_/X
 _1560_/Y
 _1561_/Y
 _1562_/X
 _1563_/X
 _1564_/Y
 _1565_/Y
 _1566_/Y
 _1567_/Y
 _1568_/Y
 _1569_/Y
 _1570_/Y
 _1571_/Y
 _1572_/X
 _1573_/Y
 _1574_/X
 _1575_/Y
 _1576_/Y
 _1577_/X
 _1578_/Y
 _1579_/Y
 _1580_/X
 _1581_/X
 _1582_/Y
 _1583_/Y
 _1584_/X
 _1585_/X
 _1586_/Y
 _1587_/Y
 _1588_/Y
 _1589_/X
 _1590_/Y
 _1591_/Y
 _1592_/X
 _1593_/X
 _1594_/X
 _1595_/X
 _1596_/X
 _1597_/Y
 _1598_/X
 _1599_/Y
 _1600_/X
 _1601_/Y
 _1602_/Y
 _1603_/X
 _1604_/Y
 _1605_/Y
 _1606_/Y
 _1607_/Y
 _1608_/Y
 _1609_/Y
 _1610_/Y
 _1611_/X
 _1612_/Y
 _1613_/X
 _1614_/Y
 _1615_/Y
 _1616_/X
 _1617_/Y
 _1618_/Y
 _1619_/Y
 _1620_/X
 _1621_/Y
 _1622_/Y
 _1623_/Y
 _1624_/Y
 _1625_/X
 _1626_/X
 _1627_/X
 _1628_/Y
 _1629_/Y
 _1630_/Y
 _1631_/Y
 _1632_/Y
 _1633_/X
 _1634_/X
 _1635_/Y
 _1636_/Y
 _1637_/X
 _1638_/Y
 _1639_/X
 _1640_/Y
 _1641_/X
 _1642_/X
 _1643_/Y
 _1644_/X
 _1645_/Y
 _1646_/Y
 _1647_/Y
 _1648_/Y
 _1649_/Y
 _1650_/X
 _1651_/Y
 _1652_/Y
 _1653_/X
 _1654_/Y
 _1655_/Y
 _1656_/Y
 _1657_/Y
 _1658_/X
 _1659_/Y
 _1660_/X
 _1661_/Y
 _1662_/X
 _1663_/Y
 _1664_/X
 _1665_/X
 _1666_/Y
 _1667_/Y
 _1668_/X
 _1669_/Y
 _1670_/Y
 _1671_/X
 _1672_/Y
 _1673_/X
 _1674_/Y
 _1675_/X
 _1676_/Y
 _1677_/X
 _1678_/Y
 _1679_/Y
 _1680_/X
 _1681_/Y
 _1682_/Y
 _1683_/X
 _1684_/Y
 _1685_/X
 _1686_/X
 _1687_/X
 _1688_/Y
 _1689_/X
 _1690_/X
 _1691_/Y
 _1692_/X
 _1693_/X
 _1694_/Y
 _1695_/Y
 _1696_/Y
 _1697_/X
 _1698_/Y
 _1699_/Y
 _1700_/X
 _1701_/Y
 _1702_/X
 _1703_/X
 _1704_/Y
 _1705_/X
 _1706_/X
 _1707_/X
 _1708_/Y
 _1709_/X
 _1710_/Y
 _1711_/Y
 _1712_/Y
 _1713_/X
 _1714_/Y
 _1715_/X
 _1716_/Y
 _1717_/Y
 _1718_/X
 _1719_/X
 _1720_/Y
 _1721_/Y
 _1722_/Y
 _1723_/X
 _1724_/Y
 _1725_/Y
 _1726_/Y
 _1727_/X
 _1728_/X
 _1729_/Y
 _1730_/X
 _1731_/X
 _1732_/Y
 _1733_/Y
 _1734_/Y
 _1735_/Y
 _1736_/Y
 _1737_/Y
 _1738_/Y
 _1739_/X
 _1740_/X
 _1741_/Y
 _1742_/Y
 _1743_/X
 _1744_/X
 _1745_/X
 _1746_/Y
 _1747_/Y
 _1748_/X
 _1749_/Y
 _1750_/X
 _1751_/Y
 _1752_/Y
 _1753_/X
 _1754_/Y
 _1755_/X
 _1756_/Y
 _1757_/X
 _1758_/Y
 _1759_/X
 _1760_/Y
 _1761_/X
 _1762_/Y
 _1763_/Y
 _1764_/X
 _1765_/Y
 _1766_/Y
 _1767_/X
 _1768_/Y
 _1769_/X
 _1770_/X
 _1771_/Y
 _1772_/X
 _1773_/Y
 _1774_/Y
 _1775_/Y
 _1776_/Y
 _1777_/X
 _1778_/Y
 _1779_/Y
 _1780_/Y
 _1781_/Y
 _1782_/X
 _1783_/X
 _1784_/Y
 _1785_/X
 _1786_/X
 _1787_/X
 _1788_/Y
 _1789_/X
 _1790_/X
 _1791_/X
 _1792_/X
 _1793_/X
 _1794_/X
 _1795_/Y
 _1796_/Y
 _1797_/X
 _1798_/X
 _1799_/X
 _1800_/X
 _1801_/X
 _1802_/Y
 _1803_/Y
 _1804_/Y
 _1805_/X
 _1806_/X
 _1807_/Y
 _1808_/Y
 _1809_/X
 _1810_/Y
 _1811_/Y
 _1812_/Y
 _1813_/Y
 _1814_/Y
 _1815_/Y
 _1816_/X
 _1817_/Y
 _1818_/X
 _1819_/Y
 _1820_/Y
 _1821_/Y
 _1822_/Y
 _1823_/X
 _1824_/Y
 _1825_/Y
 _1826_/Y
 _1827_/X
 _1828_/X
 _1829_/Y
 _1830_/Y
 _1831_/X
 _1832_/Y
 _1833_/X
 _1834_/Y
 _1835_/X
 _1836_/Y
 _1837_/Y
 _1838_/X
 _1839_/X
 _1840_/X
 _1841_/Y
 _1842_/Y
 _1843_/Y
 _1844_/X
 _1845_/Y
 _1846_/Y
 _1847_/X
 _1848_/X
 _1849_/Y
 _1850_/Y
 _1851_/X
 _1852_/X
 _1853_/X
 _1854_/Y
 _1855_/Y
 _1856_/X
 _1857_/X
 _1858_/X
 _1859_/Y
 _1860_/Y
 _1861_/X
 _1862_/X
 _1863_/X
 _1864_/X
 _1865_/X
 _1866_/Y
 _1867_/X
 _1868_/Y
 _1869_/X
 _1870_/Y
 _1871_/X
 _1872_/Y
 _1873_/X
 _1874_/Y
 _1875_/Y
 _1876_/Y
 _1877_/Y
 _1878_/X
 _1879_/X
 _1880_/X
 _1881_/X
 _1882_/Y
 _1883_/Y
 _1884_/Y
 _1885_/Y
 _1886_/X
 _1887_/Y
 _1888_/Y
 _1889_/X
 _1890_/Y
 _1891_/Y
 _1892_/Y
 _1893_/X
 _1894_/Y
 _1895_/X
 _1896_/X
 _1897_/Y
 _1898_/Y
 _1899_/Y
 _1900_/Y
 _1901_/X
 _1902_/X
 _1903_/Y
 _1904_/Y
 _1905_/Y
 _1906_/X
 _1907_/Y
 _1908_/X
 _1909_/Y
 _1910_/Y
 _1911_/Y
 _1912_/X
 _1913_/Y
 _1914_/X
 _1915_/Y
 _1916_/Y
 _1917_/X
 _1918_/Y
 _1919_/Y
 _1920_/Y
 _1921_/X
 _1922_/X
 _1923_/X
 _1924_/Y
 _1925_/Y
 _1926_/X
 _1927_/X
 _1928_/X
 _1929_/Y
 _1930_/X
 _1931_/Y
 _1932_/Y
 _1933_/Y
 _1934_/Y
 _1935_/Y
 _1936_/X
 _1937_/Y
 _1938_/Y
 _1939_/X
 _1940_/Y
 _1941_/Y
 _1942_/Y
 _1943_/Y
 _1944_/X
 _1945_/Y
 _1946_/Y
 _1947_/X
 _1948_/X
 _1949_/X
 _1950_/Y
 _1951_/Y
 _1952_/Y
 _1953_/Y
 _1954_/Y
 _1955_/X
 _1956_/X
 _1957_/X
 _1958_/Y
 _1959_/X
 _1960_/Y
 _1961_/Y
 _1962_/X
 _1963_/X
 _1964_/Y
 _1965_/Y
 _1966_/Y
 _1967_/X
 _1968_/Y
 _1969_/Y
 _1970_/X
 _1971_/Y
 _1972_/X
 _1973_/X
 _1974_/X
 _1975_/X
 _1976_/Y
 _1977_/Y
 _1978_/X
 _1979_/X
 _1980_/Y
 _1981_/X
 _1982_/X
 _1983_/Y
 _1984_/Y
 _1985_/Y
 _1986_/X
 _1987_/X
 _1988_/Y
 _1989_/X
 _1990_/X
 _1991_/X
 _1992_/X
 _1993_/Y
 _1994_/X
 _1995_/X
 _1996_/X
 _1997_/Y
 _1998_/Y
 _1999_/X
 _2000_/Y
 _2001_/X
 _2002_/Y
 _2003_/Y
 _2004_/X
 _2005_/Y
 _2006_/X
 _2007_/Y
 _2008_/Y
 _2009_/X
 _2010_/Y
 _2011_/Y
 _2012_/X
 _2013_/Y
 _2014_/Y
 _2015_/X
 _2016_/X
 _2017_/Y
 _2018_/Y
 _2019_/X
 _2020_/Y
 _2021_/Y
 _2022_/X
 _2023_/Y
 _2024_/Y
 _2025_/Y
 _2026_/Y
 _2027_/X
 _2028_/Y
 _2029_/X
 _2030_/X
 _2031_/Y
 _2032_/Y
 _2033_/Y
 _2034_/X
 _2035_/X
 _2036_/X
 _2037_/Y
 _2038_/Y
 _2039_/Y
 _2040_/Y
 _2041_/X
 _2042_/X
 _2043_/Y
 _2044_/X
 _2045_/X
 _2046_/Y
 _2047_/X
 _2048_/Y
 _2049_/Y
 _2050_/Y
 _2051_/Y
 _2052_/Y
 _2053_/X
 _2054_/Y
 _2055_/Y
 _2056_/Y
 _2057_/X
 _2058_/Y
 _2059_/Y
 _2060_/Y
 _2061_/X
 _2062_/X
 _2063_/X
 _2064_/Y
 _2065_/Y
 _2066_/X
 _2067_/X
 _2068_/Y
 _2069_/Y
 _2070_/Y
 _2071_/Y
 _2072_/Y
 _2073_/Y
 _2074_/X
 _2075_/X
 _2076_/X
 _2077_/Y
 _2078_/X
 _2079_/Y
 _2080_/Y
 _2081_/X
 _2082_/X
 _2083_/X
 _2084_/X
 _2085_/Y
 _2086_/Y
 _2087_/Y
 _2088_/X
 _2089_/Y
 _2090_/Y
 _2091_/X
 _2092_/X
 _2093_/X
 _2094_/Y
 _2095_/X
 _2096_/Y
 _2097_/Y
 _2098_/Y
 _2099_/Y
 _2100_/X
 _2101_/X
 _2102_/X
 _2103_/X
 _2104_/Y
 _2105_/X
 _2106_/Y
 _2107_/X
 _2108_/X
 _2109_/X
 _2110_/Y
 _2111_/X
 _2112_/Y
 _2113_/X
 _2114_/Y
 _2115_/X
 _2116_/X
 _2117_/Y
 _2118_/Y
 _2119_/X
 _2120_/X
 _2121_/Y
 _2122_/Y
 _2123_/X
 _2124_/X
 _2125_/X
 _2126_/X
 _2127_/Y
 _2128_/X
 _2129_/Y
 _2130_/Y
 _2131_/Y
 _2132_/Y
 _2133_/X
 _2134_/X
 _2135_/X
 _2136_/Y
 _2137_/X
 _2138_/Y
 _2139_/Y
 _2140_/Y
 _2141_/X
 _2142_/X
 _2143_/Y
 _2144_/X
 _2145_/X
 _2146_/Y
 _2147_/Y
 _2148_/X
 _2149_/X
 _2150_/Y
 _2151_/X
 _2152_/Y
 _2153_/Y
 _2154_/X
 _2155_/Y
 _2156_/X
 _2157_/X
 _2158_/X
 _2159_/X
 _2160_/X
 _2161_/X
 _2162_/Y
 _2163_/Y
 _2164_/Y
 _2165_/Y
 _2166_/Y
 _2167_/Y
 _2168_/Y
 _2169_/Y
 _2170_/Y
 _2171_/Y
 _2172_/X
 _2173_/Y
 _2174_/Y
 _2175_/Y
 _2176_/X
 _2177_/Y
 _2178_/Y
 _2179_/Y
 _2180_/Y
 _2181_/X
 _2182_/Y
 _2183_/X
 _2184_/X
 _2185_/Y
 _2186_/X
 _2187_/Y
 _2188_/Y
 _2189_/Y
 _2190_/X
 _2191_/X
 _2192_/Y
 _2193_/X
 _2194_/X
 _2195_/X
 _2196_/Y
 _2197_/X
 _2198_/Y
 _2199_/Y
 _2200_/X
 _2201_/X
 _2202_/X
 _2203_/Y
 _2204_/X
 _2205_/Y
 _2206_/X
 _2207_/X
 _2208_/X
 _2209_/Y
 _2210_/Y
 _2211_/X
 _2212_/Y
 _2213_/Y
 _2214_/X
 _2215_/Y
 _2216_/X
 _2217_/Y
 _2218_/Y
 _2219_/Y
 _2220_/Y
 _2221_/Y
 _2222_/X
 _2223_/Y
 _2224_/Y
 _2225_/X
 _2226_/X
 _2227_/X
 _2228_/X
 _2229_/Y
 _2230_/Y
 _2231_/Y
 _2232_/Y
 _2233_/X
 _2234_/X
 _2235_/Y
 _2236_/X
 _2237_/Y
 _2238_/Y
 _2239_/Y
 _2240_/X
 _2241_/Y
 _2242_/Y
 _2243_/Y
 _2244_/X
 _2245_/Y
 _2246_/Y
 _2247_/X
 _2248_/X
 _2249_/X
 _2250_/Y
 _2251_/Y
 _2252_/Y
 _2253_/Y
 _2254_/X
 _2255_/Y
 _2256_/Y
 _2257_/X
 _2258_/X
 _2259_/X
 _2260_/Y
 _2261_/Y
 _2262_/X
 _2263_/X
 _2264_/X
 _2265_/Y
 _2266_/Y
 _2267_/Y
 _2268_/Y
 _2269_/Y
 _2270_/Y
 _2271_/Y
 _2272_/Y
 _2273_/X
 _2274_/Y
 _2275_/Y
 _2276_/Y
 _2277_/Y
 _2278_/X
 _2279_/X
 _2280_/X
 _2281_/X
 _2282_/Y
 _2283_/X
 _2284_/Y
 _2285_/X
 _2286_/X
 _2287_/Y
 _2288_/X
 _2289_/Y
 _2290_/X
 _2291_/X
 _2292_/X
 _2293_/Y
 _2294_/X
 _2295_/Y
 _2296_/X
 _2297_/X
 _2298_/Y
 _2299_/X
 _2300_/Y
 _2301_/X
 _2302_/X
 _2303_/Y
 _2304_/Y
 _2305_/Y
 _2306_/X
 _2307_/Y
 _2308_/X
 _2309_/X
 _2310_/X
 _2311_/Y
 _2312_/Y
 _2313_/Y
 _2314_/X
 _2315_/X
 _2316_/X
 _2317_/Y
 _2318_/Y
 _2319_/Y
 _2320_/X
 _2321_/X
 _2322_/Y
 _2323_/Y
 _2324_/X
 _2325_/Y
 _2326_/X
 _2327_/Y
 _2328_/Y
 _2329_/X
 _2330_/Y
 _2331_/Y
 _2332_/X
 _2333_/Y
 _2334_/Y
 _2335_/X
 _2336_/X
 _2337_/X
 _2338_/Y
 _2339_/X
 _2340_/X
 _2341_/X
 _2342_/Y
 _2343_/X
 _2344_/Y
 _2345_/X
 _2346_/X
 _2347_/Y
 _2348_/Y
 _2349_/X
 _2350_/Y
 _2351_/X
 _2352_/Y
 _2353_/Y
 _2354_/X
 _2355_/X
 _2356_/X
 _2357_/X
 _2358_/Y
 _2359_/Y
 _2360_/Y
 _2361_/X
 _2362_/X
 _2363_/Y
 _2364_/X
 _2365_/X
 _2366_/X
 _2367_/X
 _2368_/X
 _2369_/X
 _2370_/X
 _2371_/X
 _2372_/X
 _2373_/X
 _2374_/Y
 _2375_/Y
 _2376_/X
 _2377_/Y
 _2378_/Y
 _2379_/X
 _2380_/Y
 _2381_/Y
 _2382_/Y
 _2383_/X
 _2384_/Y
 _2385_/Y
 _2386_/X
 _2387_/Y
 _2388_/X
 _2389_/Y
 _2390_/X
 _2391_/Y
 _2392_/X
 _2393_/Y
 _2394_/Y
 _2395_/X
 _2396_/Y
 _2397_/X
 _2398_/Y
 _2399_/Y
 _2400_/X
 _2401_/X
 _2402_/X
 _2403_/Y
 _2404_/Y
 _2405_/Y
 _2406_/Y
 _2407_/X
 _2408_/X
 _2409_/Y
 _2410_/Y
 _2411_/Y
 _2412_/Y
 _2413_/X
 _2414_/X
 _2415_/X
 _2416_/Y
 _2417_/X
 _2418_/Y
 _2419_/Y
 _2420_/X
 _2421_/Y
 _2422_/X
 _2423_/Y
 _2424_/X
 _2425_/X
 _2426_/X
 _2427_/X
 _2428_/X
 _2429_/Y
 _2430_/Y
 _2431_/X
 _2432_/X
 _2433_/Y
 _2434_/X
 _2435_/X
 _2436_/X
 _2437_/Y
 _2438_/Y
 _2439_/X
 _2440_/Y
 _2441_/Y
 _2442_/Y
 _2443_/X
 _2444_/Y
 _2445_/X
 _2446_/X
 _2447_/Y
 _2448_/X
 _2449_/Y
 _2450_/X
 _2451_/Y
 _2452_/X
 _2453_/X
 _2454_/X
 _2455_/X
 _2456_/X
 _2457_/Y
 _2458_/Y
 _2459_/X
 _2460_/Y
 _2461_/X
 _2462_/X
 _2463_/X
 _2464_/Y
 _2465_/X
 _2466_/Y
 _2467_/X
 _2468_/X
 _2469_/Y
 _2470_/X
 _2471_/Y
 _2472_/Y
 _2473_/Y
 _2474_/Y
 _2475_/Y
 _2476_/Y
 _2477_/Y
 _2478_/X
 _2479_/Y
 _2480_/Y
 _2481_/X
 _2482_/X
 _2483_/Y
 _2484_/Y
 _2485_/Y
 _2486_/X
 _2487_/X
 _2488_/X
 _2489_/Y
 _2490_/Y
 _2491_/X
 _2492_/Y
 _2493_/Y
 _2494_/Y
 _2495_/X
 _2496_/X
 _2497_/Y
 _2498_/Y
 _2499_/Y
 _2500_/Y
 _2501_/X
 _2502_/X
 _2503_/Y
 _2504_/X
 _2505_/Y
 _2506_/Y
 _2507_/Y
 _2508_/Y
 _2509_/X
 _2510_/Y
 _2511_/X
 _2512_/Y
 _2513_/Y
 _2514_/Y
 _2515_/Y
 _2516_/X
 _2517_/Y
 _2518_/X
 _2519_/X
 _2520_/X
 _2521_/Y
 _2522_/Y
 _2523_/Y
 _2524_/X
 _2525_/Y
 _2526_/Y
 _2527_/Y
 _2528_/Y
 _2529_/X
 _2530_/Y
 _2531_/X
 _2532_/X
 _2533_/Y
 _2534_/X
 _2535_/X
 _2536_/Y
 _2537_/Y
 _2538_/X
 _2539_/X
 _2540_/X
 _2541_/Y
 _2542_/Y
 _2543_/X
 _2544_/Y
 _2545_/Y
 _2546_/X
 _2547_/X
 _2548_/X
 _2549_/Y
 _2550_/Y
 _2551_/X
 _2552_/Y
 _2553_/Y
 _2554_/X
 _2555_/X
 _2556_/X
 _2557_/X
 _2558_/X
 _2559_/Y
 _2560_/X
 _2561_/X
 _2562_/Y
 _2563_/X
 _2564_/X
 _2565_/X
 _2566_/Y
 _2567_/Y
 _2568_/X
 _2569_/X
 _2570_/X
 _2571_/X
 _2572_/Y
 _2573_/Y
 _2574_/X
 _2575_/Y
 _2576_/X
 _2577_/Y
 _2578_/X
 _2579_/X
 _2580_/X
 _2581_/X
 _2582_/X
 _2583_/Y
 _2584_/Y
 _2585_/X
 _2586_/X
 _2587_/Y
 _2588_/X
 _2589_/X
 _2590_/X
 _2591_/X
 _2592_/Y
 _2593_/X
 _2594_/Y
 _2595_/Y
 _2596_/X
 _2597_/Y
 _2598_/X
 _2599_/Y
 _2600_/X
 _2601_/Y
 _2602_/Y
 _2603_/X
 _2604_/Y
 _2605_/Y
 _2606_/X
 _2607_/Y
 _2608_/X
 _2609_/Y
 _2610_/X
 _2611_/Y
 _2612_/Y
 _2613_/Y
 _2614_/Y
 _2615_/X
 _2616_/Y
 _2617_/Y
 _2618_/Y
 _2619_/X
 _2620_/Y
 _2621_/Y
 _2622_/X
 _2623_/X
 _2624_/Y
 _2625_/X
 _2626_/Y
 _2627_/Y
 _2628_/Y
 _2629_/X
 _2630_/Y
 _2631_/X
 _2632_/X
 _2633_/X
 _2634_/X
 _2635_/Y
 _2636_/Y
 _2637_/Y
 _2638_/Y
 _2639_/Y
 _2640_/X
 _2641_/X
 _2642_/X
 _2643_/Y
 _2644_/X
 _2645_/X
 _2646_/X
 _2647_/Y
 _2648_/X
 _2649_/X
 _2650_/Y
 _2651_/Y
 _2652_/X
 _2653_/Y
 _2654_/X
 _2655_/X
 _2656_/Y
 _2657_/X
 _2658_/Y
 _2659_/X
 _2660_/Y
 _2661_/X
 _2662_/Y
 _2663_/Y
 _2664_/X
 _2665_/X
 _2666_/X
 _2667_/Y
 _2668_/Y
 _2669_/Y
 _2670_/X
 _2671_/Y
 _2672_/X
 _2673_/X
 _2674_/Y
 _2675_/X
 _2676_/X
 _2677_/Y
 _2678_/Y
 _2679_/Y
 _2680_/Y
 _2681_/Y
 _2682_/Y
 _2683_/X
 _2684_/X
 _2685_/Y
 _2686_/X
 _2687_/Y
 _2688_/X
 _2689_/X
 _2690_/X
 _2691_/Y
 _2692_/X
 _2693_/X
 _2694_/Y
 _2695_/X
 _2696_/X
 _2697_/Y
 _2698_/Y
 _2699_/Y
 _2700_/X
 _2701_/Y
 _2702_/X
 _2703_/X
 _2704_/Y
 _2705_/Y
 _2706_/X
 _2707_/Y
 _2708_/X
 _2709_/X
 _2710_/Y
 _2711_/Y
 _2712_/Y
 _2713_/X
 _2714_/Y
 _2715_/X
 _2716_/X
 _2717_/X
 _2718_/Y
 _2719_/X
 _2720_/X
 _2721_/Y
 _2722_/Y
 _2723_/X
 _2724_/Y
 _2725_/Y
 _2726_/Y
 _2727_/Y
 _2728_/X
 _2729_/X
 _2730_/X
 _2731_/Y
 _2732_/X
 _2733_/Y
 _2734_/Y
 _2735_/X
 _2736_/Y
 _2737_/X
 _2738_/Y
 _2739_/X
 _2740_/Y
 _2741_/Y
 _2742_/X
 _2743_/Y
 _2744_/X
 _2745_/Y
 _2746_/X
 _2747_/Y
 _2748_/X
 _2749_/Y
 _2750_/Y
 _2751_/X
 _2752_/X
 _2753_/X
 _2754_/Y
 _2755_/X
 _2756_/X
 _2757_/Y
 _2758_/Y
 _2759_/Y
 _2760_/Y
 _2761_/Y
 _2762_/Q
 _2763_/Q
 _2764_/Q
 _2765_/Q
 _2766_/Q
 _2767_/Q
 _2768_/Q
 _2769_/Q
 _2770_/Q
 _2771_/Q
 _2772_/Q
 _2773_/Q
 _2774_/Q
 _2775_/Q
 _2776_/Q
 _2777_/Q
 _2778_/HI
 _2778_/LO
 _2779_/HI
 _2779_/LO
 _2780_/HI
 _2780_/LO
 _2781_/HI
 _2781_/LO
 _2782_/HI
 _2782_/LO
 _2783_/HI
 _2783_/LO
 _2784_/HI
 _2784_/LO
 _2785_/HI
 _2785_/LO
 _2786_/HI
 _2786_/LO
 _2787_/HI
 _2787_/LO
 _2788_/HI
 _2788_/LO
 _2789_/HI
 _2789_/LO
 _2790_/HI
 _2790_/LO
 _2791_/HI
 _2791_/LO
 _2792_/HI
 _2792_/LO
 _2793_/HI
 _2793_/LO
Found 0 partially unannotated drivers.

===========================================================================
max slew violation count 0
max fanout violation count 22
max cap violation count 0
============================================================================

===========================================================================
check_setup -verbose -unconstrained_endpoints -multiple_clock -no_clock -no_input_delay -loops -generated_clocks
===========================================================================
Warning: There are 16 unconstrained endpoints.
  uio_oe[0]
  uio_oe[1]
  uio_oe[2]
  uio_oe[3]
  uio_oe[4]
  uio_oe[5]
  uio_oe[6]
  uio_oe[7]
  uio_out[0]
  uio_out[1]
  uio_out[2]
  uio_out[3]
  uio_out[4]
  uio_out[5]
  uio_out[6]
  uio_out[7]
