Reading timing models for corner nom_tt_025C_1v80…
Reading timing library for the 'nom_tt_025C_1v80' corner at '/foss/pdks/sky130A/libs.ref/sky130_fd_sc_hd/lib/sky130_fd_sc_hd__tt_025C_1v80.lib'…
Reading timing models for corner nom_ff_n40C_1v95…
Reading timing library for the 'nom_ff_n40C_1v95' corner at '/foss/pdks/sky130A/libs.ref/sky130_fd_sc_hd/lib/sky130_fd_sc_hd__ff_n40C_1v95.lib'…
Reading timing models for corner nom_ss_100C_1v60…
Reading timing library for the 'nom_ss_100C_1v60' corner at '/foss/pdks/sky130A/libs.ref/sky130_fd_sc_hd/lib/sky130_fd_sc_hd__ss_100C_1v60.lib'…
Reading OpenROAD database at '/foss/designs/ece429-finalproject/src/runs/RUN_2026-05-12_03-27-23/33-openroad-detailedplacement/tt_um_connerdaehler_boop.odb'…
Reading design constraints file at '/usr/local/lib/python3.12/dist-packages/librelane/scripts/base.sdc'…
[INFO] Using clock clk…
[INFO] Setting output delay to: 10
[INFO] Setting input delay to: 10
[INFO] Setting load to: 0.033442
[INFO] Setting clock uncertainty to: 0.25
[INFO] Setting clock transition to: 0.1499999999999999944488848768742172978818416595458984375
[INFO] Setting timing derate to: 5%
[INFO] Setting RC values…
[INFO] Configuring cts characterization…
[INFO] Performing clock tree synthesis…
[INFO] Looking for the following net(s): clk
[INFO] Running Clock Tree Synthesis…
[INFO CTS-0050] Root buffer is sky130_fd_sc_hd__clkbuf_16.
[INFO CTS-0051] Sink buffer is sky130_fd_sc_hd__clkbuf_8.
[INFO CTS-0052] The following clock buffers will be used for CTS:
                    sky130_fd_sc_hd__clkbuf_2
                    sky130_fd_sc_hd__clkbuf_4
                    sky130_fd_sc_hd__clkbuf_8
[INFO CTS-0049] Characterization buffer is sky130_fd_sc_hd__clkbuf_8.
[INFO CTS-0007] Net "clk" found for clock "clk".
[INFO CTS-0010]  Clock net "clk" has 16 sinks.
[INFO CTS-0008] TritonCTS found 1 clock nets.
[INFO CTS-0097] Characterization used 3 buffer(s) types.
[INFO CTS-0200] 0 placement blockages have been identified.
[INFO CTS-0201] 0 placed hard macros will be treated like blockages.
[INFO CTS-0027] Generating H-Tree topology for net clk.
[INFO CTS-0028]  Total number of sinks: 16.
[INFO CTS-0029]  Sinks will be clustered in groups of up to 25 and with maximum cluster diameter of 50.0 um.
[INFO CTS-0030]  Number of static layers: 0.
[INFO CTS-0020]  Wire segment unit: 13600  dbu (13 um).
[INFO CTS-0023]  Original sink region: [(4405, 31340), (60985, 85740)].
[INFO CTS-0024]  Normalized sink region: [(0.323897, 2.30441), (4.48419, 6.30441)].
[INFO CTS-0025]     Width:  4.1603.
[INFO CTS-0026]     Height: 4.0000.
 Level 1
    Direction: Horizontal
    Sinks per sub-region: 8
    Sub-region size: 2.0801 X 4.0000
[INFO CTS-0034]     Segment length (rounded): 1.
[INFO CTS-0032]  Stop criterion found. Max number of sinks is 15.
[INFO CTS-0035]  Number of sinks covered: 16.
[INFO CTS-0018]     Created 3 clock buffers.
[INFO CTS-0012]     Minimum number of buffers in the clock path: 2.
[INFO CTS-0013]     Maximum number of buffers in the clock path: 2.
[INFO CTS-0015]     Created 3 clock nets.
[INFO CTS-0016]     Fanout distribution for the current clock = 7:1, 9:1..
[INFO CTS-0017]     Max level of the clock tree: 1.
[INFO CTS-0098] Clock net "clk"
[INFO CTS-0099]  Sinks 17
[INFO CTS-0100]  Leaf buffers 0
[INFO CTS-0101]  Average sink wire length 98.71 um
[INFO CTS-0102]  Path depth 2 - 2
[INFO CTS-0207]  Leaf load cells 1
[INFO] Repairing long wires on clock nets…
[INFO RSZ-0058] Using max wire length 6335um.
Setting global connections for newly added cells…
[INFO] Setting global connections...
Updating metrics…
Cell type report:                       Count       Area
  Fill cell                               122     457.94
  Tap cell                                378     472.95
  Clock buffer                              4      88.84
  Timing Repair Buffer                     48     275.26
  Inverter                                 32     120.12
  Sequential cell                          16     434.17
  Multi-Input combinational cell         1369   10313.64
  Total                                  1969   12162.92
Writing OpenROAD database to '/foss/designs/ece429-finalproject/src/runs/RUN_2026-05-12_03-27-23/34-openroad-cts/tt_um_connerdaehler_boop.odb'…
Writing netlist to '/foss/designs/ece429-finalproject/src/runs/RUN_2026-05-12_03-27-23/34-openroad-cts/tt_um_connerdaehler_boop.nl.v'…
Writing powered netlist to '/foss/designs/ece429-finalproject/src/runs/RUN_2026-05-12_03-27-23/34-openroad-cts/tt_um_connerdaehler_boop.pnl.v'…
Writing layout to '/foss/designs/ece429-finalproject/src/runs/RUN_2026-05-12_03-27-23/34-openroad-cts/tt_um_connerdaehler_boop.def'…
Writing timing constraints to '/foss/designs/ece429-finalproject/src/runs/RUN_2026-05-12_03-27-23/34-openroad-cts/tt_um_connerdaehler_boop.sdc'…
[INFO] Legalizing…
Placement Analysis
---------------------------------
total displacement         52.5 u
average displacement        0.0 u
max displacement            7.4 u
original HPWL           25594.0 u
legalized HPWL          26479.1 u
delta HPWL                    3 %

[INFO DPL-0020] Mirrored 545 instances
[INFO DPL-0021] HPWL before           26479.1 u
[INFO DPL-0022] HPWL after            25616.6 u
[INFO DPL-0023] HPWL delta               -3.3 %
Setting global connections for newly added cells…
[INFO] Setting global connections...
Updating metrics…
Cell type report:                       Count       Area
  Fill cell                               122     457.94
  Tap cell                                378     472.95
  Clock buffer                              4      88.84
  Timing Repair Buffer                     48     275.26
  Inverter                                 32     120.12
  Sequential cell                          16     434.17
  Multi-Input combinational cell         1369   10313.64
  Total                                  1969   12162.92
Writing OpenROAD database to '/foss/designs/ece429-finalproject/src/runs/RUN_2026-05-12_03-27-23/34-openroad-cts/tt_um_connerdaehler_boop.odb'…
Writing netlist to '/foss/designs/ece429-finalproject/src/runs/RUN_2026-05-12_03-27-23/34-openroad-cts/tt_um_connerdaehler_boop.nl.v'…
Writing powered netlist to '/foss/designs/ece429-finalproject/src/runs/RUN_2026-05-12_03-27-23/34-openroad-cts/tt_um_connerdaehler_boop.pnl.v'…
Writing layout to '/foss/designs/ece429-finalproject/src/runs/RUN_2026-05-12_03-27-23/34-openroad-cts/tt_um_connerdaehler_boop.def'…
Writing timing constraints to '/foss/designs/ece429-finalproject/src/runs/RUN_2026-05-12_03-27-23/34-openroad-cts/tt_um_connerdaehler_boop.sdc'…
%OL_CREATE_REPORT cts.rpt
[INFO CTS-0003] Total number of Clock Roots: 1.
[INFO CTS-0004] Total number of Buffers Inserted: 3.
[INFO CTS-0005] Total number of Clock Subnets: 3.
[INFO CTS-0006] Total number of Sinks: 16.
%OL_END_REPORT
