Reading technology LEF file at '/foss/pdks/sky130A/libs.ref/sky130_fd_sc_hd/techlef/sky130_fd_sc_hd__min.tlef'…
[INFO ODB-0227] LEF file: /foss/pdks/sky130A/libs.ref/sky130_fd_sc_hd/techlef/sky130_fd_sc_hd__min.tlef, created 14 layers, 25 vias
Reading cell LEF file at '/foss/pdks/sky130A/libs.ref/sky130_fd_sc_hd/lef/sky130_fd_sc_hd.lef'…
[WARNING ODB-0220] WARNING (LEFPARS-2008): NOWIREEXTENSIONATPIN statement is obsolete in version 5.6 or later.
The NOWIREEXTENSIONATPIN statement will be ignored. See file /foss/pdks/sky130A/libs.ref/sky130_fd_sc_hd/lef/sky130_fd_sc_hd.lef at line 2.

[INFO ODB-0227] LEF file: /foss/pdks/sky130A/libs.ref/sky130_fd_sc_hd/lef/sky130_fd_sc_hd.lef, created 437 library cells
Reading cell LEF file at '/foss/pdks/sky130A/libs.ref/sky130_fd_sc_hd/lef/sky130_ef_sc_hd.lef'…
[WARNING ODB-0220] WARNING (LEFPARS-2008): NOWIREEXTENSIONATPIN statement is obsolete in version 5.6 or later.
The NOWIREEXTENSIONATPIN statement will be ignored. See file /foss/pdks/sky130A/libs.ref/sky130_fd_sc_hd/lef/sky130_ef_sc_hd.lef at line 2.

[INFO ODB-0227] LEF file: /foss/pdks/sky130A/libs.ref/sky130_fd_sc_hd/lef/sky130_ef_sc_hd.lef, created 8 library cells
[INFO ODB-0127] Reading DEF file: /foss/designs/ece429-finalproject/src/runs/RUN_2026-05-12_03-27-23/52-odb-cellfrequencytables/tt_um_connerdaehler_boop.def
[INFO ODB-0128] Design: tt_um_connerdaehler_boop
[INFO ODB-0130]     Created 45 pins.
[INFO ODB-0131]     Created 6548 components and 30440 component-terminals.
[INFO ODB-0132]     Created 2 special nets and 25436 connections.
[INFO ODB-0133]     Created 1488 nets and 4987 connections.
[INFO ODB-0134] Finished DEF file: /foss/designs/ece429-finalproject/src/runs/RUN_2026-05-12_03-27-23/52-odb-cellfrequencytables/tt_um_connerdaehler_boop.def
Using RCX ruleset '/foss/pdks/sky130A/libs.tech/openlane/rules.openrcx.sky130A.min.calibre'…
[INFO RCX-0431] Defined process_corner CURRENT_CORNER with ext_model_index 0
[INFO RCX-0029] Defined extraction corner CURRENT_CORNER
[INFO RCX-0435] Reading extraction model file /foss/pdks/sky130A/libs.tech/openlane/rules.openrcx.sky130A.min.calibre ...
[INFO RCX-0436] RC segment generation tt_um_connerdaehler_boop (max_merge_res 50.0) ...
[INFO RCX-0040] Final 5613 rc segments
[INFO RCX-0439] Coupling Cap extraction tt_um_connerdaehler_boop ...
[INFO RCX-0440] Coupling threshhold is 0.1000 fF, coupling capacitance less than 0.1000 fF will be grounded.
[INFO RCX-0442] 52% of 9597 wires extracted
[INFO RCX-0442] 100% of 9597 wires extracted
[INFO RCX-0045] Extract 1488 nets, 7096 rsegs, 7096 caps, 9546 ccs
Setting global connections for newly added cells…
[INFO] Setting global connections...
Updating metrics…
Cell type report:                       Count       Area
  Fill cell                              4700   16066.66
  Tap cell                                378     472.95
  Standard cell                          1470   11242.03
  Total                                  6548   27781.64
Writing extracted parasitics to '/foss/designs/ece429-finalproject/src/runs/RUN_2026-05-12_03-27-23/53-openroad-rcx/min/tt_um_connerdaehler_boop.min.spef'…
[INFO RCX-0443] 1488 nets finished
