Reading OpenROAD database at '/foss/designs/ece429-finalproject/src/runs/RUN_2026-05-12_03-27-23/41-openroad-repairantennas/1-diodeinsertion/tt_um_connerdaehler_boop.odb'…
Reading library file at '/foss/pdks/sky130A/libs.ref/sky130_fd_sc_hd/lib/sky130_fd_sc_hd__tt_025C_1v80.lib'…
Reading design constraints file at '/usr/local/lib/python3.12/dist-packages/librelane/scripts/base.sdc'…
[INFO] Using clock clk…
[INFO] Setting output delay to: 10
[INFO] Setting input delay to: 10
[INFO] Setting load to: 0.033442
[INFO] Setting clock uncertainty to: 0.25
[INFO] Setting clock transition to: 0.1499999999999999944488848768742172978818416595458984375
[INFO] Setting timing derate to: 5%
[INFO ORD-0030] Using 28 thread(s).
[INFO DRT-0149] Reading tech and libs.
[WARNING DRT-0349] LEF58_ENCLOSURE with no CUTCLASS is not supported. Skipping for layer mcon
[WARNING DRT-0349] LEF58_ENCLOSURE with no CUTCLASS is not supported. Skipping for layer mcon
[WARNING DRT-0349] LEF58_ENCLOSURE with no CUTCLASS is not supported. Skipping for layer via
[WARNING DRT-0349] LEF58_ENCLOSURE with no CUTCLASS is not supported. Skipping for layer via
[WARNING DRT-0349] LEF58_ENCLOSURE with no CUTCLASS is not supported. Skipping for layer via2
[WARNING DRT-0349] LEF58_ENCLOSURE with no CUTCLASS is not supported. Skipping for layer via2
[WARNING DRT-0349] LEF58_ENCLOSURE with no CUTCLASS is not supported. Skipping for layer via3
[WARNING DRT-0349] LEF58_ENCLOSURE with no CUTCLASS is not supported. Skipping for layer via3
[WARNING DRT-0349] LEF58_ENCLOSURE with no CUTCLASS is not supported. Skipping for layer via4
[WARNING DRT-0349] LEF58_ENCLOSURE with no CUTCLASS is not supported. Skipping for layer via4

Units:                1000
Number of layers:     13
Number of macros:     445
Number of vias:       28
Number of viarulegen: 25

[INFO DRT-0150] Reading design.

Design:                   tt_um_connerdaehler_boop
Die area:                 ( 0 0 ) ( 173110 178470 )
Number of track patterns: 12
Number of DEF vias:       0
Number of components:     1970
Number of terminals:      45
Number of snets:          2
Number of nets:           1488

[INFO DRT-0167] List of default vias:
  Layer via
    default via: M1M2_PR
  Layer via2
    default via: M2M3_PR
  Layer via3
    default via: M3M4_PR
  Layer via4
    default via: M4M5_PR
[INFO DRT-0162] Library cell analysis.
[INFO DRT-0163] Instance analysis.
[INFO DRT-0164] Number of unique instances = 262.
[INFO DRT-0168] Init region query.
[INFO DRT-0024]   Complete FR_MASTERSLICE.
[INFO DRT-0024]   Complete licon.
[INFO DRT-0024]   Complete li1.
[INFO DRT-0024]   Complete mcon.
[INFO DRT-0024]   Complete met1.
[INFO DRT-0024]   Complete via.
[INFO DRT-0024]   Complete met2.
[INFO DRT-0024]   Complete via2.
[INFO DRT-0024]   Complete met3.
[INFO DRT-0024]   Complete via3.
[INFO DRT-0024]   Complete met4.
[INFO DRT-0024]   Complete via4.
[INFO DRT-0024]   Complete met5.
[INFO DRT-0033] FR_MASTERSLICE shape region query size = 0.
[INFO DRT-0033] licon shape region query size = 0.
[INFO DRT-0033] li1 shape region query size = 42120.
[INFO DRT-0033] mcon shape region query size = 0.
[INFO DRT-0033] met1 shape region query size = 4772.
[INFO DRT-0033] via shape region query size = 1240.
[INFO DRT-0033] met2 shape region query size = 760.
[INFO DRT-0033] via2 shape region query size = 992.
[INFO DRT-0033] met3 shape region query size = 771.
[INFO DRT-0033] via3 shape region query size = 992.
[INFO DRT-0033] met4 shape region query size = 264.
[INFO DRT-0033] via4 shape region query size = 0.
[INFO DRT-0033] met5 shape region query size = 0.
[INFO DRT-0165] Start pin access.
[INFO DRT-0078]   Complete 971 pins.
[INFO DRT-0079]   Complete 100 unique inst patterns.
[INFO DRT-0079]   Complete 200 unique inst patterns.
[INFO DRT-0081]   Complete 256 unique inst patterns.
[INFO DRT-0084]   Complete 918 groups.
#scanned instances     = 1970
#unique  instances     = 262
#stdCellGenAp          = 7199
#stdCellValidPlanarAp  = 55
#stdCellValidViaAp     = 5573
#stdCellPinNoAp        = 0
#stdCellPinCnt         = 4987
#instTermValidViaApCnt = 0
#macroGenAp            = 0
#macroValidPlanarAp    = 0
#macroValidViaAp       = 0
#macroNoAp             = 0
[INFO DRT-0166] Complete pin access.
[INFO DRT-0267] cpu time = 00:00:33, elapsed time = 00:00:08, memory = 148.59 (MB), peak = 145.12 (MB)

[INFO DRT-0157] Number of guides:     9156

[INFO DRT-0169] Post process guides.
[INFO DRT-0176] GCELLGRID X 0 DO 25 STEP 6900 ;
[INFO DRT-0177] GCELLGRID Y 0 DO 25 STEP 6900 ;
[INFO DRT-0028]   Complete FR_MASTERSLICE.
[INFO DRT-0028]   Complete licon.
[INFO DRT-0028]   Complete li1.
[INFO DRT-0028]   Complete mcon.
[INFO DRT-0028]   Complete met1.
[INFO DRT-0028]   Complete via.
[INFO DRT-0028]   Complete met2.
[INFO DRT-0028]   Complete via2.
[INFO DRT-0028]   Complete met3.
[INFO DRT-0028]   Complete via3.
[INFO DRT-0028]   Complete met4.
[INFO DRT-0028]   Complete via4.
[INFO DRT-0028]   Complete met5.
[INFO DRT-0178] Init guide query.
[INFO DRT-0035]   Complete FR_MASTERSLICE (guide).
[INFO DRT-0035]   Complete licon (guide).
[INFO DRT-0035]   Complete li1 (guide).
[INFO DRT-0035]   Complete mcon (guide).
[INFO DRT-0035]   Complete met1 (guide).
[INFO DRT-0035]   Complete via (guide).
[INFO DRT-0035]   Complete met2 (guide).
[INFO DRT-0035]   Complete via2 (guide).
[INFO DRT-0035]   Complete met3 (guide).
[INFO DRT-0035]   Complete via3 (guide).
[INFO DRT-0035]   Complete met4 (guide).
[INFO DRT-0035]   Complete via4 (guide).
[INFO DRT-0035]   Complete met5 (guide).
[INFO DRT-0036] FR_MASTERSLICE guide region query size = 0.
[INFO DRT-0036] licon guide region query size = 0.
[INFO DRT-0036] li1 guide region query size = 3510.
[INFO DRT-0036] mcon guide region query size = 0.
[INFO DRT-0036] met1 guide region query size = 2473.
[INFO DRT-0036] via guide region query size = 0.
[INFO DRT-0036] met2 guide region query size = 1182.
[INFO DRT-0036] via2 guide region query size = 0.
[INFO DRT-0036] met3 guide region query size = 71.
[INFO DRT-0036] via3 guide region query size = 0.
[INFO DRT-0036] met4 guide region query size = 17.
[INFO DRT-0036] via4 guide region query size = 0.
[INFO DRT-0036] met5 guide region query size = 0.
[INFO DRT-0179] Init gr pin query.
[INFO DRT-0245] skipped writing guide updates to database.
[INFO DRT-0185] Post process initialize RPin region query.
[INFO DRT-0181] Start track assignment.
[INFO DRT-0184] Done with 4709 vertical wires in 1 frboxes and 2544 horizontal wires in 1 frboxes.
[INFO DRT-0186] Done with 369 vertical wires in 1 frboxes and 683 horizontal wires in 1 frboxes.
[INFO DRT-0182] Complete track assignment.
[INFO DRT-0267] cpu time = 00:00:00, elapsed time = 00:00:00, memory = 164.85 (MB), peak = 169.68 (MB)
[INFO DRT-0187] Start routing data preparation.
[INFO DRT-0267] cpu time = 00:00:00, elapsed time = 00:00:00, memory = 164.85 (MB), peak = 169.68 (MB)
[INFO DRT-0194] Start detail routing.
[INFO DRT-0195] Start 0th optimization iteration.
    Completing 10% with 0 violations.
    elapsed time = 00:00:00, memory = 242.55 (MB).
    Completing 20% with 0 violations.
    elapsed time = 00:00:00, memory = 204.77 (MB).
    Completing 30% with 81 violations.
    elapsed time = 00:00:00, memory = 286.27 (MB).
    Completing 40% with 81 violations.
    elapsed time = 00:00:01, memory = 275.84 (MB).
    Completing 50% with 81 violations.
    elapsed time = 00:00:01, memory = 253.83 (MB).
    Completing 60% with 151 violations.
    elapsed time = 00:00:01, memory = 346.20 (MB).
    Completing 70% with 151 violations.
    elapsed time = 00:00:02, memory = 331.77 (MB).
    Completing 80% with 261 violations.
    elapsed time = 00:00:02, memory = 346.98 (MB).
    Completing 90% with 261 violations.
    elapsed time = 00:00:02, memory = 396.77 (MB).
    Completing 100% with 356 violations.
    elapsed time = 00:00:03, memory = 375.60 (MB).
[INFO DRT-0199]   Number of violations = 393.
Viol/Layer         li1   met1   met2   met3
Metal Spacing       20     93     22      3
Min Hole             0      1      0      0
Recheck              0     26     11      0
Short                0    198     19      0
[INFO DRT-0267] cpu time = 00:00:06, elapsed time = 00:00:03, memory = 731.88 (MB), peak = 728.36 (MB)
Total wire length = 28409 um.
Total wire length on LAYER li1 = 0 um.
Total wire length on LAYER met1 = 14231 um.
Total wire length on LAYER met2 = 12923 um.
Total wire length on LAYER met3 = 682 um.
Total wire length on LAYER met4 = 571 um.
Total wire length on LAYER met5 = 0 um.
Total number of vias = 9444.
Up-via summary (total 9444):

-----------------------
 FR_MASTERSLICE       0
            li1    4956
           met1    4354
           met2      97
           met3      37
           met4       0
-----------------------
                   9444


[INFO DRT-0195] Start 1st optimization iteration.
    Completing 10% with 393 violations.
    elapsed time = 00:00:00, memory = 807.24 (MB).
    Completing 20% with 393 violations.
    elapsed time = 00:00:00, memory = 810.94 (MB).
    Completing 30% with 306 violations.
    elapsed time = 00:00:00, memory = 901.34 (MB).
    Completing 40% with 306 violations.
    elapsed time = 00:00:00, memory = 911.55 (MB).
    Completing 50% with 306 violations.
    elapsed time = 00:00:01, memory = 911.68 (MB).
    Completing 60% with 266 violations.
    elapsed time = 00:00:01, memory = 987.84 (MB).
    Completing 70% with 266 violations.
    elapsed time = 00:00:01, memory = 987.84 (MB).
    Completing 80% with 231 violations.
    elapsed time = 00:00:01, memory = 1032.25 (MB).
    Completing 90% with 231 violations.
    elapsed time = 00:00:02, memory = 1032.63 (MB).
    Completing 100% with 191 violations.
    elapsed time = 00:00:02, memory = 1032.63 (MB).
[INFO DRT-0199]   Number of violations = 191.
Viol/Layer        met1   met2
Metal Spacing       53      4
Min Hole             1      0
Short              133      0
[INFO DRT-0267] cpu time = 00:00:05, elapsed time = 00:00:02, memory = 1032.79 (MB), peak = 1028.93 (MB)
Total wire length = 28079 um.
Total wire length on LAYER li1 = 0 um.
Total wire length on LAYER met1 = 13981 um.
Total wire length on LAYER met2 = 12883 um.
Total wire length on LAYER met3 = 664 um.
Total wire length on LAYER met4 = 550 um.
Total wire length on LAYER met5 = 0 um.
Total number of vias = 9413.
Up-via summary (total 9413):

-----------------------
 FR_MASTERSLICE       0
            li1    4951
           met1    4329
           met2     100
           met3      33
           met4       0
-----------------------
                   9413


[INFO DRT-0195] Start 2nd optimization iteration.
    Completing 10% with 191 violations.
    elapsed time = 00:00:00, memory = 1032.79 (MB).
    Completing 20% with 191 violations.
    elapsed time = 00:00:00, memory = 1032.79 (MB).
    Completing 30% with 191 violations.
    elapsed time = 00:00:00, memory = 1063.86 (MB).
    Completing 40% with 183 violations.
    elapsed time = 00:00:00, memory = 1037.11 (MB).
    Completing 50% with 183 violations.
    elapsed time = 00:00:00, memory = 1067.12 (MB).
    Completing 60% with 183 violations.
    elapsed time = 00:00:01, memory = 1039.25 (MB).
    Completing 70% with 125 violations.
    elapsed time = 00:00:01, memory = 1039.25 (MB).
    Completing 80% with 125 violations.
    elapsed time = 00:00:02, memory = 1115.45 (MB).
    Completing 90% with 101 violations.
    elapsed time = 00:00:03, memory = 1181.57 (MB).
    Completing 100% with 110 violations.
    elapsed time = 00:00:03, memory = 1151.96 (MB).
[INFO DRT-0199]   Number of violations = 110.
Viol/Layer        met1   met2
Metal Spacing       30      4
Min Hole             1      0
Short               73      2
[INFO DRT-0267] cpu time = 00:00:05, elapsed time = 00:00:03, memory = 1152.05 (MB), peak = 1177.89 (MB)
Total wire length = 28056 um.
Total wire length on LAYER li1 = 0 um.
Total wire length on LAYER met1 = 13997 um.
Total wire length on LAYER met2 = 12802 um.
Total wire length on LAYER met3 = 697 um.
Total wire length on LAYER met4 = 558 um.
Total wire length on LAYER met5 = 0 um.
Total number of vias = 9378.
Up-via summary (total 9378):

-----------------------
 FR_MASTERSLICE       0
            li1    4951
           met1    4294
           met2      99
           met3      34
           met4       0
-----------------------
                   9378


[INFO DRT-0195] Start 3rd optimization iteration.
    Completing 10% with 110 violations.
    elapsed time = 00:00:00, memory = 1185.15 (MB).
    Completing 20% with 110 violations.
    elapsed time = 00:00:00, memory = 1193.26 (MB).
    Completing 30% with 75 violations.
    elapsed time = 00:00:00, memory = 1193.26 (MB).
    Completing 40% with 75 violations.
    elapsed time = 00:00:00, memory = 1225.02 (MB).
    Completing 50% with 75 violations.
    elapsed time = 00:00:00, memory = 1226.98 (MB).
    Completing 60% with 57 violations.
    elapsed time = 00:00:00, memory = 1226.98 (MB).
    Completing 70% with 57 violations.
    elapsed time = 00:00:00, memory = 1266.23 (MB).
    Completing 80% with 31 violations.
    elapsed time = 00:00:00, memory = 1266.23 (MB).
    Completing 90% with 31 violations.
    elapsed time = 00:00:01, memory = 1300.40 (MB).
    Completing 100% with 0 violations.
    elapsed time = 00:00:01, memory = 1300.40 (MB).
[INFO DRT-0199]   Number of violations = 0.
[INFO DRT-0267] cpu time = 00:00:02, elapsed time = 00:00:01, memory = 1300.40 (MB), peak = 1296.87 (MB)
Total wire length = 27998 um.
Total wire length on LAYER li1 = 0 um.
Total wire length on LAYER met1 = 13786 um.
Total wire length on LAYER met2 = 12836 um.
Total wire length on LAYER met3 = 817 um.
Total wire length on LAYER met4 = 558 um.
Total wire length on LAYER met5 = 0 um.
Total number of vias = 9428.
Up-via summary (total 9428):

-----------------------
 FR_MASTERSLICE       0
            li1    4951
           met1    4314
           met2     129
           met3      34
           met4       0
-----------------------
                   9428


[INFO DRT-0198] Complete detail routing.
Total wire length = 27998 um.
Total wire length on LAYER li1 = 0 um.
Total wire length on LAYER met1 = 13786 um.
Total wire length on LAYER met2 = 12836 um.
Total wire length on LAYER met3 = 817 um.
Total wire length on LAYER met4 = 558 um.
Total wire length on LAYER met5 = 0 um.
Total number of vias = 9428.
Up-via summary (total 9428):

-----------------------
 FR_MASTERSLICE       0
            li1    4951
           met1    4314
           met2     129
           met3      34
           met4       0
-----------------------
                   9428


[INFO DRT-0267] cpu time = 00:00:20, elapsed time = 00:00:10, memory = 1300.40 (MB), peak = 1296.87 (MB)

[INFO DRT-0180] Post processing.
Setting global connections for newly added cells…
[INFO] Setting global connections...
Updating metrics…
Cell type report:                       Count       Area
  Fill cell                               122     457.94
  Tap cell                                378     472.95
  Clock buffer                              4      88.84
  Timing Repair Buffer                     49     285.27
  Inverter                                 32     120.12
  Sequential cell                          16     434.17
  Multi-Input combinational cell         1369   10313.64
  Total                                  1970   12172.92
Writing OpenROAD database to '/foss/designs/ece429-finalproject/src/runs/RUN_2026-05-12_03-27-23/43-openroad-detailedrouting/tt_um_connerdaehler_boop.odb'…
Writing netlist to '/foss/designs/ece429-finalproject/src/runs/RUN_2026-05-12_03-27-23/43-openroad-detailedrouting/tt_um_connerdaehler_boop.nl.v'…
Writing powered netlist to '/foss/designs/ece429-finalproject/src/runs/RUN_2026-05-12_03-27-23/43-openroad-detailedrouting/tt_um_connerdaehler_boop.pnl.v'…
Writing layout to '/foss/designs/ece429-finalproject/src/runs/RUN_2026-05-12_03-27-23/43-openroad-detailedrouting/tt_um_connerdaehler_boop.def'…
Writing timing constraints to '/foss/designs/ece429-finalproject/src/runs/RUN_2026-05-12_03-27-23/43-openroad-detailedrouting/tt_um_connerdaehler_boop.sdc'…
