
===========================================================================
report_checks -unconstrained
===========================================================================
======================= min_ss_100C_1v60 Corner ===================================

Startpoint: rst_n (input port clocked by clk)
Endpoint: _2770_ (recovery check against rising-edge clock clk)
Path Group: asynchronous
Path Type: max

Fanout         Cap        Slew       Delay        Time   Description
---------------------------------------------------------------------------------------------
                                  0.000000    0.000000   clock clk (rise edge)
                                  0.000000    0.000000   clock network delay (propagated)
                                 10.000000   10.000000 ^ input external delay
     1    0.002619    0.031060    0.014816   10.014816 ^ rst_n (in)
                                                         rst_n (net)
                      0.031060    0.000000   10.014816 ^ input2/A (sky130_fd_sc_hd__buf_1)
     2    0.014092    0.275248    0.279417   10.294232 ^ input2/X (sky130_fd_sc_hd__buf_1)
                                                         net2 (net)
                      0.275248    0.000144   10.294376 ^ fanout47/A (sky130_fd_sc_hd__clkbuf_4)
    10    0.052448    0.259281    0.480529   10.774906 ^ fanout47/X (sky130_fd_sc_hd__clkbuf_4)
                                                         net47 (net)
                      0.259302    0.002519   10.777425 ^ _2770_/RESET_B (sky130_fd_sc_hd__dfrtp_4)
                                             10.777425   data arrival time

                                 50.000000   50.000000   clock clk (rise edge)
                                  0.000000   50.000000   clock source latency
     1    0.015846    0.121302    0.081595   50.081593 ^ clk (in)
                                                         clk (net)
                      0.121307    0.000000   50.081593 ^ clkbuf_0_clk/A (sky130_fd_sc_hd__clkbuf_16)
     2    0.018006    0.064936    0.242281   50.323875 ^ clkbuf_0_clk/X (sky130_fd_sc_hd__clkbuf_16)
                                                         clknet_0_clk (net)
                      0.064936    0.000146   50.324020 ^ clkbuf_1_1__f_clk/A (sky130_fd_sc_hd__clkbuf_16)
     9    0.024111    0.072580    0.225132   50.549152 ^ clkbuf_1_1__f_clk/X (sky130_fd_sc_hd__clkbuf_16)
                                                         clknet_1_1__leaf_clk (net)
                      0.072589    0.000494   50.549644 ^ _2770_/CLK (sky130_fd_sc_hd__dfrtp_4)
                                 -0.250000   50.299644   clock uncertainty
                                  0.000000   50.299644   clock reconvergence pessimism
                                  0.356049   50.655693   library recovery time
                                             50.655693   data required time
---------------------------------------------------------------------------------------------
                                             50.655693   data required time
                                            -10.777425   data arrival time
---------------------------------------------------------------------------------------------
                                             39.878269   slack (MET)


Startpoint: ui_in[1] (input port clocked by clk)
Endpoint: uo_out[1] (output port clocked by clk)
Path Group: clk
Path Type: max

Fanout         Cap        Slew       Delay        Time   Description
---------------------------------------------------------------------------------------------
                                  0.000000    0.000000   clock clk (rise edge)
                                  0.000000    0.000000   clock network delay (propagated)
                                 10.000000   10.000000 v input external delay
     1    0.002456    0.017158    0.008131   10.008131 v ui_in[1] (in)
                                                         ui_in[1] (net)
                      0.017158    0.000000   10.008131 v input4/A (sky130_fd_sc_hd__buf_1)
     3    0.015625    0.184462    0.242774   10.250905 v input4/X (sky130_fd_sc_hd__buf_1)
                                                         net4 (net)
                      0.184462    0.000091   10.250997 v fanout45/A (sky130_fd_sc_hd__buf_2)
    10    0.034968    0.168841    0.401620   10.652617 v fanout45/X (sky130_fd_sc_hd__buf_2)
                                                         net45 (net)
                      0.168841    0.000702   10.653318 v _1387_/A_N (sky130_fd_sc_hd__nand2b_1)
     1    0.003339    0.100107    0.344424   10.997743 v _1387_/Y (sky130_fd_sc_hd__nand2b_1)
                                                         _0970_ (net)
                      0.100107    0.000044   10.997787 v fanout44/A (sky130_fd_sc_hd__buf_2)
     6    0.041682    0.195695    0.381694   11.379480 v fanout44/X (sky130_fd_sc_hd__buf_2)
                                                         net44 (net)
                      0.195695    0.000088   11.379569 v fanout41/A (sky130_fd_sc_hd__buf_4)
    10    0.065424    0.164770    0.416843   11.796412 v fanout41/X (sky130_fd_sc_hd__buf_4)
                                                         net41 (net)
                      0.164770    0.000388   11.796801 v _1401_/A2 (sky130_fd_sc_hd__o31a_2)
     2    0.018056    0.157981    0.755712   12.552512 v _1401_/X (sky130_fd_sc_hd__o31a_2)
                                                         _1124_ (net)
                      0.157981    0.000187   12.552699 v _1411_/A (sky130_fd_sc_hd__xor2_2)
     5    0.023658    0.487289    0.523889   13.076589 ^ _1411_/X (sky130_fd_sc_hd__xor2_2)
                                                         _1234_ (net)
                      0.487289    0.000229   13.076818 ^ fanout24/A (sky130_fd_sc_hd__buf_2)
    10    0.040790    0.321677    0.552523   13.629341 ^ fanout24/X (sky130_fd_sc_hd__buf_2)
                                                         net24 (net)
                      0.321677    0.000414   13.629755 ^ _1795_/B (sky130_fd_sc_hd__nor2_1)
     2    0.004322    0.130293    0.170550   13.800304 v _1795_/Y (sky130_fd_sc_hd__nor2_1)
                                                         _0801_ (net)
                      0.130293    0.000028   13.800332 v _1878_/C (sky130_fd_sc_hd__or4_1)
     3    0.006481    0.230453    1.193602   14.993934 v _1878_/X (sky130_fd_sc_hd__or4_1)
                                                         _0887_ (net)
                      0.230453    0.000028   14.993962 v _1881_/A (sky130_fd_sc_hd__and3_1)
     1    0.001636    0.061092    0.353159   15.347121 v _1881_/X (sky130_fd_sc_hd__and3_1)
                                                         _0890_ (net)
                      0.061092    0.000014   15.347136 v _1955_/A (sky130_fd_sc_hd__or2_1)
     2    0.006776    0.131267    0.536650   15.883785 v _1955_/X (sky130_fd_sc_hd__or2_1)
                                                         _0972_ (net)
                      0.131267    0.000076   15.883862 v _1957_/B (sky130_fd_sc_hd__xor2_1)
     2    0.004540    0.119870    0.301510   16.185371 v _1957_/X (sky130_fd_sc_hd__xor2_1)
                                                         _0974_ (net)
                      0.119870    0.000027   16.185398 v _2029_/A (sky130_fd_sc_hd__or2_1)
     3    0.010282    0.162382    0.596128   16.781527 v _2029_/X (sky130_fd_sc_hd__or2_1)
                                                         _1053_ (net)
                      0.162382    0.000089   16.781614 v _2030_/B1 (sky130_fd_sc_hd__o211a_1)
     2    0.004621    0.088723    0.288436   17.070051 v _2030_/X (sky130_fd_sc_hd__o211a_1)
                                                         _1054_ (net)
                      0.088723    0.000028   17.070080 v _2041_/A (sky130_fd_sc_hd__or3_2)
     4    0.016001    0.249324    1.245786   18.315865 v _2041_/X (sky130_fd_sc_hd__or3_2)
                                                         _1066_ (net)
                      0.249324    0.000124   18.315989 v _2111_/C1 (sky130_fd_sc_hd__o211a_1)
     4    0.017902    0.196695    0.399847   18.715836 v _2111_/X (sky130_fd_sc_hd__o211a_1)
                                                         _1143_ (net)
                      0.196695    0.000536   18.716373 v _2131_/A (sky130_fd_sc_hd__nor3_1)
     3    0.008563    0.518270    0.555987   19.272360 ^ _2131_/Y (sky130_fd_sc_hd__nor3_1)
                                                         _1165_ (net)
                      0.518270    0.000021   19.272381 ^ max_cap18/A (sky130_fd_sc_hd__clkbuf_1)
     2    0.008266    0.172294    0.367997   19.640379 ^ max_cap18/X (sky130_fd_sc_hd__clkbuf_1)
                                                         net18 (net)
                      0.172294    0.000163   19.640543 ^ _2185_/C1 (sky130_fd_sc_hd__a211oi_1)
     3    0.008573    0.190186    0.158028   19.798571 v _2185_/Y (sky130_fd_sc_hd__a211oi_1)
                                                         _1225_ (net)
                      0.190186    0.000112   19.798683 v _2240_/A1 (sky130_fd_sc_hd__o211a_1)
     2    0.005859    0.098270    0.482817   20.281500 v _2240_/X (sky130_fd_sc_hd__o211a_1)
                                                         _1285_ (net)
                      0.098270    0.000076   20.281576 v _2241_/B1 (sky130_fd_sc_hd__a211oi_1)
     2    0.006857    0.504466    0.514319   20.795895 ^ _2241_/Y (sky130_fd_sc_hd__a211oi_1)
                                                         _1286_ (net)
                      0.504466    0.000057   20.795952 ^ _2242_/A (sky130_fd_sc_hd__inv_2)
     3    0.010303    0.119892    0.215932   21.011885 v _2242_/Y (sky130_fd_sc_hd__inv_2)
                                                         _1287_ (net)
                      0.119892    0.000062   21.011946 v _2280_/B1 (sky130_fd_sc_hd__o211a_1)
     2    0.004377    0.086126    0.265064   21.277012 v _2280_/X (sky130_fd_sc_hd__o211a_1)
                                                         _1329_ (net)
                      0.086126    0.000030   21.277040 v _2366_/B1 (sky130_fd_sc_hd__a211o_1)
     3    0.008528    0.135766    0.564823   21.841864 v _2366_/X (sky130_fd_sc_hd__a211o_1)
                                                         _0063_ (net)
                      0.135766    0.000142   21.842007 v _2367_/C (sky130_fd_sc_hd__and3_1)
     2    0.004516    0.085909    0.409793   22.251799 v _2367_/X (sky130_fd_sc_hd__and3_1)
                                                         _0064_ (net)
                      0.085909    0.000030   22.251829 v _2369_/A3 (sky130_fd_sc_hd__o311a_1)
     4    0.016194    0.202610    0.683340   22.935169 v _2369_/X (sky130_fd_sc_hd__o311a_1)
                                                         _0066_ (net)
                      0.202610    0.000139   22.935308 v _2383_/A (sky130_fd_sc_hd__or2_2)
     6    0.023924    0.209266    0.861405   23.796713 v _2383_/X (sky130_fd_sc_hd__or2_2)
                                                         _0081_ (net)
                      0.209266    0.000078   23.796791 v _2474_/A (sky130_fd_sc_hd__nor2_1)
     2    0.003189    0.148934    0.228290   24.025082 ^ _2474_/Y (sky130_fd_sc_hd__nor2_1)
                                                         _0182_ (net)
                      0.148934    0.000011   24.025091 ^ _2476_/A_N (sky130_fd_sc_hd__nand2b_1)
     2    0.015131    0.258378    0.337824   24.362915 ^ _2476_/Y (sky130_fd_sc_hd__nand2b_1)
                                                         _0184_ (net)
                      0.258378    0.000083   24.362999 ^ _2493_/A1 (sky130_fd_sc_hd__o21bai_2)
     3    0.020137    0.222401    0.312669   24.675669 v _2493_/Y (sky130_fd_sc_hd__o21bai_2)
                                                         _0202_ (net)
                      0.222401    0.000712   24.676380 v _2495_/A2 (sky130_fd_sc_hd__o211a_1)
     2    0.007041    0.108111    0.480441   25.156822 v _2495_/X (sky130_fd_sc_hd__o211a_1)
                                                         _0205_ (net)
                      0.108111    0.000053   25.156874 v _2496_/B (sky130_fd_sc_hd__or2_1)
     1    0.008785    0.148648    0.538583   25.695457 v _2496_/X (sky130_fd_sc_hd__or2_1)
                                                         _0206_ (net)
                      0.148648    0.000083   25.695541 v _2525_/A (sky130_fd_sc_hd__xnor2_2)
     5    0.018139    0.419020    0.459183   26.154724 ^ _2525_/Y (sky130_fd_sc_hd__xnor2_2)
                                                         _0238_ (net)
                      0.419020    0.000194   26.154917 ^ _2541_/A (sky130_fd_sc_hd__xnor2_1)
     2    0.006101    0.304692    0.351704   26.506622 ^ _2541_/Y (sky130_fd_sc_hd__xnor2_1)
                                                         _0255_ (net)
                      0.304692    0.000080   26.506702 ^ _2583_/B (sky130_fd_sc_hd__nand2_1)
     2    0.005654    0.125429    0.223604   26.730307 v _2583_/Y (sky130_fd_sc_hd__nand2_1)
                                                         _0301_ (net)
                      0.125429    0.000044   26.730350 v _2585_/A2 (sky130_fd_sc_hd__a21o_1)
     2    0.007786    0.098878    0.380016   27.110367 v _2585_/X (sky130_fd_sc_hd__a21o_1)
                                                         _0304_ (net)
                      0.098878    0.000083   27.110449 v _2588_/A1 (sky130_fd_sc_hd__a21o_1)
     2    0.007103    0.093663    0.333047   27.443497 v _2588_/X (sky130_fd_sc_hd__a21o_1)
                                                         _0307_ (net)
                      0.093663    0.000062   27.443560 v _2589_/B (sky130_fd_sc_hd__and2b_1)
     2    0.007964    0.107179    0.372408   27.815968 v _2589_/X (sky130_fd_sc_hd__and2b_1)
                                                         _0308_ (net)
                      0.107179    0.000174   27.816141 v _2590_/A2 (sky130_fd_sc_hd__o21a_1)
     5    0.017396    0.189285    0.443434   28.259575 v _2590_/X (sky130_fd_sc_hd__o21a_1)
                                                         _0309_ (net)
                      0.189285    0.000210   28.259785 v _2594_/A2 (sky130_fd_sc_hd__o311ai_4)
     4    0.011046    0.416524    0.531621   28.791405 ^ _2594_/Y (sky130_fd_sc_hd__o311ai_4)
                                                         _0314_ (net)
                      0.416524    0.000066   28.791471 ^ _2596_/A2 (sky130_fd_sc_hd__a31o_1)
     2    0.005120    0.113252    0.435437   29.226908 ^ _2596_/X (sky130_fd_sc_hd__a31o_1)
                                                         _0316_ (net)
                      0.113252    0.000044   29.226952 ^ _2598_/A2 (sky130_fd_sc_hd__a21o_1)
     2    0.011336    0.169935    0.311944   29.538897 ^ _2598_/X (sky130_fd_sc_hd__a21o_1)
                                                         _0318_ (net)
                      0.169935    0.000378   29.539274 ^ fanout14/A (sky130_fd_sc_hd__clkbuf_2)
    10    0.028646    0.249152    0.366880   29.906155 ^ fanout14/X (sky130_fd_sc_hd__clkbuf_2)
                                                         net14 (net)
                      0.249153    0.001034   29.907188 ^ _2615_/B1_N (sky130_fd_sc_hd__o21ba_1)
     3    0.007251    0.101569    0.374413   30.281603 v _2615_/X (sky130_fd_sc_hd__o21ba_1)
                                                         _0337_ (net)
                      0.101569    0.000071   30.281673 v _2619_/A2 (sky130_fd_sc_hd__a31o_1)
     3    0.008565    0.113270    0.431221   30.712894 v _2619_/X (sky130_fd_sc_hd__a31o_1)
                                                         _0341_ (net)
                      0.113270    0.000092   30.712986 v _2621_/A1 (sky130_fd_sc_hd__a21oi_1)
     3    0.007422    0.316119    0.328694   31.041679 ^ _2621_/Y (sky130_fd_sc_hd__a21oi_1)
                                                         _0343_ (net)
                      0.316119    0.000071   31.041752 ^ _2633_/B_N (sky130_fd_sc_hd__and4bb_2)
     6    0.025357    0.171305    0.703576   31.745327 v _2633_/X (sky130_fd_sc_hd__and4bb_2)
                                                         _0356_ (net)
                      0.171307    0.000959   31.746286 v _2640_/C (sky130_fd_sc_hd__and4_1)
     2    0.004562    0.088801    0.447603   32.193890 v _2640_/X (sky130_fd_sc_hd__and4_1)
                                                         _0364_ (net)
                      0.088801    0.000043   32.193932 v _2648_/A2 (sky130_fd_sc_hd__o31a_1)
     1    0.003443    0.094339    0.532498   32.726429 v _2648_/X (sky130_fd_sc_hd__o31a_1)
                                                         _0373_ (net)
                      0.094339    0.000028   32.726460 v _2659_/C1 (sky130_fd_sc_hd__a2111o_1)
     1    0.002570    0.107551    0.664421   33.390881 v _2659_/X (sky130_fd_sc_hd__a2111o_1)
                                                         _0385_ (net)
                      0.107551    0.000021   33.390903 v _2672_/A (sky130_fd_sc_hd__or4b_4)
     8    0.039824    0.253978    1.236437   34.627338 v _2672_/X (sky130_fd_sc_hd__or4b_4)
                                                         _0399_ (net)
                      0.253985    0.001695   34.629032 v _2683_/A1 (sky130_fd_sc_hd__o31a_2)
     1    0.016945    0.153915    0.819966   35.449001 v _2683_/X (sky130_fd_sc_hd__o31a_2)
                                                         _0410_ (net)
                      0.153915    0.000284   35.449284 v _2684_/B (sky130_fd_sc_hd__xor2_4)
     1    0.034088    0.444134    0.455540   35.904823 ^ _2684_/X (sky130_fd_sc_hd__xor2_4)
                                                         uo_out[1] (net)
                      0.444134    0.000149   35.904972 ^ uo_out[1] (out)
                                             35.904972   data arrival time

                                 50.000000   50.000000   clock clk (rise edge)
                                  0.000000   50.000000   clock network delay (propagated)
                                 -0.250000   49.749996   clock uncertainty
                                  0.000000   49.749996   clock reconvergence pessimism
                                -10.000000   39.749996   output external delay
                                             39.749996   data required time
---------------------------------------------------------------------------------------------
                                             39.749996   data required time
                                            -35.904972   data arrival time
---------------------------------------------------------------------------------------------
                                              3.845024   slack (MET)




===========================================================================
report_checks --slack_max -0.01
============================================================================
======================= min_ss_100C_1v60 Corner ===================================

No paths found.


===========================================================================
 report_check_types -max_slew -max_cap -max_fanout -violators
============================================================================
======================= min_ss_100C_1v60 Corner ===================================



===========================================================================
report_parasitic_annotation -report_unannotated
============================================================================
Found 22 unannotated drivers.
 ui_in[4]
 ui_in[5]
 ui_in[6]
 ui_in[7]
 uio_in[0]
 clkload0/X
 tt_um_connerdaehler_boop_49/HI
 tt_um_connerdaehler_boop_50/HI
 tt_um_connerdaehler_boop_51/HI
 tt_um_connerdaehler_boop_52/HI
 tt_um_connerdaehler_boop_53/HI
 tt_um_connerdaehler_boop_54/HI
 tt_um_connerdaehler_boop_55/HI
 tt_um_connerdaehler_boop_56/HI
 tt_um_connerdaehler_boop_57/HI
 tt_um_connerdaehler_boop_58/HI
 tt_um_connerdaehler_boop_59/HI
 tt_um_connerdaehler_boop_60/HI
 tt_um_connerdaehler_boop_61/HI
 tt_um_connerdaehler_boop_62/HI
 tt_um_connerdaehler_boop_63/HI
 tt_um_connerdaehler_boop_64/HI
Found 0 partially unannotated drivers.

===========================================================================
max slew violation count 0
max fanout violation count 0
max cap violation count 0
============================================================================

===========================================================================
check_setup -verbose -unconstrained_endpoints -multiple_clock -no_clock -no_input_delay -loops -generated_clocks
===========================================================================
Warning: There are 16 unconstrained endpoints.
  uio_oe[0]
  uio_oe[1]
  uio_oe[2]
  uio_oe[3]
  uio_oe[4]
  uio_oe[5]
  uio_oe[6]
  uio_oe[7]
  uio_out[0]
  uio_out[1]
  uio_out[2]
  uio_out[3]
  uio_out[4]
  uio_out[5]
  uio_out[6]
  uio_out[7]
