Clock: clk
Sources: clk 
Generated: no
Virtual: yes
Propagated: no
Period: 50.000000

===========================================================================
report_clock_properties
============================================================================
Clock                   Period          Waveform
----------------------------------------------------
clk                  50.000000    0.000000 25.000000

===========================================================================
report_clock_latency
============================================================================
Clock clk
rise -> rise
    min     max
0.000000 0.000000 source latency
0.549271         network latency _2777_/CLK
        0.552207 network latency _2763_/CLK
---------------
0.549271 0.552207 latency
        0.002936 skew

fall -> fall
    min     max
0.000000 0.000000 source latency
0.551106         network latency _2777_/CLK
        0.553516 network latency _2763_/CLK
---------------
0.551106 0.553516 latency
        0.002411 skew



===========================================================================
report_clock_min_period
============================================================================
clk period_min = 5.98 fmax = 167.28
