Reading OpenROAD database at '/foss/designs/ece429-finalproject/src/runs/RUN_2026-05-12_03-27-23/36-openroad-resizertimingpostcts/tt_um_connerdaehler_boop.odb'…
Reading library file at '/foss/pdks/sky130A/libs.ref/sky130_fd_sc_hd/lib/sky130_fd_sc_hd__tt_025C_1v80.lib'…
Reading design constraints file at '/usr/local/lib/python3.12/dist-packages/librelane/scripts/base.sdc'…
[INFO] Using clock clk…
[INFO] Setting output delay to: 10
[INFO] Setting input delay to: 10
[INFO] Setting load to: 0.033442
[INFO] Setting clock uncertainty to: 0.25
[INFO] Setting clock transition to: 0.1499999999999999944488848768742172978818416595458984375
[INFO] Setting timing derate to: 5%
[INFO] Setting signal min routing layer to: met1 and clock min routing layer to met1. 
[INFO] Setting signal max routing layer to: met5 and clock max routing layer to met5. 
-congestion_iterations 50 -verbose -allow_congestion
[INFO GRT-0020] Min routing layer: met1
[INFO GRT-0021] Max routing layer: met5
[INFO GRT-0022] Global adjustment: 30%
[INFO GRT-0023] Grid origin: (0, 0)
[INFO GRT-0043] No OR_DEFAULT vias defined.
[INFO GRT-0088] Layer li1     Track-Pitch = 0.4600  line-2-Via Pitch: 0.3400
[INFO GRT-0088] Layer met1    Track-Pitch = 0.3400  line-2-Via Pitch: 0.3400
[INFO GRT-0088] Layer met2    Track-Pitch = 0.4600  line-2-Via Pitch: 0.3500
[INFO GRT-0088] Layer met3    Track-Pitch = 0.6800  line-2-Via Pitch: 0.6150
[INFO GRT-0088] Layer met4    Track-Pitch = 0.9200  line-2-Via Pitch: 1.0400
[INFO GRT-0088] Layer met5    Track-Pitch = 3.4000  line-2-Via Pitch: 3.1100
[INFO GRT-0019] Found 4 clock nets.
[INFO GRT-0001] Minimum degree: 2
[INFO GRT-0002] Maximum degree: 11
[INFO GRT-0003] Macros: 0
[INFO GRT-0043] No OR_DEFAULT vias defined.
[INFO GRT-0004] Blockages: 554

[INFO GRT-0053] Routing resources analysis:
          Routing      Original      Derated      Resource
Layer     Direction    Resources     Resources    Reduction (%)
---------------------------------------------------------------
li1        Vertical            0             0          0.00%
met1       Horizontal      12925          6201          52.02%
met2       Vertical         9400          6000          36.17%
met3       Horizontal       6450          4289          33.50%
met4       Vertical         3800          2064          45.68%
met5       Horizontal       1275           624          51.06%
---------------------------------------------------------------

[INFO GRT-0101] Running extra iterations to remove overflow.
[INFO GRT-0197] Via related to pin nodes: 7242
[INFO GRT-0198] Via related Steiner nodes: 80
[INFO GRT-0199] Via filling finished.
[INFO GRT-0111] Final number of vias: 8735
[INFO GRT-0112] Final usage 3D: 30145

[INFO GRT-0096] Final congestion report:
Layer         Resource        Demand        Usage (%)    Max H / Max V / Total Overflow
---------------------------------------------------------------------------------------
li1                  0             0            0.00%             0 /  0 /  0
met1              6201          1900           30.64%             0 /  0 /  0
met2              6000          1876           31.27%             0 /  0 /  0
met3              4289            77            1.80%             0 /  0 /  0
met4              2064            87            4.22%             0 /  0 /  0
met5               624             0            0.00%             0 /  0 /  0
---------------------------------------------------------------------------------------
Total            19178          3940           20.54%             0 /  0 /  0

[INFO GRT-0018] Total wirelength: 45629 um
[INFO GRT-0014] Routed nets: 1483
%OL_CREATE_REPORT antenna.rpt
[INFO GRT-0043] No OR_DEFAULT vias defined.
[INFO ANT-0002] Found 0 net violations.
[INFO ANT-0001] Found 0 pin violations.
%OL_END_REPORT
[INFO] Setting RC values…
Setting global connections for newly added cells…
[INFO] Setting global connections...
Updating metrics…
Cell type report:                       Count       Area
  Fill cell                               122     457.94
  Tap cell                                378     472.95
  Clock buffer                              4      88.84
  Timing Repair Buffer                     49     285.27
  Inverter                                 32     120.12
  Sequential cell                          16     434.17
  Multi-Input combinational cell         1369   10313.64
  Total                                  1970   12172.92
Writing OpenROAD database to '/foss/designs/ece429-finalproject/src/runs/RUN_2026-05-12_03-27-23/38-openroad-globalrouting/tt_um_connerdaehler_boop.odb'…
Writing layout to '/foss/designs/ece429-finalproject/src/runs/RUN_2026-05-12_03-27-23/38-openroad-globalrouting/tt_um_connerdaehler_boop.def'…
