Reading OpenROAD database at '/foss/designs/ece429-finalproject/src/runs/RUN_2026-05-12_03-27-23/20-openroad-generatepdn/tt_um_connerdaehler_boop.odb'…
Reading library file at '/foss/pdks/sky130A/libs.ref/sky130_fd_sc_hd/lib/sky130_fd_sc_hd__tt_025C_1v80.lib'…
Reading design constraints file at '/usr/local/lib/python3.12/dist-packages/librelane/scripts/base.sdc'…
[INFO] Using clock clk…
[INFO] Setting output delay to: 10
[INFO] Setting input delay to: 10
[INFO] Setting load to: 0.033442
[INFO] Setting clock uncertainty to: 0.25
[INFO] Setting clock transition to: 0.1499999999999999944488848768742172978818416595458984375
[INFO] Setting timing derate to: 5%
+ global_placement -density 0.6 -skip_io -pad_right 0 -pad_left 0 -init_wirelength_coef 0.25
[INFO GPL-0002] DBU: 1000
[INFO GPL-0003] SiteSize: (  0.460  2.720 ) um
[INFO GPL-0004] CoreBBox: (  2.760  5.440 ) ( 170.200 171.360 ) um
[INFO GPL-0006] NumInstances:              1917
[INFO GPL-0007] NumPlaceInstances:         1417
[INFO GPL-0008] NumFixedInstances:          500
[INFO GPL-0009] NumDummyInstances:            0
[INFO GPL-0010] NumNets:                   1436
[INFO GPL-0011] NumPins:                   4882
[INFO GPL-0012] DieBBox:  (  0.000  0.000 ) ( 173.110 178.470 ) um
[INFO GPL-0013] CoreBBox: (  2.760  5.440 ) ( 170.200 171.360 ) um
[INFO GPL-0016] CoreArea:             27781.645 um^2
[INFO GPL-0017] NonPlaceInstsArea:      930.893 um^2
[INFO GPL-0018] PlaceInstsArea:       14043.469 um^2
[INFO GPL-0019] Util:                    52.302 %
[INFO GPL-0020] StdInstsArea:         14043.469 um^2
[INFO GPL-0021] MacroInstsArea:           0.000 um^2
[INFO GPL-0031] FillerInit:NumGCells:      1629
[INFO GPL-0032] FillerInit:NumGNets:       1436
[INFO GPL-0033] FillerInit:NumGPins:       4882
[INFO GPL-0023] TargetDensity:            0.600
[INFO GPL-0024] AvrgPlaceInstArea:        9.911 um^2
[INFO GPL-0025] IdealBinArea:            16.518 um^2
[INFO GPL-0026] IdealBinCnt:               1681
[INFO GPL-0027] TotalBinArea:         27781.645 um^2
[INFO GPL-0028] BinCnt:        32     32
[INFO GPL-0029] BinSize: (  5.233  5.185 )
[INFO GPL-0030] NumBins: 1024
[NesterovSolve] Iter:    1 overflow: 0.995 HPWL: 3538597
[NesterovSolve] Iter:   10 overflow: 0.991 HPWL: 2525242
[NesterovSolve] Iter:   20 overflow: 0.991 HPWL: 2489054
[NesterovSolve] Iter:   30 overflow: 0.991 HPWL: 2479898
[NesterovSolve] Iter:   40 overflow: 0.991 HPWL: 2477339
[NesterovSolve] Iter:   50 overflow: 0.991 HPWL: 2474901
[NesterovSolve] Iter:   60 overflow: 0.991 HPWL: 2473764
[NesterovSolve] Iter:   70 overflow: 0.991 HPWL: 2473877
[NesterovSolve] Iter:   80 overflow: 0.991 HPWL: 2475178
[NesterovSolve] Iter:   90 overflow: 0.991 HPWL: 2479901
[NesterovSolve] Iter:  100 overflow: 0.990 HPWL: 2492915
[NesterovSolve] Iter:  110 overflow: 0.988 HPWL: 2533285
[NesterovSolve] Iter:  120 overflow: 0.984 HPWL: 2634622
[NesterovSolve] Iter:  130 overflow: 0.979 HPWL: 2838849
[NesterovSolve] Iter:  140 overflow: 0.966 HPWL: 3261099
[NesterovSolve] Iter:  150 overflow: 0.955 HPWL: 4123845
[NesterovSolve] Iter:  160 overflow: 0.934 HPWL: 5281090
[NesterovSolve] Iter:  170 overflow: 0.911 HPWL: 6135893
[NesterovSolve] Iter:  180 overflow: 0.891 HPWL: 6929342
[NesterovSolve] Iter:  190 overflow: 0.857 HPWL: 8102680
[NesterovSolve] Iter:  200 overflow: 0.821 HPWL: 9305608
[NesterovSolve] Iter:  210 overflow: 0.781 HPWL: 10405451
[NesterovSolve] Iter:  220 overflow: 0.744 HPWL: 11564464
[NesterovSolve] Iter:  230 overflow: 0.701 HPWL: 12735113
[NesterovSolve] Iter:  240 overflow: 0.657 HPWL: 13965600
[NesterovSolve] Iter:  250 overflow: 0.609 HPWL: 15208987
[NesterovSolve] Iter:  260 overflow: 0.565 HPWL: 16262925
[NesterovSolve] Iter:  270 overflow: 0.518 HPWL: 17329772
[NesterovSolve] Iter:  280 overflow: 0.469 HPWL: 18345216
[NesterovSolve] Iter:  290 overflow: 0.419 HPWL: 19206051
[NesterovSolve] Iter:  300 overflow: 0.360 HPWL: 19921201
[NesterovSolve] Iter:  310 overflow: 0.324 HPWL: 20373265
[NesterovSolve] Iter:  320 overflow: 0.289 HPWL: 20533839
[NesterovSolve] Iter:  330 overflow: 0.264 HPWL: 20734769
[NesterovSolve] Iter:  340 overflow: 0.234 HPWL: 20942274
[NesterovSolve] Iter:  350 overflow: 0.210 HPWL: 21150281
[NesterovSolve] Iter:  360 overflow: 0.184 HPWL: 21293123
[NesterovSolve] Iter:  370 overflow: 0.164 HPWL: 21416743
[NesterovSolve] Iter:  380 overflow: 0.147 HPWL: 21503798
[NesterovSolve] Iter:  390 overflow: 0.128 HPWL: 21576919
[NesterovSolve] Iter:  400 overflow: 0.113 HPWL: 21659146
[NesterovSolve] Finished with Overflow: 0.099760
[INFO] Setting RC values…
Setting global connections for newly added cells…
[INFO] Setting global connections...
Updating metrics…
Cell type report:                       Count       Area
  Fill cell                               122     457.94
  Tap cell                                378     472.95
  Inverter                                 32     120.12
  Sequential cell                          16     420.40
  Multi-Input combinational cell         1369   13502.95
  Total                                  1917   14974.36
Writing OpenROAD database to '/foss/designs/ece429-finalproject/src/runs/RUN_2026-05-12_03-27-23/23-openroad-globalplacementskipio/tt_um_connerdaehler_boop.odb'…
Writing netlist to '/foss/designs/ece429-finalproject/src/runs/RUN_2026-05-12_03-27-23/23-openroad-globalplacementskipio/tt_um_connerdaehler_boop.nl.v'…
Writing powered netlist to '/foss/designs/ece429-finalproject/src/runs/RUN_2026-05-12_03-27-23/23-openroad-globalplacementskipio/tt_um_connerdaehler_boop.pnl.v'…
Writing layout to '/foss/designs/ece429-finalproject/src/runs/RUN_2026-05-12_03-27-23/23-openroad-globalplacementskipio/tt_um_connerdaehler_boop.def'…
Writing timing constraints to '/foss/designs/ece429-finalproject/src/runs/RUN_2026-05-12_03-27-23/23-openroad-globalplacementskipio/tt_um_connerdaehler_boop.sdc'…
