Reading OpenROAD database at '/foss/designs/ece429-finalproject/src/runs/RUN_2026-05-12_03-27-23/23-openroad-globalplacementskipio/tt_um_connerdaehler_boop.odb'…
Reading library file at '/foss/pdks/sky130A/libs.ref/sky130_fd_sc_hd/lib/sky130_fd_sc_hd__tt_025C_1v80.lib'…
Reading design constraints file at '/usr/local/lib/python3.12/dist-packages/librelane/scripts/base.sdc'…
[INFO] Using clock clk…
[INFO] Setting output delay to: 10
[INFO] Setting input delay to: 10
[INFO] Setting load to: 0.033442
[INFO] Setting clock uncertainty to: 0.25
[INFO] Setting clock transition to: 0.1499999999999999944488848768742172978818416595458984375
[INFO] Setting timing derate to: 5%
[INFO] place_pins args: -min_distance 3
Found 0 macro blocks.
[INFO PPL-0010] Tentative 0 to set up sections.
[INFO PPL-0001] Number of slots           214
[INFO PPL-0002] Number of I/O             43
[INFO PPL-0003] Number of I/O w/sink      38
[INFO PPL-0004] Number of I/O w/o sink    5
[INFO PPL-0005] Slots per section         200
[INFO PPL-0006] Slots increase factor     0.01
[INFO PPL-0008] Successfully assigned pins to sections.
[INFO PPL-0012] I/O nets HPWL: 1521.49 um.
Setting global connections for newly added cells…
[INFO] Setting global connections...
Updating metrics…
Cell type report:                       Count       Area
  Fill cell                               122     457.94
  Tap cell                                378     472.95
  Inverter                                 32     120.12
  Sequential cell                          16     420.40
  Multi-Input combinational cell         1369   13502.95
  Total                                  1917   14974.36
Writing OpenROAD database to '/foss/designs/ece429-finalproject/src/runs/RUN_2026-05-12_03-27-23/24-openroad-ioplacement/tt_um_connerdaehler_boop.odb'…
Writing netlist to '/foss/designs/ece429-finalproject/src/runs/RUN_2026-05-12_03-27-23/24-openroad-ioplacement/tt_um_connerdaehler_boop.nl.v'…
Writing powered netlist to '/foss/designs/ece429-finalproject/src/runs/RUN_2026-05-12_03-27-23/24-openroad-ioplacement/tt_um_connerdaehler_boop.pnl.v'…
Writing layout to '/foss/designs/ece429-finalproject/src/runs/RUN_2026-05-12_03-27-23/24-openroad-ioplacement/tt_um_connerdaehler_boop.def'…
Writing timing constraints to '/foss/designs/ece429-finalproject/src/runs/RUN_2026-05-12_03-27-23/24-openroad-ioplacement/tt_um_connerdaehler_boop.sdc'…
