Reading OpenROAD database at '/foss/designs/ece429-finalproject/src/runs/RUN_2026-05-12_03-27-23/18-openroad-tapendcapinsertion/tt_um_connerdaehler_boop.odb'…
Reading library file at '/foss/pdks/sky130A/libs.ref/sky130_fd_sc_hd/lib/sky130_fd_sc_hd__tt_025C_1v80.lib'…
Reading design constraints file at '/usr/local/lib/python3.12/dist-packages/librelane/scripts/base.sdc'…
[INFO] Using clock clk…
[INFO] Setting output delay to: 10
[INFO] Setting input delay to: 10
[INFO] Setting load to: 0.033442
[INFO] Setting clock uncertainty to: 0.25
[INFO] Setting clock transition to: 0.1499999999999999944488848768742172978818416595458984375
[INFO] Setting timing derate to: 5%
[INFO] Setting global connections...
[INFO PDN-0001] Inserting grid: stdcell_grid
Setting global connections for newly added cells…
[INFO] Setting global connections...
Updating metrics…
Cell type report:                       Count       Area
  Fill cell                               122     457.94
  Tap cell                                378     472.95
  Inverter                                 32     120.12
  Sequential cell                          16     420.40
  Multi-Input combinational cell         1369   13502.95
  Total                                  1917   14974.36
Writing OpenROAD database to '/foss/designs/ece429-finalproject/src/runs/RUN_2026-05-12_03-27-23/20-openroad-generatepdn/tt_um_connerdaehler_boop.odb'…
Writing netlist to '/foss/designs/ece429-finalproject/src/runs/RUN_2026-05-12_03-27-23/20-openroad-generatepdn/tt_um_connerdaehler_boop.nl.v'…
Writing powered netlist to '/foss/designs/ece429-finalproject/src/runs/RUN_2026-05-12_03-27-23/20-openroad-generatepdn/tt_um_connerdaehler_boop.pnl.v'…
Writing layout to '/foss/designs/ece429-finalproject/src/runs/RUN_2026-05-12_03-27-23/20-openroad-generatepdn/tt_um_connerdaehler_boop.def'…
Writing timing constraints to '/foss/designs/ece429-finalproject/src/runs/RUN_2026-05-12_03-27-23/20-openroad-generatepdn/tt_um_connerdaehler_boop.sdc'…
[INFO PSM-0040] All shapes on net VPWR are connected.
[INFO PSM-0040] All shapes on net VGND are connected.
