
===========================================================================
report_checks -unconstrained
===========================================================================
======================= max_ff_n40C_1v95 Corner ===================================

Startpoint: rst_n (input port clocked by clk)
Endpoint: _2770_ (recovery check against rising-edge clock clk)
Path Group: asynchronous
Path Type: max

Fanout         Cap        Slew       Delay        Time   Description
---------------------------------------------------------------------------------------------
                                  0.000000    0.000000   clock clk (rise edge)
                                  0.000000    0.000000   clock network delay (propagated)
                                 10.000000   10.000000 ^ input external delay
     1    0.002843    0.014073    0.007393   10.007394 ^ rst_n (in)
                                                         rst_n (net)
                      0.014075    0.000000   10.007394 ^ input2/A (sky130_fd_sc_hd__buf_1)
     2    0.016312    0.146428    0.125739   10.133133 ^ input2/X (sky130_fd_sc_hd__buf_1)
                                                         net2 (net)
                      0.146438    0.000986   10.134119 ^ fanout47/A (sky130_fd_sc_hd__clkbuf_4)
    10    0.060370    0.140871    0.192827   10.326946 ^ fanout47/X (sky130_fd_sc_hd__clkbuf_4)
                                                         net47 (net)
                      0.141434    0.007211   10.334157 ^ _2770_/RESET_B (sky130_fd_sc_hd__dfrtp_4)
                                             10.334157   data arrival time

                                 50.000000   50.000000   clock clk (rise edge)
                                  0.000000   50.000000   clock source latency
     1    0.017600    0.063556    0.044118   50.044117 ^ clk (in)
                                                         clk (net)
                      0.063636    0.000000   50.044117 ^ clkbuf_0_clk/A (sky130_fd_sc_hd__clkbuf_16)
     2    0.018613    0.030535    0.092346   50.136463 ^ clkbuf_0_clk/X (sky130_fd_sc_hd__clkbuf_16)
                                                         clknet_0_clk (net)
                      0.030553    0.001211   50.137672 ^ clkbuf_1_1__f_clk/A (sky130_fd_sc_hd__clkbuf_16)
     9    0.027337    0.036309    0.088704   50.226376 ^ clkbuf_1_1__f_clk/X (sky130_fd_sc_hd__clkbuf_16)
                                                         clknet_1_1__leaf_clk (net)
                      0.036553    0.002142   50.228519 ^ _2770_/CLK (sky130_fd_sc_hd__dfrtp_4)
                                 -0.250000   49.978519   clock uncertainty
                                  0.000000   49.978519   clock reconvergence pessimism
                                  0.097170   50.075687   library recovery time
                                             50.075687   data required time
---------------------------------------------------------------------------------------------
                                             50.075687   data required time
                                            -10.334157   data arrival time
---------------------------------------------------------------------------------------------
                                             39.741531   slack (MET)


Startpoint: ui_in[0] (input port clocked by clk)
Endpoint: uo_out[1] (output port clocked by clk)
Path Group: clk
Path Type: max

Fanout         Cap        Slew       Delay        Time   Description
---------------------------------------------------------------------------------------------
                                  0.000000    0.000000   clock clk (rise edge)
                                  0.000000    0.000000   clock network delay (propagated)
                                 10.000000   10.000000 ^ input external delay
     1    0.002743    0.013715    0.007129   10.007129 ^ ui_in[0] (in)
                                                         ui_in[0] (net)
                      0.013716    0.000000   10.007129 ^ input3/A (sky130_fd_sc_hd__buf_1)
     3    0.017567    0.157107    0.133113   10.140242 ^ input3/X (sky130_fd_sc_hd__buf_1)
                                                         net3 (net)
                      0.157118    0.001100   10.141341 ^ fanout46/A (sky130_fd_sc_hd__buf_2)
    10    0.043243    0.159430    0.184230   10.325571 ^ fanout46/X (sky130_fd_sc_hd__buf_2)
                                                         net46 (net)
                      0.159471    0.002127   10.327698 ^ _1387_/B (sky130_fd_sc_hd__nand2b_1)
     1    0.003933    0.044225    0.044460   10.372158 v _1387_/Y (sky130_fd_sc_hd__nand2b_1)
                                                         _0970_ (net)
                      0.044226    0.000249   10.372406 v fanout44/A (sky130_fd_sc_hd__buf_2)
     6    0.046641    0.079664    0.136113   10.508520 v fanout44/X (sky130_fd_sc_hd__buf_2)
                                                         net44 (net)
                      0.079690    0.001217   10.509736 v fanout41/A (sky130_fd_sc_hd__buf_4)
    10    0.069407    0.069134    0.153151   10.662888 v fanout41/X (sky130_fd_sc_hd__buf_4)
                                                         net41 (net)
                      0.069223    0.002109   10.664997 v _1401_/A2 (sky130_fd_sc_hd__o31a_2)
     2    0.018079    0.062970    0.240920   10.905917 v _1401_/X (sky130_fd_sc_hd__o31a_2)
                                                         _1124_ (net)
                      0.063002    0.001245   10.907163 v _1411_/A (sky130_fd_sc_hd__xor2_2)
     5    0.026517    0.256257    0.243972   11.151134 ^ _1411_/X (sky130_fd_sc_hd__xor2_2)
                                                         _1234_ (net)
                      0.256271    0.001585   11.152719 ^ fanout24/A (sky130_fd_sc_hd__buf_2)
    10    0.045838    0.169219    0.200974   11.353694 ^ fanout24/X (sky130_fd_sc_hd__buf_2)
                                                         net24 (net)
                      0.169248    0.001860   11.355555 ^ _1795_/B (sky130_fd_sc_hd__nor2_1)
     2    0.004618    0.064565    0.034085   11.389639 v _1795_/Y (sky130_fd_sc_hd__nor2_1)
                                                         _0801_ (net)
                      0.064565    0.000208   11.389847 v _1878_/C (sky130_fd_sc_hd__or4_1)
     3    0.007103    0.071715    0.292310   11.682157 v _1878_/X (sky130_fd_sc_hd__or4_1)
                                                         _0887_ (net)
                      0.071715    0.000227   11.682384 v _1881_/A (sky130_fd_sc_hd__and3_1)
     1    0.001856    0.024506    0.098275   11.780660 v _1881_/X (sky130_fd_sc_hd__and3_1)
                                                         _0890_ (net)
                      0.024506    0.000127   11.780787 v _1955_/A (sky130_fd_sc_hd__or2_1)
     2    0.007013    0.046060    0.145502   11.926289 v _1955_/X (sky130_fd_sc_hd__or2_1)
                                                         _0972_ (net)
                      0.046064    0.000473   11.926763 v _1957_/B (sky130_fd_sc_hd__xor2_1)
     2    0.004815    0.036953    0.096304   12.023067 v _1957_/X (sky130_fd_sc_hd__xor2_1)
                                                         _0974_ (net)
                      0.036953    0.000179   12.023245 v _2029_/A (sky130_fd_sc_hd__or2_1)
     3    0.010618    0.056987    0.162870   12.186114 v _2029_/X (sky130_fd_sc_hd__or2_1)
                                                         _1053_ (net)
                      0.056992    0.000550   12.186665 v _2030_/B1 (sky130_fd_sc_hd__o211a_1)
     2    0.004898    0.034637    0.091728   12.278393 v _2030_/X (sky130_fd_sc_hd__o211a_1)
                                                         _1054_ (net)
                      0.034639    0.000266   12.278659 v _2041_/A (sky130_fd_sc_hd__or3_2)
     4    0.016616    0.080330    0.311148   12.589806 v _2041_/X (sky130_fd_sc_hd__or3_2)
                                                         _1066_ (net)
                      0.080333    0.000796   12.590602 v _2112_/A1 (sky130_fd_sc_hd__a211oi_2)
     2    0.015224    0.233868    0.227834   12.818436 ^ _2112_/Y (sky130_fd_sc_hd__a211oi_2)
                                                         _1144_ (net)
                      0.233949    0.000982   12.819418 ^ _2131_/B (sky130_fd_sc_hd__nor3_1)
     3    0.008306    0.072961    0.062844   12.882262 v _2131_/Y (sky130_fd_sc_hd__nor3_1)
                                                         _1165_ (net)
                      0.072982    0.000246   12.882508 v max_cap18/A (sky130_fd_sc_hd__clkbuf_1)
     2    0.008562    0.039710    0.090719   12.973227 v max_cap18/X (sky130_fd_sc_hd__clkbuf_1)
                                                         net18 (net)
                      0.039719    0.000574   12.973800 v _2186_/A1 (sky130_fd_sc_hd__o211a_1)
     2    0.005790    0.037128    0.151077   13.124878 v _2186_/X (sky130_fd_sc_hd__o211a_1)
                                                         _1226_ (net)
                      0.037131    0.000371   13.125249 v _2240_/A2 (sky130_fd_sc_hd__o211a_1)
     2    0.006136    0.038181    0.139838   13.265087 v _2240_/X (sky130_fd_sc_hd__o211a_1)
                                                         _1285_ (net)
                      0.038185    0.000406   13.265493 v _2241_/B1 (sky130_fd_sc_hd__a211oi_1)
     2    0.007231    0.212223    0.151582   13.417075 ^ _2241_/Y (sky130_fd_sc_hd__a211oi_1)
                                                         _1286_ (net)
                      0.212223    0.000453   13.417528 ^ _2242_/A (sky130_fd_sc_hd__inv_2)
     3    0.010607    0.052203    0.032598   13.450126 v _2242_/Y (sky130_fd_sc_hd__inv_2)
                                                         _1287_ (net)
                      0.052209    0.000464   13.450589 v _2280_/B1 (sky130_fd_sc_hd__o211a_1)
     2    0.004670    0.033925    0.089078   13.539667 v _2280_/X (sky130_fd_sc_hd__o211a_1)
                                                         _1329_ (net)
                      0.033927    0.000251   13.539919 v _2366_/B1 (sky130_fd_sc_hd__a211o_1)
     3    0.009177    0.055461    0.144777   13.684695 v _2366_/X (sky130_fd_sc_hd__a211o_1)
                                                         _0063_ (net)
                      0.055470    0.000711   13.685406 v _2367_/C (sky130_fd_sc_hd__and3_1)
     2    0.004823    0.033351    0.127349   13.812755 v _2367_/X (sky130_fd_sc_hd__and3_1)
                                                         _0064_ (net)
                      0.033353    0.000282   13.813036 v _2369_/A3 (sky130_fd_sc_hd__o311a_1)
     4    0.018468    0.084752    0.228182   14.041219 v _2369_/X (sky130_fd_sc_hd__o311a_1)
                                                         _0066_ (net)
                      0.084760    0.000906   14.042125 v _2383_/A (sky130_fd_sc_hd__or2_2)
     6    0.025821    0.077016    0.238009   14.280133 v _2383_/X (sky130_fd_sc_hd__or2_2)
                                                         _0081_ (net)
                      0.077020    0.000699   14.280832 v _2474_/A (sky130_fd_sc_hd__nor2_1)
     2    0.003642    0.064498    0.087808   14.368640 ^ _2474_/Y (sky130_fd_sc_hd__nor2_1)
                                                         _0182_ (net)
                      0.064498    0.000123   14.368764 ^ _2476_/A_N (sky130_fd_sc_hd__nand2b_1)
     2    0.015285    0.126003    0.133881   14.502645 ^ _2476_/Y (sky130_fd_sc_hd__nand2b_1)
                                                         _0184_ (net)
                      0.126007    0.000524   14.503169 ^ _2493_/A1 (sky130_fd_sc_hd__o21bai_2)
     3    0.021784    0.077417    0.090811   14.593980 v _2493_/Y (sky130_fd_sc_hd__o21bai_2)
                                                         _0202_ (net)
                      0.077502    0.002083   14.596063 v _2536_/A (sky130_fd_sc_hd__xnor2_2)
     5    0.025654    0.264561    0.249162   14.845225 ^ _2536_/Y (sky130_fd_sc_hd__xnor2_2)
                                                         _0250_ (net)
                      0.264584    0.001981   14.847206 ^ _2552_/A (sky130_fd_sc_hd__xnor2_1)
     2    0.007445    0.076887    0.081827   14.929032 v _2552_/Y (sky130_fd_sc_hd__xnor2_1)
                                                         _0267_ (net)
                      0.076888    0.000311   14.929343 v _2580_/B (sky130_fd_sc_hd__xor2_1)
     2    0.007424    0.065051    0.116321   15.045665 v _2580_/X (sky130_fd_sc_hd__xor2_1)
                                                         _0298_ (net)
                      0.065051    0.000250   15.045916 v _2581_/A2 (sky130_fd_sc_hd__a21o_1)
     2    0.008075    0.039739    0.139336   15.185251 v _2581_/X (sky130_fd_sc_hd__a21o_1)
                                                         _0299_ (net)
                      0.039747    0.000538   15.185789 v _2582_/A2 (sky130_fd_sc_hd__a21o_1)
     2    0.015345    0.059228    0.149843   15.335632 v _2582_/X (sky130_fd_sc_hd__a21o_1)
                                                         _0300_ (net)
                      0.059261    0.001284   15.336916 v _2585_/A1 (sky130_fd_sc_hd__a21o_1)
     2    0.007933    0.039260    0.121554   15.458470 v _2585_/X (sky130_fd_sc_hd__a21o_1)
                                                         _0304_ (net)
                      0.039267    0.000515   15.458985 v _2588_/A1 (sky130_fd_sc_hd__a21o_1)
     2    0.007574    0.038075    0.112845   15.571831 v _2588_/X (sky130_fd_sc_hd__a21o_1)
                                                         _0307_ (net)
                      0.038079    0.000407   15.572237 v _2589_/B (sky130_fd_sc_hd__and2b_1)
     2    0.008755    0.042284    0.116525   15.688763 v _2589_/X (sky130_fd_sc_hd__and2b_1)
                                                         _0308_ (net)
                      0.042295    0.000666   15.689429 v _2590_/A2 (sky130_fd_sc_hd__o21a_1)
     5    0.017923    0.070529    0.151456   15.840884 v _2590_/X (sky130_fd_sc_hd__o21a_1)
                                                         _0309_ (net)
                      0.070549    0.001117   15.842002 v _2594_/A2 (sky130_fd_sc_hd__o311ai_4)
     4    0.011749    0.202118    0.221471   16.063473 ^ _2594_/Y (sky130_fd_sc_hd__o311ai_4)
                                                         _0314_ (net)
                      0.202118    0.000387   16.063860 ^ _2596_/A2 (sky130_fd_sc_hd__a31o_1)
     2    0.005619    0.050211    0.112353   16.176212 ^ _2596_/X (sky130_fd_sc_hd__a31o_1)
                                                         _0316_ (net)
                      0.050213    0.000325   16.176538 ^ _2598_/A2 (sky130_fd_sc_hd__a21o_1)
     2    0.013264    0.091780    0.116231   16.292768 ^ _2598_/X (sky130_fd_sc_hd__a21o_1)
                                                         _0318_ (net)
                      0.091840    0.001288   16.294056 ^ fanout14/A (sky130_fd_sc_hd__clkbuf_2)
    10    0.031830    0.135496    0.152706   16.446762 ^ fanout14/X (sky130_fd_sc_hd__clkbuf_2)
                                                         net14 (net)
                      0.135617    0.003308   16.450069 ^ _2615_/B1_N (sky130_fd_sc_hd__o21ba_1)
     3    0.007655    0.040822    0.113049   16.563120 v _2615_/X (sky130_fd_sc_hd__o21ba_1)
                                                         _0337_ (net)
                      0.040826    0.000435   16.563555 v _2619_/A2 (sky130_fd_sc_hd__a31o_1)
     3    0.008829    0.046210    0.152520   16.716074 v _2619_/X (sky130_fd_sc_hd__a31o_1)
                                                         _0341_ (net)
                      0.046214    0.000460   16.716534 v _2621_/A1 (sky130_fd_sc_hd__a21oi_1)
     3    0.008288    0.150010    0.140059   16.856592 ^ _2621_/Y (sky130_fd_sc_hd__a21oi_1)
                                                         _0343_ (net)
                      0.150012    0.000444   16.857037 ^ _2633_/B_N (sky130_fd_sc_hd__and4bb_2)
     6    0.027678    0.071351    0.201691   17.058729 v _2633_/X (sky130_fd_sc_hd__and4bb_2)
                                                         _0356_ (net)
                      0.071505    0.002906   17.061634 v _2640_/C (sky130_fd_sc_hd__and4_1)
     2    0.004827    0.034641    0.139345   17.200979 v _2640_/X (sky130_fd_sc_hd__and4_1)
                                                         _0364_ (net)
                      0.034659    0.000329   17.201307 v _2648_/A2 (sky130_fd_sc_hd__o31a_1)
     1    0.003680    0.037783    0.169663   17.370972 v _2648_/X (sky130_fd_sc_hd__o31a_1)
                                                         _0373_ (net)
                      0.037783    0.000155   17.371126 v _2659_/C1 (sky130_fd_sc_hd__a2111o_1)
     1    0.002620    0.039738    0.155403   17.526527 v _2659_/X (sky130_fd_sc_hd__a2111o_1)
                                                         _0385_ (net)
                      0.039738    0.000187   17.526714 v _2672_/A (sky130_fd_sc_hd__or4b_4)
     8    0.041700    0.101038    0.378465   17.905180 v _2672_/X (sky130_fd_sc_hd__or4b_4)
                                                         _0399_ (net)
                      0.101480    0.005675   17.910856 v _2683_/A1 (sky130_fd_sc_hd__o31a_2)
     1    0.016815    0.061257    0.262030   18.172886 v _2683_/X (sky130_fd_sc_hd__o31a_2)
                                                         _0410_ (net)
                      0.061321    0.001352   18.174238 v _2684_/B (sky130_fd_sc_hd__xor2_4)
     1    0.034171    0.210849    0.200512   18.374750 ^ _2684_/X (sky130_fd_sc_hd__xor2_4)
                                                         uo_out[1] (net)
                      0.210855    0.000870   18.375620 ^ uo_out[1] (out)
                                             18.375620   data arrival time

                                 50.000000   50.000000   clock clk (rise edge)
                                  0.000000   50.000000   clock network delay (propagated)
                                 -0.250000   49.749996   clock uncertainty
                                  0.000000   49.749996   clock reconvergence pessimism
                                -10.000000   39.749996   output external delay
                                             39.749996   data required time
---------------------------------------------------------------------------------------------
                                             39.749996   data required time
                                            -18.375620   data arrival time
---------------------------------------------------------------------------------------------
                                             21.374376   slack (MET)




===========================================================================
report_checks --slack_max -0.01
============================================================================
======================= max_ff_n40C_1v95 Corner ===================================

No paths found.


===========================================================================
 report_check_types -max_slew -max_cap -max_fanout -violators
============================================================================
======================= max_ff_n40C_1v95 Corner ===================================



===========================================================================
report_parasitic_annotation -report_unannotated
============================================================================
Found 22 unannotated drivers.
 ui_in[4]
 ui_in[5]
 ui_in[6]
 ui_in[7]
 uio_in[0]
 clkload0/X
 tt_um_connerdaehler_boop_49/HI
 tt_um_connerdaehler_boop_50/HI
 tt_um_connerdaehler_boop_51/HI
 tt_um_connerdaehler_boop_52/HI
 tt_um_connerdaehler_boop_53/HI
 tt_um_connerdaehler_boop_54/HI
 tt_um_connerdaehler_boop_55/HI
 tt_um_connerdaehler_boop_56/HI
 tt_um_connerdaehler_boop_57/HI
 tt_um_connerdaehler_boop_58/HI
 tt_um_connerdaehler_boop_59/HI
 tt_um_connerdaehler_boop_60/HI
 tt_um_connerdaehler_boop_61/HI
 tt_um_connerdaehler_boop_62/HI
 tt_um_connerdaehler_boop_63/HI
 tt_um_connerdaehler_boop_64/HI
Found 0 partially unannotated drivers.

===========================================================================
max slew violation count 0
max fanout violation count 0
max cap violation count 0
============================================================================

===========================================================================
check_setup -verbose -unconstrained_endpoints -multiple_clock -no_clock -no_input_delay -loops -generated_clocks
===========================================================================
Warning: There are 16 unconstrained endpoints.
  uio_oe[0]
  uio_oe[1]
  uio_oe[2]
  uio_oe[3]
  uio_oe[4]
  uio_oe[5]
  uio_oe[6]
  uio_oe[7]
  uio_out[0]
  uio_out[1]
  uio_out[2]
  uio_out[3]
  uio_out[4]
  uio_out[5]
  uio_out[6]
  uio_out[7]
