Clock: clk
Sources: clk 
Generated: no
Virtual: yes
Propagated: no
Period: 50.000000

===========================================================================
report_clock_properties
============================================================================
Clock                   Period          Waveform
----------------------------------------------------
clk                  50.000000    0.000000 25.000000

===========================================================================
report_clock_latency
============================================================================
Clock clk
rise -> rise
    min     max
0.000000 0.000000 source latency
0.227559         network latency _2777_/CLK
        0.229433 network latency _2763_/CLK
---------------
0.227559 0.229433 latency
        0.001874 skew

fall -> fall
    min     max
0.000000 0.000000 source latency
0.214566         network latency _2776_/CLK
        0.216131 network latency _2763_/CLK
---------------
0.214566 0.216131 latency
        0.001565 skew



===========================================================================
report_clock_min_period
============================================================================
clk period_min = 2.22 fmax = 450.03
