
===========================================================================
report_checks -unconstrained
===========================================================================
======================= nom_tt_025C_1v80 Corner ===================================

Startpoint: rst_n (input port clocked by clk)
Endpoint: _2770_ (recovery check against rising-edge clock clk)
Path Group: asynchronous
Path Type: max

Fanout         Cap        Slew       Delay        Time   Description
---------------------------------------------------------------------------------------------
                                  0.000000    0.000000   clock clk (rise edge)
                                  0.000000    0.000000   clock network delay (propagated)
                                 10.000000   10.000000 ^ input external delay
    16    0.072050    0.327409    0.227005   10.227005 ^ rst_n (in)
                                                         rst_n (net)
                      0.327426    0.000000   10.227005 ^ _2770_/RESET_B (sky130_fd_sc_hd__dfrtp_2)
                                             10.227005   data arrival time

                                 50.000000   50.000000   clock clk (rise edge)
                                  0.000000   50.000000   clock source latency
    16    0.043698    0.200899    0.139689   50.139687 ^ clk (in)
                                                         clk (net)
                      0.200909    0.000000   50.139687 ^ _2770_/CLK (sky130_fd_sc_hd__dfrtp_2)
                                 -0.250000   49.889687   clock uncertainty
                                  0.000000   49.889687   clock reconvergence pessimism
                                  0.185002   50.074688   library recovery time
                                             50.074688   data required time
---------------------------------------------------------------------------------------------
                                             50.074688   data required time
                                            -10.227005   data arrival time
---------------------------------------------------------------------------------------------
                                             39.847683   slack (MET)


Startpoint: ui_in[1] (input port clocked by clk)
Endpoint: uo_out[1] (output port clocked by clk)
Path Group: clk
Path Type: max

Fanout         Cap        Slew       Delay        Time   Description
---------------------------------------------------------------------------------------------
                                  0.000000    0.000000   clock clk (rise edge)
                                  0.000000    0.000000   clock network delay (propagated)
                                 10.000000   10.000000 v input external delay
    12    0.033772    0.075753    0.053904   10.053905 v ui_in[1] (in)
                                                         ui_in[1] (net)
                      0.075754    0.000000   10.053905 v _1387_/A_N (sky130_fd_sc_hd__nand2b_2)
    29    0.119863    0.462396    0.514598   10.568502 v _1387_/Y (sky130_fd_sc_hd__nand2b_2)
                                                         _0970_ (net)
                      0.462396    0.000020   10.568522 v _1401_/A2 (sky130_fd_sc_hd__o31a_2)
     2    0.013307    0.079636    0.514691   11.083213 v _1401_/X (sky130_fd_sc_hd__o31a_2)
                                                         _1124_ (net)
                      0.079636    0.000026   11.083239 v _1411_/A (sky130_fd_sc_hd__xor2_2)
    14    0.063686    0.749656    0.634031   11.717269 ^ _1411_/X (sky130_fd_sc_hd__xor2_2)
                                                         _1234_ (net)
                      0.749656    0.000146   11.717415 ^ _1795_/B (sky130_fd_sc_hd__nor2_2)
     2    0.006380    0.119090    0.074801   11.792215 v _1795_/Y (sky130_fd_sc_hd__nor2_2)
                                                         _0801_ (net)
                      0.119090    0.000003   11.792218 v _1878_/C (sky130_fd_sc_hd__or4_2)
     3    0.007455    0.121044    0.655286   12.447505 v _1878_/X (sky130_fd_sc_hd__or4_2)
                                                         _0887_ (net)
                      0.121044    0.000009   12.447514 v _1881_/A (sky130_fd_sc_hd__and3_2)
     1    0.001799    0.034737    0.195360   12.642874 v _1881_/X (sky130_fd_sc_hd__and3_2)
                                                         _0890_ (net)
                      0.034737    0.000004   12.642878 v _1955_/A (sky130_fd_sc_hd__or2_2)
     2    0.009871    0.074378    0.316374   12.959251 v _1955_/X (sky130_fd_sc_hd__or2_2)
                                                         _0972_ (net)
                      0.074378    0.000035   12.959287 v _1957_/B (sky130_fd_sc_hd__xor2_2)
     2    0.006205    0.051610    0.156007   13.115294 v _1957_/X (sky130_fd_sc_hd__xor2_2)
                                                         _0974_ (net)
                      0.051610    0.000005   13.115298 v _2029_/A (sky130_fd_sc_hd__or2_2)
     3    0.011314    0.078764    0.328687   13.443986 v _2029_/X (sky130_fd_sc_hd__or2_2)
                                                         _1053_ (net)
                      0.078764    0.000036   13.444021 v _2030_/B1 (sky130_fd_sc_hd__o211a_2)
     2    0.006410    0.051249    0.154563   13.598585 v _2030_/X (sky130_fd_sc_hd__o211a_2)
                                                         _1054_ (net)
                      0.051249    0.000011   13.598596 v _2041_/A (sky130_fd_sc_hd__or3_2)
     4    0.014135    0.112829    0.529448   14.128043 v _2041_/X (sky130_fd_sc_hd__or3_2)
                                                         _1066_ (net)
                      0.112829    0.000035   14.128078 v _2112_/A1 (sky130_fd_sc_hd__a211oi_2)
     2    0.011905    0.275327    0.296010   14.424088 ^ _2112_/Y (sky130_fd_sc_hd__a211oi_2)
                                                         _1144_ (net)
                      0.275327    0.000185   14.424273 ^ _2131_/B (sky130_fd_sc_hd__nor3_2)
     4    0.012418    0.081119    0.112038   14.536311 v _2131_/Y (sky130_fd_sc_hd__nor3_2)
                                                         _1165_ (net)
                      0.081119    0.000071   14.536383 v _2186_/A1 (sky130_fd_sc_hd__o211a_2)
     2    0.006799    0.050335    0.281820   14.818202 v _2186_/X (sky130_fd_sc_hd__o211a_2)
                                                         _1226_ (net)
                      0.050335    0.000023   14.818225 v _2240_/A2 (sky130_fd_sc_hd__o211a_2)
     2    0.008892    0.055561    0.257065   15.075291 v _2240_/X (sky130_fd_sc_hd__o211a_2)
                                                         _1285_ (net)
                      0.055561    0.000046   15.075337 v _2241_/B1 (sky130_fd_sc_hd__a211oi_2)
     2    0.006691    0.204748    0.230090   15.305427 ^ _2241_/Y (sky130_fd_sc_hd__a211oi_2)
                                                         _1286_ (net)
                      0.204748    0.000007   15.305434 ^ _2242_/A (sky130_fd_sc_hd__inv_2)
     3    0.013585    0.066115    0.084638   15.390072 v _2242_/Y (sky130_fd_sc_hd__inv_2)
                                                         _1287_ (net)
                      0.066115    0.000021   15.390093 v _2280_/B1 (sky130_fd_sc_hd__o211a_2)
     2    0.003957    0.045107    0.141403   15.531497 v _2280_/X (sky130_fd_sc_hd__o211a_2)
                                                         _1329_ (net)
                      0.045107    0.000005   15.531502 v _2366_/B1 (sky130_fd_sc_hd__a211o_2)
     3    0.009689    0.066054    0.328024   15.859526 v _2366_/X (sky130_fd_sc_hd__a211o_2)
                                                         _0063_ (net)
                      0.066054    0.000059   15.859584 v _2367_/C (sky130_fd_sc_hd__and3_2)
     2    0.004206    0.041854    0.217410   16.076994 v _2367_/X (sky130_fd_sc_hd__and3_2)
                                                         _0064_ (net)
                      0.041854    0.000009   16.077003 v _2369_/A3 (sky130_fd_sc_hd__o311a_2)
     4    0.012107    0.079513    0.365024   16.442026 v _2369_/X (sky130_fd_sc_hd__o311a_2)
                                                         _0066_ (net)
                      0.079513    0.000229   16.442257 v _2379_/B (sky130_fd_sc_hd__or2_2)
     1    0.008166    0.071963    0.305201   16.747458 v _2379_/X (sky130_fd_sc_hd__or2_2)
                                                         _0077_ (net)
                      0.071963    0.000004   16.747461 v _2380_/B (sky130_fd_sc_hd__xnor2_2)
     7    0.032758    0.445529    0.368829   17.116289 ^ _2380_/Y (sky130_fd_sc_hd__xnor2_2)
                                                         _0078_ (net)
                      0.445529    0.000091   17.116381 ^ _2473_/A (sky130_fd_sc_hd__nand2_2)
     3    0.008510    0.110274    0.111390   17.227770 v _2473_/Y (sky130_fd_sc_hd__nand2_2)
                                                         _0180_ (net)
                      0.110274    0.000012   17.227783 v _2535_/B (sky130_fd_sc_hd__and2b_2)
     1    0.008178    0.050143    0.234134   17.461916 v _2535_/X (sky130_fd_sc_hd__and2b_2)
                                                         _0249_ (net)
                      0.050143    0.000004   17.461920 v _2536_/B (sky130_fd_sc_hd__xnor2_2)
     5    0.027669    0.375926    0.318284   17.780205 ^ _2536_/Y (sky130_fd_sc_hd__xnor2_2)
                                                         _0250_ (net)
                      0.375926    0.000364   17.780569 ^ _2552_/A (sky130_fd_sc_hd__xnor2_2)
     2    0.012433    0.109039    0.155120   17.935690 v _2552_/Y (sky130_fd_sc_hd__xnor2_2)
                                                         _0267_ (net)
                      0.109039    0.000025   17.935715 v _2580_/B (sky130_fd_sc_hd__xor2_2)
     2    0.010560    0.093092    0.181881   18.117596 v _2580_/X (sky130_fd_sc_hd__xor2_2)
                                                         _0298_ (net)
                      0.093092    0.000011   18.117605 v _2581_/A2 (sky130_fd_sc_hd__a21o_2)
     2    0.010866    0.053988    0.250109   18.367716 v _2581_/X (sky130_fd_sc_hd__a21o_2)
                                                         _0299_ (net)
                      0.053988    0.000030   18.367744 v _2582_/A2 (sky130_fd_sc_hd__a21o_2)
     2    0.014208    0.060487    0.243890   18.611635 v _2582_/X (sky130_fd_sc_hd__a21o_2)
                                                         _0300_ (net)
                      0.060488    0.000282   18.611917 v _2585_/A1 (sky130_fd_sc_hd__a21o_2)
     2    0.011421    0.055662    0.216351   18.828270 v _2585_/X (sky130_fd_sc_hd__a21o_2)
                                                         _0304_ (net)
                      0.055662    0.000034   18.828302 v _2588_/A1 (sky130_fd_sc_hd__a21o_2)
     2    0.010510    0.053098    0.211477   19.039780 v _2588_/X (sky130_fd_sc_hd__a21o_2)
                                                         _0307_ (net)
                      0.053098    0.000034   19.039814 v _2589_/B (sky130_fd_sc_hd__and2b_2)
     2    0.007733    0.047482    0.206308   19.246122 v _2589_/X (sky130_fd_sc_hd__and2b_2)
                                                         _0308_ (net)
                      0.047482    0.000069   19.246191 v _2590_/A2 (sky130_fd_sc_hd__o21a_2)
     5    0.014692    0.060769    0.225178   19.471369 v _2590_/X (sky130_fd_sc_hd__o21a_2)
                                                         _0309_ (net)
                      0.060769    0.000087   19.471457 v _2594_/A2 (sky130_fd_sc_hd__o311ai_2)
     4    0.015668    0.411094    0.400915   19.872372 ^ _2594_/Y (sky130_fd_sc_hd__o311ai_2)
                                                         _0314_ (net)
                      0.411094    0.000080   19.872452 ^ _2596_/A2 (sky130_fd_sc_hd__a31o_2)
     2    0.004360    0.050745    0.229038   20.101488 ^ _2596_/X (sky130_fd_sc_hd__a31o_2)
                                                         _0316_ (net)
                      0.050745    0.000004   20.101492 ^ _2598_/A2 (sky130_fd_sc_hd__a21o_2)
    16    0.062889    0.311349    0.320112   20.421604 ^ _2598_/X (sky130_fd_sc_hd__a21o_2)
                                                         _0318_ (net)
                      0.311366    0.001902   20.423508 ^ _2615_/B1_N (sky130_fd_sc_hd__o21ba_2)
     3    0.008270    0.049241    0.225020   20.648527 v _2615_/X (sky130_fd_sc_hd__o21ba_2)
                                                         _0337_ (net)
                      0.049241    0.000018   20.648544 v _2619_/A2 (sky130_fd_sc_hd__a31o_2)
     3    0.011867    0.058437    0.258288   20.906832 v _2619_/X (sky130_fd_sc_hd__a31o_2)
                                                         _0341_ (net)
                      0.058437    0.000055   20.906887 v _2621_/A1 (sky130_fd_sc_hd__a21oi_2)
     3    0.008899    0.145395    0.161828   21.068716 ^ _2621_/Y (sky130_fd_sc_hd__a21oi_2)
                                                         _0343_ (net)
                      0.145395    0.000046   21.068762 ^ _2633_/B_N (sky130_fd_sc_hd__and4bb_2)
     6    0.027865    0.098521    0.326523   21.395285 v _2633_/X (sky130_fd_sc_hd__and4bb_2)
                                                         _0356_ (net)
                      0.098523    0.000565   21.395849 v _2640_/C (sky130_fd_sc_hd__and4_2)
     2    0.004305    0.045247    0.245930   21.641779 v _2640_/X (sky130_fd_sc_hd__and4_2)
                                                         _0364_ (net)
                      0.045247    0.000009   21.641788 v _2648_/A2 (sky130_fd_sc_hd__o31a_2)
     1    0.002845    0.051048    0.314044   21.955832 v _2648_/X (sky130_fd_sc_hd__o31a_2)
                                                         _0373_ (net)
                      0.051048    0.000007   21.955839 v _2659_/C1 (sky130_fd_sc_hd__a2111o_2)
     1    0.001509    0.055296    0.381641   22.337481 v _2659_/X (sky130_fd_sc_hd__a2111o_2)
                                                         _0385_ (net)
                      0.055296    0.000002   22.337482 v _2672_/A (sky130_fd_sc_hd__or4b_2)
     8    0.031568    0.200590    0.811948   23.149429 v _2672_/X (sky130_fd_sc_hd__or4b_2)
                                                         _0399_ (net)
                      0.200591    0.000702   23.150131 v _2683_/A1 (sky130_fd_sc_hd__o31a_2)
     1    0.009337    0.066969    0.419375   23.569506 v _2683_/X (sky130_fd_sc_hd__o31a_2)
                                                         _0410_ (net)
                      0.066969    0.000055   23.569561 v _2684_/B (sky130_fd_sc_hd__xor2_2)
     1    0.033846    0.433272    0.365011   23.934572 ^ _2684_/X (sky130_fd_sc_hd__xor2_2)
                                                         uo_out[1] (net)
                      0.433272    0.000059   23.934631 ^ uo_out[1] (out)
                                             23.934631   data arrival time

                                 50.000000   50.000000   clock clk (rise edge)
                                  0.000000   50.000000   clock network delay (propagated)
                                 -0.250000   49.749996   clock uncertainty
                                  0.000000   49.749996   clock reconvergence pessimism
                                -10.000000   39.749996   output external delay
                                             39.749996   data required time
---------------------------------------------------------------------------------------------
                                             39.749996   data required time
                                            -23.934631   data arrival time
---------------------------------------------------------------------------------------------
                                             15.815366   slack (MET)




===========================================================================
report_checks --slack_max -0.01
============================================================================
======================= nom_tt_025C_1v80 Corner ===================================

No paths found.


===========================================================================
 report_check_types -max_slew -max_cap -max_fanout -violators
============================================================================
======================= nom_tt_025C_1v80 Corner ===================================

max fanout

Pin                                   Limit Fanout  Slack
---------------------------------------------------------
_1387_/Y                                 10     29    -19 (VIOLATED)
_2763_/Q                                 10     22    -12 (VIOLATED)
_1403_/X                                 10     19     -9 (VIOLATED)
_1445_/X                                 10     19     -9 (VIOLATED)
clk                                      10     16     -6 (VIOLATED)
rst_n                                    10     16     -6 (VIOLATED)
_2466_/Y                                 10     16     -6 (VIOLATED)
_2598_/X                                 10     16     -6 (VIOLATED)
_1411_/X                                 10     14     -4 (VIOLATED)
_2762_/Q                                 10     14     -4 (VIOLATED)
_1490_/Y                                 10     13     -3 (VIOLATED)
_1491_/X                                 10     13     -3 (VIOLATED)
ui_in[0]                                 10     12     -2 (VIOLATED)
ui_in[1]                                 10     12     -2 (VIOLATED)
_1452_/Y                                 10     12     -2 (VIOLATED)
_1456_/Y                                 10     12     -2 (VIOLATED)
_1733_/Y                                 10     12     -2 (VIOLATED)
_2468_/X                                 10     12     -2 (VIOLATED)
_1420_/X                                 10     11        (VIOLATED)
_1495_/Y                                 10     11        (VIOLATED)
_2766_/Q                                 10     11        (VIOLATED)
_2771_/Q                                 10     11        (VIOLATED)
_2773_/Q                                 10     11        (VIOLATED)



===========================================================================
report_parasitic_annotation -report_unannotated
============================================================================
Found 21 unannotated drivers.
 ui_in[4]
 ui_in[5]
 ui_in[6]
 ui_in[7]
 uio_in[0]
 _2778_/HI
 _2779_/HI
 _2780_/HI
 _2781_/HI
 _2782_/HI
 _2783_/HI
 _2784_/HI
 _2785_/HI
 _2786_/HI
 _2787_/HI
 _2788_/HI
 _2789_/HI
 _2790_/HI
 _2791_/HI
 _2792_/HI
 _2793_/HI
Found 0 partially unannotated drivers.

===========================================================================
max slew violation count 0
Writing metric design__max_slew_violation__count__corner:nom_tt_025C_1v80: 0
max fanout violation count 23
Writing metric design__max_fanout_violation__count__corner:nom_tt_025C_1v80: 23
max cap violation count 0
Writing metric design__max_cap_violation__count__corner:nom_tt_025C_1v80: 0
============================================================================

===========================================================================
check_setup -verbose -unconstrained_endpoints -multiple_clock -no_clock -no_input_delay -loops -generated_clocks
===========================================================================
Warning: There are 16 unconstrained endpoints.
  uio_oe[0]
  uio_oe[1]
  uio_oe[2]
  uio_oe[3]
  uio_oe[4]
  uio_oe[5]
  uio_oe[6]
  uio_oe[7]
  uio_out[0]
  uio_out[1]
  uio_out[2]
  uio_out[3]
  uio_out[4]
  uio_out[5]
  uio_out[6]
  uio_out[7]
