Clock: clk
Sources: clk 
Generated: no
Virtual: yes
Propagated: no
Period: 50.000000

===========================================================================
report_clock_properties
============================================================================
Clock                   Period          Waveform
----------------------------------------------------
clk                  50.000000    0.000000 25.000000

===========================================================================
report_clock_latency
============================================================================
Clock clk
rise -> rise
    min     max
0.000000 0.000000 source latency
0.138580         network latency _2769_/CLK
        0.139689 network latency _2770_/CLK
---------------
0.138580 0.139689 latency
        0.001109 skew

fall -> fall
    min     max
0.000000 0.000000 source latency
0.065405         network latency _2769_/CLK
        0.066452 network latency _2770_/CLK
---------------
0.065405 0.066452 latency
        0.001046 skew



===========================================================================
report_clock_min_period
============================================================================
clk period_min = 3.04 fmax = 329.46
